#
# There is insufficient memory for the Java Runtime Environment to continue.
# Native memory allocation (malloc) failed to allocate 1425616 bytes for Chunk::new
# Possible reasons:
#   The system is out of physical RAM or swap space
#   The process is running with CompressedOops enabled, and the Java Heap may be blocking the growth of the native heap
# Possible solutions:
#   Reduce memory load on the system
#   Increase physical memory or swap space
#   Check if swap backing store is full
#   Decrease Java heap size (-Xmx/-Xms)
#   Decrease number of Java threads
#   Decrease Java thread stack sizes (-Xss)
#   Set larger code cache with -XX:ReservedCodeCacheSize=
#   JVM is running with Unscaled Compressed Oops mode in which the Java heap is
#     placed in the first 4GB address space. The Java Heap base address is the
#     maximum limit for the native heap growth. Please use -XX:HeapBaseMinAddress
#     to set the Java Heap base and to place the Java Heap above 4GB virtual address.
# This output file may be truncated or incomplete.
#
#  Out of Memory Error (./open/src/hotspot/share/memory/arena.cpp:197), pid=9752, tid=19468
#
# JRE version: Java(TM) SE Runtime Environment 18.9 (11.0.12+8) (build 11.0.12+8-LTS-237)
# Java VM: Java HotSpot(TM) 64-Bit Server VM 18.9 (11.0.12+8-LTS-237, mixed mode, tiered, compressed oops, g1 gc, windows-amd64)
# No core dump will be written. Minidumps are not enabled by default on client versions of Windows
#

---------------  S U M M A R Y ------------

Command Line: --add-opens=java.base/java.util=ALL-UNNAMED --add-opens=java.base/java.lang=ALL-UNNAMED --add-opens=java.base/java.lang.invoke=ALL-UNNAMED --add-opens=java.base/java.util=ALL-UNNAMED --add-opens=java.prefs/java.util.prefs=ALL-UNNAMED --add-opens=java.prefs/java.util.prefs=ALL-UNNAMED --add-opens=java.base/java.nio.charset=ALL-UNNAMED --add-opens=java.base/java.net=ALL-UNNAMED --add-opens=java.base/java.util.concurrent.atomic=ALL-UNNAMED -Xmx1536m -Dfile.encoding=windows-1252 -Duser.country=IN -Duser.language=en -Duser.variant org.gradle.launcher.daemon.bootstrap.GradleDaemon 7.0.2

Host: Intel(R) Core(TM) i5-10300H CPU @ 2.50GHz, 8 cores, 7G,  Windows 10 , 64 bit Build 19041 (10.0.19041.1320)
Time: Wed Nov 10 11:09:04 2021 India Standard Time elapsed time: 442.803016 seconds (0d 0h 7m 22s)

---------------  T H R E A D  ---------------

Current thread (0x0000021f75cd5800):  JavaThread "C2 CompilerThread2" daemon [_thread_in_native, id=19468, stack(0x000000ec2c400000,0x000000ec2c500000)]


Current CompileTask:
C2: 442803 24567       4       com.android.tools.r8.graph.a0::a (66 bytes)

Stack: [0x000000ec2c400000,0x000000ec2c500000]
Native frames: (J=compiled Java code, j=interpreted, Vv=VM code, C=native code)
V  [jvm.dll+0x617d9a]
V  [jvm.dll+0x74eeef]
V  [jvm.dll+0x750599]
V  [jvm.dll+0x750c23]
V  [jvm.dll+0x2438d8]
V  [jvm.dll+0xba6dc]
V  [jvm.dll+0xbac9c]
V  [jvm.dll+0x346972]
V  [jvm.dll+0x193e79]
V  [jvm.dll+0x1fd212]
V  [jvm.dll+0x1fc2ed]
V  [jvm.dll+0x17f18c]
V  [jvm.dll+0x20b87c]
V  [jvm.dll+0x20997b]
V  [jvm.dll+0x716359]
V  [jvm.dll+0x70f064]
V  [jvm.dll+0x616f66]
C  [ucrtbase.dll+0x21bb2]
C  [KERNEL32.DLL+0x17034]
C  [ntdll.dll+0x52651]


---------------  P R O C E S S  ---------------

Threads class SMR info:
_java_thread_list=0x0000021f00a585e0, length=82, elements={
0x0000021f56a6c800, 0x0000021f745b1800, 0x0000021f745bb000, 0x0000021f745cd800,
0x0000021f745ce800, 0x0000021f745cf800, 0x0000021f745d9800, 0x0000021f745df000,
0x0000021f745e0000, 0x0000021f7509d000, 0x0000021f7640c800, 0x0000021f76ec7000,
0x0000021f77ab9800, 0x0000021f77a06800, 0x0000021f77a07000, 0x0000021f77a08000,
0x0000021f77a09800, 0x0000021f77a04000, 0x0000021f77a0a800, 0x0000021f77a04800,
0x0000021f77a05800, 0x0000021f774b3000, 0x0000021f774b6800, 0x0000021f774b7000,
0x0000021f774b4800, 0x0000021f774b5800, 0x0000021f774b4000, 0x0000021f7c16d800,
0x0000021f7c173800, 0x0000021f7c16d000, 0x0000021f7c172800, 0x0000021f7c174000,
0x0000021f7c170000, 0x0000021f7c171000, 0x0000021f7c16e800, 0x0000021f7c179000,
0x0000021f7c17a800, 0x0000021f7c175000, 0x0000021f7c17b800, 0x0000021f7c178000,
0x0000021f7c176800, 0x0000021f003a3800, 0x0000021f7c177800, 0x0000021f7c175800,
0x0000021f774b8000, 0x0000021f774b8800, 0x0000021f774b9800, 0x0000021f77a08800,
0x0000021f7a914000, 0x0000021f7a914800, 0x0000021f7a910800, 0x0000021f75cd5800,
0x0000021f7a911800, 0x0000021f7a912000, 0x0000021f7a90f000, 0x0000021f7a913000,
0x0000021f7a915800, 0x0000021f7a90f800, 0x0000021f7a916000, 0x0000021f7a918800,
0x0000021f7a919800, 0x0000021f7a91c000, 0x0000021f7a918000, 0x0000021f7a917000,
0x0000021f00731000, 0x0000021f00730800, 0x0000021f0072b800, 0x0000021f00725800,
0x0000021f00728000, 0x0000021f0072a000, 0x0000021f00729000, 0x0000021f00726800,
0x0000021f0072a800, 0x0000021f00725000, 0x0000021f0072c000, 0x0000021f0072d000,
0x0000021f00727800, 0x0000021f00732000, 0x0000021f0072f800, 0x0000021f00733800,
0x0000021f00732800, 0x0000021f0072e800
}

Java Threads: ( => current thread )
  0x0000021f56a6c800 JavaThread "main" [_thread_blocked, id=15976, stack(0x000000ec28600000,0x000000ec28700000)]
  0x0000021f745b1800 JavaThread "Reference Handler" daemon [_thread_blocked, id=18912, stack(0x000000ec28d00000,0x000000ec28e00000)]
  0x0000021f745bb000 JavaThread "Finalizer" daemon [_thread_blocked, id=18960, stack(0x000000ec28e00000,0x000000ec28f00000)]
  0x0000021f745cd800 JavaThread "Signal Dispatcher" daemon [_thread_blocked, id=20452, stack(0x000000ec28f00000,0x000000ec29000000)]
  0x0000021f745ce800 JavaThread "Attach Listener" daemon [_thread_blocked, id=7464, stack(0x000000ec29000000,0x000000ec29100000)]
  0x0000021f745cf800 JavaThread "Service Thread" daemon [_thread_blocked, id=14088, stack(0x000000ec29100000,0x000000ec29200000)]
  0x0000021f745d9800 JavaThread "C2 CompilerThread0" daemon [_thread_in_native, id=10776, stack(0x000000ec29200000,0x000000ec29300000)]
  0x0000021f745df000 JavaThread "C1 CompilerThread0" daemon [_thread_blocked, id=12632, stack(0x000000ec29300000,0x000000ec29400000)]
  0x0000021f745e0000 JavaThread "Sweeper thread" daemon [_thread_blocked, id=8772, stack(0x000000ec29400000,0x000000ec29500000)]
  0x0000021f7509d000 JavaThread "Common-Cleaner" daemon [_thread_blocked, id=14076, stack(0x000000ec29500000,0x000000ec29600000)]
  0x0000021f7640c800 JavaThread "Daemon health stats" [_thread_blocked, id=1368, stack(0x000000ec29b00000,0x000000ec29c00000)]
  0x0000021f76ec7000 JavaThread "Incoming local TCP Connector on port 53816" [_thread_in_native, id=20336, stack(0x000000ec29c00000,0x000000ec29d00000)]
  0x0000021f77ab9800 JavaThread "Daemon periodic checks" [_thread_blocked, id=3692, stack(0x000000ec29d00000,0x000000ec29e00000)]
  0x0000021f77a06800 JavaThread "Cache worker for file hash cache (C:\Users\devan\.gradle\caches\7.0.2\fileHashes)" [_thread_blocked, id=17436, stack(0x000000ec2aa00000,0x000000ec2ab00000)]
  0x0000021f77a07000 JavaThread "File lock request listener" [_thread_in_native, id=19832, stack(0x000000ec2ab00000,0x000000ec2ac00000)]
  0x0000021f77a08000 JavaThread "Cache worker for journal cache (C:\Users\devan\.gradle\caches\journal-1)" [_thread_blocked, id=18964, stack(0x000000ec2ad00000,0x000000ec2ae00000)]
  0x0000021f77a09800 JavaThread "File watcher server" daemon [_thread_in_native, id=18512, stack(0x000000ec2af00000,0x000000ec2b000000)]
  0x0000021f77a04000 JavaThread "File watcher consumer" daemon [_thread_blocked, id=20100, stack(0x000000ec2b000000,0x000000ec2b100000)]
  0x0000021f77a0a800 JavaThread "jar transforms" [_thread_blocked, id=16552, stack(0x000000ec2b100000,0x000000ec2b200000)]
  0x0000021f77a04800 JavaThread "jar transforms Thread 2" [_thread_blocked, id=3596, stack(0x000000ec2b200000,0x000000ec2b300000)]
  0x0000021f77a05800 JavaThread "jar transforms Thread 3" [_thread_blocked, id=8680, stack(0x000000ec2b300000,0x000000ec2b400000)]
  0x0000021f774b3000 JavaThread "jar transforms Thread 4" [_thread_blocked, id=5564, stack(0x000000ec2b400000,0x000000ec2b500000)]
  0x0000021f774b6800 JavaThread "jar transforms Thread 5" [_thread_blocked, id=576, stack(0x000000ec2b500000,0x000000ec2b600000)]
  0x0000021f774b7000 JavaThread "jar transforms Thread 6" [_thread_blocked, id=15588, stack(0x000000ec2b600000,0x000000ec2b700000)]
  0x0000021f774b4800 JavaThread "jar transforms Thread 7" [_thread_blocked, id=16036, stack(0x000000ec2b700000,0x000000ec2b800000)]
  0x0000021f774b5800 JavaThread "jar transforms Thread 8" [_thread_blocked, id=12652, stack(0x000000ec2b800000,0x000000ec2b900000)]
  0x0000021f774b4000 JavaThread "Cache worker for execution history cache (C:\Users\devan\.gradle\caches\7.0.2\executionHistory)" [_thread_blocked, id=3096, stack(0x000000ec2bc00000,0x000000ec2bd00000)]
  0x0000021f7c16d800 JavaThread "Cache worker for file content cache (C:\Users\devan\.gradle\caches\7.0.2\fileContent)" [_thread_blocked, id=20876, stack(0x000000ec2bd00000,0x000000ec2be00000)]
  0x0000021f7c173800 JavaThread "Memory manager" [_thread_blocked, id=892, stack(0x000000ec2c800000,0x000000ec2c900000)]
  0x0000021f7c16d000 JavaThread "Daemon Thread 2" [_thread_blocked, id=13444, stack(0x000000ec28300000,0x000000ec28400000)]
  0x0000021f7c172800 JavaThread "Handler for socket connection from /127.0.0.1:53816 to /127.0.0.1:54308" [_thread_in_native, id=6900, stack(0x000000ec28400000,0x000000ec28500000)]
  0x0000021f7c174000 JavaThread "Cancel handler" [_thread_blocked, id=20196, stack(0x000000ec28500000,0x000000ec28600000)]
  0x0000021f7c170000 JavaThread "Daemon worker Thread 2" [_thread_blocked, id=9040, stack(0x000000ec29700000,0x000000ec29800000)]
  0x0000021f7c171000 JavaThread "Asynchronous log dispatcher for DefaultDaemonConnection: socket connection from /127.0.0.1:53816 to /127.0.0.1:54308" [_thread_blocked, id=20688, stack(0x000000ec29a00000,0x000000ec29b00000)]
  0x0000021f7c16e800 JavaThread "Stdin handler" [_thread_blocked, id=9188, stack(0x000000ec29e00000,0x000000ec29f00000)]
  0x0000021f7c179000 JavaThread "Daemon client event forwarder" [_thread_blocked, id=13764, stack(0x000000ec29f00000,0x000000ec2a000000)]
  0x0000021f7c17a800 JavaThread "Cache worker for file hash cache (C:\Users\devan\Documents\Android project\Medicine Reminder Android App Project\.gradle\7.0.2\fileHashes)" [_thread_blocked, id=8696, stack(0x000000ec2a000000,0x000000ec2a100000)]
  0x0000021f7c175000 JavaThread "Cache worker for checksums cache (C:\Users\devan\Documents\Android project\Medicine Reminder Android App Project\.gradle\checksums)" [_thread_blocked, id=18812, stack(0x000000ec2a100000,0x000000ec2a200000)]
  0x0000021f7c17b800 JavaThread "Cache worker for cache directory md-supplier (C:\Users\devan\.gradle\caches\7.0.2\md-supplier)" [_thread_blocked, id=13688, stack(0x000000ec2a200000,0x000000ec2a300000)]
  0x0000021f7c178000 JavaThread "Cache worker for cache directory md-rule (C:\Users\devan\.gradle\caches\7.0.2\md-rule)" [_thread_blocked, id=9868, stack(0x000000ec2a300000,0x000000ec2a400000)]
  0x0000021f7c176800 JavaThread "Cache worker for dependencies-accessors (C:\Users\devan\Documents\Android project\Medicine Reminder Android App Project\.gradle\7.0.2\dependencies-accessors)" [_thread_blocked, id=6380, stack(0x000000ec2a400000,0x000000ec2a500000)]
  0x0000021f003a3800 JavaThread "C2 CompilerThread1" daemon [_thread_in_native, id=16348, stack(0x000000ec2ae00000,0x000000ec2af00000)]
  0x0000021f7c177800 JavaThread "Cache worker for Build Output Cleanup Cache (C:\Users\devan\Documents\Android project\Medicine Reminder Android App Project\.gradle\buildOutputCleanup)" [_thread_blocked, id=12356, stack(0x000000ec2b900000,0x000000ec2ba00000)]
  0x0000021f7c175800 JavaThread "Build operations" [_thread_blocked, id=21496, stack(0x000000ec2ba00000,0x000000ec2bb00000)]
  0x0000021f774b8000 JavaThread "Build operations Thread 2" [_thread_blocked, id=7356, stack(0x000000ec2bb00000,0x000000ec2bc00000)]
  0x0000021f774b8800 JavaThread "Build operations Thread 3" [_thread_blocked, id=1936, stack(0x000000ec2be00000,0x000000ec2bf00000)]
  0x0000021f774b9800 JavaThread "Build operations Thread 4" [_thread_blocked, id=12956, stack(0x000000ec2bf00000,0x000000ec2c000000)]
  0x0000021f77a08800 JavaThread "Build operations Thread 5" [_thread_blocked, id=20040, stack(0x000000ec2c000000,0x000000ec2c100000)]
  0x0000021f7a914000 JavaThread "Build operations Thread 6" [_thread_blocked, id=5148, stack(0x000000ec2c100000,0x000000ec2c200000)]
  0x0000021f7a914800 JavaThread "Build operations Thread 7" [_thread_blocked, id=17868, stack(0x000000ec2c200000,0x000000ec2c300000)]
  0x0000021f7a910800 JavaThread "Build operations Thread 8" [_thread_blocked, id=17956, stack(0x000000ec2c300000,0x000000ec2c400000)]
=>0x0000021f75cd5800 JavaThread "C2 CompilerThread2" daemon [_thread_in_native, id=19468, stack(0x000000ec2c400000,0x000000ec2c500000)]
  0x0000021f7a911800 JavaThread "build event listener" [_thread_blocked, id=3832, stack(0x000000ec2c500000,0x000000ec2c600000)]
  0x0000021f7a912000 JavaThread "Execution worker for ':'" [_thread_blocked, id=19876, stack(0x000000ec2c600000,0x000000ec2c700000)]
  0x0000021f7a90f000 JavaThread "Execution worker for ':' Thread 2" [_thread_blocked, id=15096, stack(0x000000ec2c700000,0x000000ec2c800000)]
  0x0000021f7a913000 JavaThread "Execution worker for ':' Thread 3" [_thread_blocked, id=1876, stack(0x000000ec2c900000,0x000000ec2ca00000)]
  0x0000021f7a915800 JavaThread "Execution worker for ':' Thread 4" [_thread_blocked, id=7388, stack(0x000000ec2ca00000,0x000000ec2cb00000)]
  0x0000021f7a90f800 JavaThread "Execution worker for ':' Thread 5" [_thread_blocked, id=18424, stack(0x000000ec2cb00000,0x000000ec2cc00000)]
  0x0000021f7a916000 JavaThread "Execution worker for ':' Thread 6" [_thread_blocked, id=16160, stack(0x000000ec2cc00000,0x000000ec2cd00000)]
  0x0000021f7a918800 JavaThread "Execution worker for ':' Thread 7" [_thread_blocked, id=16856, stack(0x000000ec2cd00000,0x000000ec2ce00000)]
  0x0000021f7a919800 JavaThread "Cache worker for execution history cache (C:\Users\devan\Documents\Android project\Medicine Reminder Android App Project\.gradle\7.0.2\executionHistory)" [_thread_blocked, id=14996, stack(0x000000ec2ce00000,0x000000ec2cf00000)]
  0x0000021f7a91c000 JavaThread "WorkerExecutor Queue Thread 3" [_thread_blocked, id=3776, stack(0x000000ec2d100000,0x000000ec2d200000)]
  0x0000021f7a918000 JavaThread "WorkerExecutor Queue Thread 5" [_thread_blocked, id=17896, stack(0x000000ec2d300000,0x000000ec2d400000)]
  0x0000021f7a917000 JavaThread "WorkerExecutor Queue Thread 6" [_thread_blocked, id=10672, stack(0x000000ec2d400000,0x000000ec2d500000)]
  0x0000021f00731000 JavaThread "pool-4-thread-1" [_thread_blocked, id=11464, stack(0x000000ec2e000000,0x000000ec2e100000)]
  0x0000021f00730800 JavaThread "stderr" [_thread_in_native, id=9784, stack(0x000000ec2e100000,0x000000ec2e200000)]
  0x0000021f0072b800 JavaThread "stdout" [_thread_in_native, id=11104, stack(0x000000ec2e200000,0x000000ec2e300000)]
  0x0000021f00725800 JavaThread "Cache worker for Java compile cache (C:\Users\devan\.gradle\caches\7.0.2\javaCompile)" [_thread_blocked, id=15716, stack(0x000000ec2cf00000,0x000000ec2d000000)]
  0x0000021f00728000 JavaThread "Cache worker for Java compile cache (C:\Users\devan\Documents\Android project\Medicine Reminder Android App Project\.gradle\7.0.2\javaCompile)" [_thread_blocked, id=8080, stack(0x000000ec2d000000,0x000000ec2d100000)]
  0x0000021f0072a000 JavaThread "WorkerExecutor Queue Thread 9" [_thread_blocked, id=20416, stack(0x000000ec2d200000,0x000000ec2d300000)]
  0x0000021f00729000 JavaThread "WorkerExecutor Queue Thread 10" [_thread_blocked, id=9164, stack(0x000000ec2d500000,0x000000ec2d600000)]
  0x0000021f00726800 JavaThread "WorkerExecutor Queue Thread 11" [_thread_blocked, id=5736, stack(0x000000ec2d600000,0x000000ec2d700000)]
  0x0000021f0072a800 JavaThread "WorkerExecutor Queue Thread 12" [_thread_blocked, id=756, stack(0x000000ec2d800000,0x000000ec2d900000)]
  0x0000021f00725000 JavaThread "WorkerExecutor Queue Thread 13" [_thread_blocked, id=4640, stack(0x000000ec2d900000,0x000000ec2da00000)]
  0x0000021f0072c000 JavaThread "ForkJoinPool-3-worker-3" daemon [_thread_blocked, id=12012, stack(0x000000ec2da00000,0x000000ec2db00000)]
  0x0000021f0072d000 JavaThread "ForkJoinPool-3-worker-5" daemon [_thread_blocked, id=14424, stack(0x000000ec2db00000,0x000000ec2dc00000)]
  0x0000021f00727800 JavaThread "ForkJoinPool-3-worker-7" daemon [_thread_blocked, id=10348, stack(0x000000ec2dc00000,0x000000ec2dd00000)]
  0x0000021f00732000 JavaThread "ForkJoinPool-3-worker-9" daemon [_thread_blocked, id=16800, stack(0x000000ec2dd00000,0x000000ec2de00000)]
  0x0000021f0072f800 JavaThread "ForkJoinPool-3-worker-11" daemon [_thread_blocked, id=5852, stack(0x000000ec2de00000,0x000000ec2df00000)]
  0x0000021f00733800 JavaThread "ForkJoinPool-3-worker-13" daemon [_thread_blocked, id=10020, stack(0x000000ec2df00000,0x000000ec2e000000)]
  0x0000021f00732800 JavaThread "ForkJoinPool-3-worker-15" daemon [_thread_blocked, id=6912, stack(0x000000ec2e300000,0x000000ec2e400000)]
  0x0000021f0072e800 JavaThread "ForkJoinPool-3-worker-1" daemon [_thread_in_Java, id=15796, stack(0x000000ec2e400000,0x000000ec2e500000)]

Other Threads:
  0x0000021f745ad800 VMThread "VM Thread" [stack: 0x000000ec28c00000,0x000000ec28d00000] [id=13628]
  0x0000021f750e5800 WatcherThread [stack: 0x000000ec29600000,0x000000ec29700000] [id=20472]
  0x0000021f5492a000 GCTaskThread "GC Thread#0" [stack: 0x000000ec28700000,0x000000ec28800000] [id=18884]
  0x0000021f753b6800 GCTaskThread "GC Thread#1" [stack: 0x000000ec29800000,0x000000ec29900000] [id=8240]
  0x0000021f7560f800 GCTaskThread "GC Thread#2" [stack: 0x000000ec29900000,0x000000ec29a00000] [id=8004]
  0x0000021f774e5000 GCTaskThread "GC Thread#3" [stack: 0x000000ec2a500000,0x000000ec2a600000] [id=19492]
  0x0000021f77581000 GCTaskThread "GC Thread#4" [stack: 0x000000ec2a600000,0x000000ec2a700000] [id=9508]
  0x0000021f77581800 GCTaskThread "GC Thread#5" [stack: 0x000000ec2a700000,0x000000ec2a800000] [id=2172]
  0x0000021f77149800 GCTaskThread "GC Thread#6" [stack: 0x000000ec2a800000,0x000000ec2a900000] [id=1704]
  0x0000021f7714a000 GCTaskThread "GC Thread#7" [stack: 0x000000ec2a900000,0x000000ec2aa00000] [id=9544]
  0x0000021f56aa5800 ConcurrentGCThread "G1 Main Marker" [stack: 0x000000ec28800000,0x000000ec28900000] [id=1960]
  0x0000021f56aa6800 ConcurrentGCThread "G1 Conc#0" [stack: 0x000000ec28900000,0x000000ec28a00000] [id=17732]
  0x0000021f77c97800 ConcurrentGCThread "G1 Conc#1" [stack: 0x000000ec2ac00000,0x000000ec2ad00000] [id=13840]
  0x0000021f56b46800 ConcurrentGCThread "G1 Refine#0" [stack: 0x000000ec28a00000,0x000000ec28b00000] [id=2896]
  0x0000021f56b47800 ConcurrentGCThread "G1 Young RemSet Sampling" [stack: 0x000000ec28b00000,0x000000ec28c00000] [id=14104]

Threads with active compile tasks:
C2 CompilerThread0 442824 24620       4       com.android.tools.r8.internal.dk::b (156 bytes)
C2 CompilerThread1 442825 23950 %     4       com.android.tools.r8.dex.j::a @ 315 (1038 bytes)
C2 CompilerThread2 442825 24567       4       com.android.tools.r8.graph.a0::a (66 bytes)

VM state:not at safepoint (normal execution)

VM Mutex/Monitor currently owned by a thread: None

Heap address: 0x00000000a0000000, size: 1536 MB, Compressed Oops mode: 32-bit
Narrow klass base: 0x0000000000000000, Narrow klass shift: 3
Compressed class space size: 1073741824 Address: 0x0000000100000000

Heap:
 garbage-first heap   total 435200K, used 330644K [0x00000000a0000000, 0x0000000100000000)
  region size 1024K, 77 young (78848K), 14 survivors (14336K)
 Metaspace       used 142936K, capacity 147551K, committed 147660K, reserved 1177600K
  class space    used 17932K, capacity 19635K, committed 19712K, reserved 1048576K
Heap Regions: E=young(eden), S=young(survivor), O=old, HS=humongous(starts), HC=humongous(continues), CS=collection set, F=free, A=archive, TAMS=top-at-mark-start (previous, next)
|   0|0x00000000a0000000, 0x00000000a0100000, 0x00000000a0100000|100%| O|  |TAMS 0x00000000a0100000, 0x00000000a0000000| Untracked 
|   1|0x00000000a0100000, 0x00000000a0200000, 0x00000000a0200000|100%| O|  |TAMS 0x00000000a0200000, 0x00000000a0100000| Untracked 
|   2|0x00000000a0200000, 0x00000000a0300000, 0x00000000a0300000|100%| O|  |TAMS 0x00000000a0300000, 0x00000000a0200000| Untracked 
|   3|0x00000000a0300000, 0x00000000a0400000, 0x00000000a0400000|100%|HS|  |TAMS 0x00000000a0400000, 0x00000000a0300000| Complete 
|   4|0x00000000a0400000, 0x00000000a0500000, 0x00000000a0500000|100%|HC|  |TAMS 0x00000000a0500000, 0x00000000a0400000| Complete 
|   5|0x00000000a0500000, 0x00000000a0600000, 0x00000000a0600000|100%|HC|  |TAMS 0x00000000a0600000, 0x00000000a0500000| Complete 
|   6|0x00000000a0600000, 0x00000000a0700000, 0x00000000a0700000|100%| O|  |TAMS 0x00000000a0700000, 0x00000000a0600000| Untracked 
|   7|0x00000000a0700000, 0x00000000a0800000, 0x00000000a0800000|100%| O|  |TAMS 0x00000000a0800000, 0x00000000a0700000| Untracked 
|   8|0x00000000a0800000, 0x00000000a0900000, 0x00000000a0900000|100%| O|  |TAMS 0x00000000a0900000, 0x00000000a0800000| Untracked 
|   9|0x00000000a0900000, 0x00000000a0a00000, 0x00000000a0a00000|100%| O|  |TAMS 0x00000000a0a00000, 0x00000000a0900000| Untracked 
|  10|0x00000000a0a00000, 0x00000000a0b00000, 0x00000000a0b00000|100%| O|  |TAMS 0x00000000a0b00000, 0x00000000a0a00000| Untracked 
|  11|0x00000000a0b00000, 0x00000000a0c00000, 0x00000000a0c00000|100%| O|  |TAMS 0x00000000a0c00000, 0x00000000a0b00000| Untracked 
|  12|0x00000000a0c00000, 0x00000000a0d00000, 0x00000000a0d00000|100%| O|  |TAMS 0x00000000a0d00000, 0x00000000a0c00000| Untracked 
|  13|0x00000000a0d00000, 0x00000000a0e00000, 0x00000000a0e00000|100%| O|  |TAMS 0x00000000a0e00000, 0x00000000a0d00000| Untracked 
|  14|0x00000000a0e00000, 0x00000000a0f00000, 0x00000000a0f00000|100%| O|  |TAMS 0x00000000a0f00000, 0x00000000a0e00000| Untracked 
|  15|0x00000000a0f00000, 0x00000000a1000000, 0x00000000a1000000|100%| O|  |TAMS 0x00000000a1000000, 0x00000000a0f00000| Untracked 
|  16|0x00000000a1000000, 0x00000000a1100000, 0x00000000a1100000|100%| O|  |TAMS 0x00000000a1100000, 0x00000000a1000000| Untracked 
|  17|0x00000000a1100000, 0x00000000a1200000, 0x00000000a1200000|100%|HS|  |TAMS 0x00000000a1200000, 0x00000000a1100000| Complete 
|  18|0x00000000a1200000, 0x00000000a1300000, 0x00000000a1300000|100%|HC|  |TAMS 0x00000000a1300000, 0x00000000a1200000| Complete 
|  19|0x00000000a1300000, 0x00000000a1400000, 0x00000000a1400000|100%|HS|  |TAMS 0x00000000a1400000, 0x00000000a1300000| Complete 
|  20|0x00000000a1400000, 0x00000000a1500000, 0x00000000a1500000|100%|HC|  |TAMS 0x00000000a1500000, 0x00000000a1400000| Complete 
|  21|0x00000000a1500000, 0x00000000a1600000, 0x00000000a1600000|100%|HC|  |TAMS 0x00000000a1600000, 0x00000000a1500000| Complete 
|  22|0x00000000a1600000, 0x00000000a1700000, 0x00000000a1700000|100%|HS|  |TAMS 0x00000000a1700000, 0x00000000a1600000| Complete 
|  23|0x00000000a1700000, 0x00000000a1800000, 0x00000000a1800000|100%|HC|  |TAMS 0x00000000a1800000, 0x00000000a1700000| Complete 
|  24|0x00000000a1800000, 0x00000000a1900000, 0x00000000a1900000|100%|HC|  |TAMS 0x00000000a1900000, 0x00000000a1800000| Complete 
|  25|0x00000000a1900000, 0x00000000a1a00000, 0x00000000a1a00000|100%|HC|  |TAMS 0x00000000a1a00000, 0x00000000a1900000| Complete 
|  26|0x00000000a1a00000, 0x00000000a1b00000, 0x00000000a1b00000|100%|HC|  |TAMS 0x00000000a1b00000, 0x00000000a1a00000| Complete 
|  27|0x00000000a1b00000, 0x00000000a1c00000, 0x00000000a1c00000|100%| O|  |TAMS 0x00000000a1c00000, 0x00000000a1b00000| Untracked 
|  28|0x00000000a1c00000, 0x00000000a1d00000, 0x00000000a1d00000|100%| O|  |TAMS 0x00000000a1d00000, 0x00000000a1c00000| Untracked 
|  29|0x00000000a1d00000, 0x00000000a1e00000, 0x00000000a1e00000|100%| O|  |TAMS 0x00000000a1e00000, 0x00000000a1d00000| Untracked 
|  30|0x00000000a1e00000, 0x00000000a1f00000, 0x00000000a1f00000|100%| O|  |TAMS 0x00000000a1f00000, 0x00000000a1e00000| Untracked 
|  31|0x00000000a1f00000, 0x00000000a2000000, 0x00000000a2000000|100%| O|  |TAMS 0x00000000a2000000, 0x00000000a1f00000| Untracked 
|  32|0x00000000a2000000, 0x00000000a2100000, 0x00000000a2100000|100%| O|  |TAMS 0x00000000a2100000, 0x00000000a2000000| Untracked 
|  33|0x00000000a2100000, 0x00000000a2200000, 0x00000000a2200000|100%| O|  |TAMS 0x00000000a2200000, 0x00000000a2100000| Untracked 
|  34|0x00000000a2200000, 0x00000000a2300000, 0x00000000a2300000|100%| O|  |TAMS 0x00000000a2300000, 0x00000000a2200000| Untracked 
|  35|0x00000000a2300000, 0x00000000a2400000, 0x00000000a2400000|100%| O|  |TAMS 0x00000000a2400000, 0x00000000a2300000| Untracked 
|  36|0x00000000a2400000, 0x00000000a2500000, 0x00000000a2500000|100%| O|  |TAMS 0x00000000a2500000, 0x00000000a2400000| Untracked 
|  37|0x00000000a2500000, 0x00000000a2600000, 0x00000000a2600000|100%|HS|  |TAMS 0x00000000a2600000, 0x00000000a2500000| Complete 
|  38|0x00000000a2600000, 0x00000000a2700000, 0x00000000a2700000|100%|HC|  |TAMS 0x00000000a2700000, 0x00000000a2600000| Complete 
|  39|0x00000000a2700000, 0x00000000a2800000, 0x00000000a2800000|100%|HC|  |TAMS 0x00000000a2800000, 0x00000000a2700000| Complete 
|  40|0x00000000a2800000, 0x00000000a2900000, 0x00000000a2900000|100%|HC|  |TAMS 0x00000000a2900000, 0x00000000a2800000| Complete 
|  41|0x00000000a2900000, 0x00000000a2a00000, 0x00000000a2a00000|100%|HC|  |TAMS 0x00000000a2a00000, 0x00000000a2900000| Complete 
|  42|0x00000000a2a00000, 0x00000000a2b00000, 0x00000000a2b00000|100%| O|  |TAMS 0x00000000a2b00000, 0x00000000a2a00000| Untracked 
|  43|0x00000000a2b00000, 0x00000000a2c00000, 0x00000000a2c00000|100%| O|  |TAMS 0x00000000a2c00000, 0x00000000a2b00000| Untracked 
|  44|0x00000000a2c00000, 0x00000000a2d00000, 0x00000000a2d00000|100%|HS|  |TAMS 0x00000000a2d00000, 0x00000000a2c00000| Complete 
|  45|0x00000000a2d00000, 0x00000000a2e00000, 0x00000000a2e00000|100%|HC|  |TAMS 0x00000000a2e00000, 0x00000000a2d00000| Complete 
|  46|0x00000000a2e00000, 0x00000000a2f00000, 0x00000000a2f00000|100%|HC|  |TAMS 0x00000000a2f00000, 0x00000000a2e00000| Complete 
|  47|0x00000000a2f00000, 0x00000000a3000000, 0x00000000a3000000|100%| O|  |TAMS 0x00000000a3000000, 0x00000000a2f00000| Untracked 
|  48|0x00000000a3000000, 0x00000000a3100000, 0x00000000a3100000|100%| O|  |TAMS 0x00000000a3100000, 0x00000000a3000000| Untracked 
|  49|0x00000000a3100000, 0x00000000a3200000, 0x00000000a3200000|100%| O|  |TAMS 0x00000000a3200000, 0x00000000a3100000| Untracked 
|  50|0x00000000a3200000, 0x00000000a3300000, 0x00000000a3300000|100%|HS|  |TAMS 0x00000000a3300000, 0x00000000a3200000| Complete 
|  51|0x00000000a3300000, 0x00000000a3400000, 0x00000000a3400000|100%|HS|  |TAMS 0x00000000a3400000, 0x00000000a3300000| Complete 
|  52|0x00000000a3400000, 0x00000000a3500000, 0x00000000a3500000|100%| O|  |TAMS 0x00000000a3500000, 0x00000000a3400000| Untracked 
|  53|0x00000000a3500000, 0x00000000a3600000, 0x00000000a3600000|100%| O|  |TAMS 0x00000000a3600000, 0x00000000a3500000| Untracked 
|  54|0x00000000a3600000, 0x00000000a3700000, 0x00000000a3700000|100%| O|  |TAMS 0x00000000a3700000, 0x00000000a3600000| Untracked 
|  55|0x00000000a3700000, 0x00000000a3800000, 0x00000000a3800000|100%| O|  |TAMS 0x00000000a3800000, 0x00000000a3700000| Untracked 
|  56|0x00000000a3800000, 0x00000000a3900000, 0x00000000a3900000|100%|HS|  |TAMS 0x00000000a3900000, 0x00000000a3800000| Complete 
|  57|0x00000000a3900000, 0x00000000a3a00000, 0x00000000a3a00000|100%|HC|  |TAMS 0x00000000a3a00000, 0x00000000a3900000| Complete 
|  58|0x00000000a3a00000, 0x00000000a3b00000, 0x00000000a3b00000|100%| O|  |TAMS 0x00000000a3b00000, 0x00000000a3a00000| Untracked 
|  59|0x00000000a3b00000, 0x00000000a3c00000, 0x00000000a3c00000|100%| O|  |TAMS 0x00000000a3c00000, 0x00000000a3b00000| Untracked 
|  60|0x00000000a3c00000, 0x00000000a3d00000, 0x00000000a3d00000|100%| O|  |TAMS 0x00000000a3d00000, 0x00000000a3c00000| Untracked 
|  61|0x00000000a3d00000, 0x00000000a3e00000, 0x00000000a3e00000|100%| O|  |TAMS 0x00000000a3e00000, 0x00000000a3d00000| Untracked 
|  62|0x00000000a3e00000, 0x00000000a3f00000, 0x00000000a3f00000|100%| O|  |TAMS 0x00000000a3f00000, 0x00000000a3e00000| Untracked 
|  63|0x00000000a3f00000, 0x00000000a4000000, 0x00000000a4000000|100%| O|  |TAMS 0x00000000a4000000, 0x00000000a3f00000| Untracked 
|  64|0x00000000a4000000, 0x00000000a4100000, 0x00000000a4100000|100%| O|  |TAMS 0x00000000a4100000, 0x00000000a4000000| Untracked 
|  65|0x00000000a4100000, 0x00000000a4200000, 0x00000000a4200000|100%| O|  |TAMS 0x00000000a4200000, 0x00000000a4100000| Untracked 
|  66|0x00000000a4200000, 0x00000000a4300000, 0x00000000a4300000|100%| O|  |TAMS 0x00000000a4300000, 0x00000000a4200000| Untracked 
|  67|0x00000000a4300000, 0x00000000a4400000, 0x00000000a4400000|100%| O|  |TAMS 0x00000000a4400000, 0x00000000a4300000| Untracked 
|  68|0x00000000a4400000, 0x00000000a4500000, 0x00000000a4500000|100%| O|  |TAMS 0x00000000a4500000, 0x00000000a4400000| Untracked 
|  69|0x00000000a4500000, 0x00000000a4600000, 0x00000000a4600000|100%| O|  |TAMS 0x00000000a4600000, 0x00000000a4500000| Untracked 
|  70|0x00000000a4600000, 0x00000000a4700000, 0x00000000a4700000|100%| O|  |TAMS 0x00000000a4700000, 0x00000000a4600000| Untracked 
|  71|0x00000000a4700000, 0x00000000a4800000, 0x00000000a4800000|100%| O|  |TAMS 0x00000000a4800000, 0x00000000a4700000| Untracked 
|  72|0x00000000a4800000, 0x00000000a4900000, 0x00000000a4900000|100%| O|  |TAMS 0x00000000a4900000, 0x00000000a4800000| Untracked 
|  73|0x00000000a4900000, 0x00000000a4a00000, 0x00000000a4a00000|100%| O|  |TAMS 0x00000000a4a00000, 0x00000000a4900000| Untracked 
|  74|0x00000000a4a00000, 0x00000000a4b00000, 0x00000000a4b00000|100%| O|  |TAMS 0x00000000a4b00000, 0x00000000a4a00000| Untracked 
|  75|0x00000000a4b00000, 0x00000000a4c00000, 0x00000000a4c00000|100%| O|  |TAMS 0x00000000a4c00000, 0x00000000a4b00000| Untracked 
|  76|0x00000000a4c00000, 0x00000000a4d00000, 0x00000000a4d00000|100%| O|  |TAMS 0x00000000a4d00000, 0x00000000a4c00000| Untracked 
|  77|0x00000000a4d00000, 0x00000000a4e00000, 0x00000000a4e00000|100%| O|  |TAMS 0x00000000a4e00000, 0x00000000a4d00000| Untracked 
|  78|0x00000000a4e00000, 0x00000000a4f00000, 0x00000000a4f00000|100%| O|  |TAMS 0x00000000a4f00000, 0x00000000a4e00000| Untracked 
|  79|0x00000000a4f00000, 0x00000000a5000000, 0x00000000a5000000|100%| O|  |TAMS 0x00000000a5000000, 0x00000000a4f00000| Untracked 
|  80|0x00000000a5000000, 0x00000000a5100000, 0x00000000a5100000|100%| O|  |TAMS 0x00000000a5100000, 0x00000000a5000000| Untracked 
|  81|0x00000000a5100000, 0x00000000a5200000, 0x00000000a5200000|100%| O|  |TAMS 0x00000000a5200000, 0x00000000a5100000| Untracked 
|  82|0x00000000a5200000, 0x00000000a5300000, 0x00000000a5300000|100%| O|  |TAMS 0x00000000a5300000, 0x00000000a5200000| Untracked 
|  83|0x00000000a5300000, 0x00000000a5400000, 0x00000000a5400000|100%| O|  |TAMS 0x00000000a5400000, 0x00000000a5300000| Untracked 
|  84|0x00000000a5400000, 0x00000000a5500000, 0x00000000a5500000|100%| O|  |TAMS 0x00000000a5500000, 0x00000000a5400000| Untracked 
|  85|0x00000000a5500000, 0x00000000a5600000, 0x00000000a5600000|100%|HS|  |TAMS 0x00000000a5600000, 0x00000000a5500000| Complete 
|  86|0x00000000a5600000, 0x00000000a5700000, 0x00000000a5700000|100%| O|  |TAMS 0x00000000a5700000, 0x00000000a5600000| Untracked 
|  87|0x00000000a5700000, 0x00000000a5800000, 0x00000000a5800000|100%| O|  |TAMS 0x00000000a5800000, 0x00000000a5700000| Untracked 
|  88|0x00000000a5800000, 0x00000000a5900000, 0x00000000a5900000|100%| O|  |TAMS 0x00000000a5900000, 0x00000000a5800000| Untracked 
|  89|0x00000000a5900000, 0x00000000a5a00000, 0x00000000a5a00000|100%| O|  |TAMS 0x00000000a5a00000, 0x00000000a5900000| Untracked 
|  90|0x00000000a5a00000, 0x00000000a5b00000, 0x00000000a5b00000|100%| O|  |TAMS 0x00000000a5b00000, 0x00000000a5a00000| Untracked 
|  91|0x00000000a5b00000, 0x00000000a5c00000, 0x00000000a5c00000|100%| O|  |TAMS 0x00000000a5c00000, 0x00000000a5b00000| Untracked 
|  92|0x00000000a5c00000, 0x00000000a5d00000, 0x00000000a5d00000|100%| O|  |TAMS 0x00000000a5d00000, 0x00000000a5c00000| Untracked 
|  93|0x00000000a5d00000, 0x00000000a5e00000, 0x00000000a5e00000|100%| O|  |TAMS 0x00000000a5e00000, 0x00000000a5d00000| Untracked 
|  94|0x00000000a5e00000, 0x00000000a5f00000, 0x00000000a5f00000|100%| O|  |TAMS 0x00000000a5f00000, 0x00000000a5e00000| Untracked 
|  95|0x00000000a5f00000, 0x00000000a6000000, 0x00000000a6000000|100%| O|  |TAMS 0x00000000a6000000, 0x00000000a5f00000| Untracked 
|  96|0x00000000a6000000, 0x00000000a6100000, 0x00000000a6100000|100%| O|  |TAMS 0x00000000a6100000, 0x00000000a6000000| Untracked 
|  97|0x00000000a6100000, 0x00000000a6200000, 0x00000000a6200000|100%| O|  |TAMS 0x00000000a6200000, 0x00000000a6100000| Untracked 
|  98|0x00000000a6200000, 0x00000000a6300000, 0x00000000a6300000|100%|HS|  |TAMS 0x00000000a6300000, 0x00000000a6200000| Complete 
|  99|0x00000000a6300000, 0x00000000a6400000, 0x00000000a6400000|100%| O|  |TAMS 0x00000000a6400000, 0x00000000a6300000| Untracked 
| 100|0x00000000a6400000, 0x00000000a6500000, 0x00000000a6500000|100%| O|  |TAMS 0x00000000a6500000, 0x00000000a6400000| Untracked 
| 101|0x00000000a6500000, 0x00000000a6600000, 0x00000000a6600000|100%| O|  |TAMS 0x00000000a6600000, 0x00000000a6500000| Untracked 
| 102|0x00000000a6600000, 0x00000000a6700000, 0x00000000a6700000|100%| O|  |TAMS 0x00000000a6700000, 0x00000000a6600000| Untracked 
| 103|0x00000000a6700000, 0x00000000a6800000, 0x00000000a6800000|100%| O|  |TAMS 0x00000000a6800000, 0x00000000a6700000| Untracked 
| 104|0x00000000a6800000, 0x00000000a6900000, 0x00000000a6900000|100%| O|  |TAMS 0x00000000a6900000, 0x00000000a6800000| Untracked 
| 105|0x00000000a6900000, 0x00000000a6a00000, 0x00000000a6a00000|100%| O|  |TAMS 0x00000000a6a00000, 0x00000000a6900000| Untracked 
| 106|0x00000000a6a00000, 0x00000000a6b00000, 0x00000000a6b00000|100%| O|  |TAMS 0x00000000a6b00000, 0x00000000a6a00000| Untracked 
| 107|0x00000000a6b00000, 0x00000000a6c00000, 0x00000000a6c00000|100%| O|  |TAMS 0x00000000a6c00000, 0x00000000a6b00000| Untracked 
| 108|0x00000000a6c00000, 0x00000000a6d00000, 0x00000000a6d00000|100%| O|  |TAMS 0x00000000a6d00000, 0x00000000a6c00000| Untracked 
| 109|0x00000000a6d00000, 0x00000000a6e00000, 0x00000000a6e00000|100%| O|  |TAMS 0x00000000a6e00000, 0x00000000a6d00000| Untracked 
| 110|0x00000000a6e00000, 0x00000000a6f00000, 0x00000000a6f00000|100%| O|  |TAMS 0x00000000a6f00000, 0x00000000a6e00000| Untracked 
| 111|0x00000000a6f00000, 0x00000000a7000000, 0x00000000a7000000|100%| O|  |TAMS 0x00000000a7000000, 0x00000000a6f00000| Untracked 
| 112|0x00000000a7000000, 0x00000000a7100000, 0x00000000a7100000|100%|HS|  |TAMS 0x00000000a7100000, 0x00000000a7000000| Complete 
| 113|0x00000000a7100000, 0x00000000a7200000, 0x00000000a7200000|100%| O|  |TAMS 0x00000000a7200000, 0x00000000a7100000| Untracked 
| 114|0x00000000a7200000, 0x00000000a7300000, 0x00000000a7300000|100%| O|  |TAMS 0x00000000a7300000, 0x00000000a7200000| Untracked 
| 115|0x00000000a7300000, 0x00000000a7400000, 0x00000000a7400000|100%|HS|  |TAMS 0x00000000a7300000, 0x00000000a7300000| Complete 
| 116|0x00000000a7400000, 0x00000000a7500000, 0x00000000a7500000|100%| O|  |TAMS 0x00000000a7500000, 0x00000000a7400000| Untracked 
| 117|0x00000000a7500000, 0x00000000a7600000, 0x00000000a7600000|100%| O|  |TAMS 0x00000000a7500000, 0x00000000a7500000| Untracked 
| 118|0x00000000a7600000, 0x00000000a7700000, 0x00000000a7700000|100%| O|  |TAMS 0x00000000a7700000, 0x00000000a7600000| Untracked 
| 119|0x00000000a7700000, 0x00000000a7800000, 0x00000000a7800000|100%| O|  |TAMS 0x00000000a7700000, 0x00000000a7700000| Untracked 
| 120|0x00000000a7800000, 0x00000000a7900000, 0x00000000a7900000|100%| O|  |TAMS 0x00000000a7900000, 0x00000000a7800000| Untracked 
| 121|0x00000000a7900000, 0x00000000a7a00000, 0x00000000a7a00000|100%| O|  |TAMS 0x00000000a7a00000, 0x00000000a7900000| Untracked 
| 122|0x00000000a7a00000, 0x00000000a7b00000, 0x00000000a7b00000|100%| O|  |TAMS 0x00000000a7b00000, 0x00000000a7a00000| Untracked 
| 123|0x00000000a7b00000, 0x00000000a7c00000, 0x00000000a7c00000|100%| O|  |TAMS 0x00000000a7c00000, 0x00000000a7b00000| Untracked 
| 124|0x00000000a7c00000, 0x00000000a7d00000, 0x00000000a7d00000|100%| O|  |TAMS 0x00000000a7d00000, 0x00000000a7c00000| Untracked 
| 125|0x00000000a7d00000, 0x00000000a7e00000, 0x00000000a7e00000|100%| O|  |TAMS 0x00000000a7e00000, 0x00000000a7d00000| Untracked 
| 126|0x00000000a7e00000, 0x00000000a7f00000, 0x00000000a7f00000|100%| O|  |TAMS 0x00000000a7f00000, 0x00000000a7e00000| Untracked 
| 127|0x00000000a7f00000, 0x00000000a8000000, 0x00000000a8000000|100%| O|  |TAMS 0x00000000a8000000, 0x00000000a7f00000| Untracked 
| 128|0x00000000a8000000, 0x00000000a8100000, 0x00000000a8100000|100%| O|  |TAMS 0x00000000a8100000, 0x00000000a8000000| Untracked 
| 129|0x00000000a8100000, 0x00000000a8200000, 0x00000000a8200000|100%| O|  |TAMS 0x00000000a8200000, 0x00000000a8100000| Untracked 
| 130|0x00000000a8200000, 0x00000000a8300000, 0x00000000a8300000|100%| O|  |TAMS 0x00000000a8300000, 0x00000000a8200000| Untracked 
| 131|0x00000000a8300000, 0x00000000a8400000, 0x00000000a8400000|100%| O|  |TAMS 0x00000000a8400000, 0x00000000a8300000| Untracked 
| 132|0x00000000a8400000, 0x00000000a8500000, 0x00000000a8500000|100%| O|  |TAMS 0x00000000a8500000, 0x00000000a8400000| Untracked 
| 133|0x00000000a8500000, 0x00000000a8600000, 0x00000000a8600000|100%| O|  |TAMS 0x00000000a8600000, 0x00000000a8500000| Untracked 
| 134|0x00000000a8600000, 0x00000000a8700000, 0x00000000a8700000|100%| O|  |TAMS 0x00000000a8700000, 0x00000000a8600000| Untracked 
| 135|0x00000000a8700000, 0x00000000a8800000, 0x00000000a8800000|100%| O|  |TAMS 0x00000000a8800000, 0x00000000a8700000| Untracked 
| 136|0x00000000a8800000, 0x00000000a8900000, 0x00000000a8900000|100%| O|  |TAMS 0x00000000a8900000, 0x00000000a8800000| Untracked 
| 137|0x00000000a8900000, 0x00000000a8a00000, 0x00000000a8a00000|100%| O|  |TAMS 0x00000000a8a00000, 0x00000000a8900000| Untracked 
| 138|0x00000000a8a00000, 0x00000000a8b00000, 0x00000000a8b00000|100%| O|  |TAMS 0x00000000a8b00000, 0x00000000a8a00000| Untracked 
| 139|0x00000000a8b00000, 0x00000000a8c00000, 0x00000000a8c00000|100%| O|  |TAMS 0x00000000a8c00000, 0x00000000a8b00000| Untracked 
| 140|0x00000000a8c00000, 0x00000000a8d00000, 0x00000000a8d00000|100%| O|  |TAMS 0x00000000a8d00000, 0x00000000a8c00000| Untracked 
| 141|0x00000000a8d00000, 0x00000000a8e00000, 0x00000000a8e00000|100%| O|  |TAMS 0x00000000a8e00000, 0x00000000a8d00000| Untracked 
| 142|0x00000000a8e00000, 0x00000000a8f00000, 0x00000000a8f00000|100%| O|  |TAMS 0x00000000a8f00000, 0x00000000a8e00000| Untracked 
| 143|0x00000000a8f00000, 0x00000000a9000000, 0x00000000a9000000|100%| O|  |TAMS 0x00000000a9000000, 0x00000000a8f00000| Untracked 
| 144|0x00000000a9000000, 0x00000000a9100000, 0x00000000a9100000|100%| O|  |TAMS 0x00000000a9100000, 0x00000000a9000000| Untracked 
| 145|0x00000000a9100000, 0x00000000a9200000, 0x00000000a9200000|100%| O|  |TAMS 0x00000000a9200000, 0x00000000a9100000| Untracked 
| 146|0x00000000a9200000, 0x00000000a9300000, 0x00000000a9300000|100%| O|  |TAMS 0x00000000a9300000, 0x00000000a9200000| Untracked 
| 147|0x00000000a9300000, 0x00000000a9400000, 0x00000000a9400000|100%| O|  |TAMS 0x00000000a9400000, 0x00000000a9300000| Untracked 
| 148|0x00000000a9400000, 0x00000000a9500000, 0x00000000a9500000|100%| O|  |TAMS 0x00000000a9500000, 0x00000000a9400000| Untracked 
| 149|0x00000000a9500000, 0x00000000a9600000, 0x00000000a9600000|100%| O|  |TAMS 0x00000000a9600000, 0x00000000a9500000| Untracked 
| 150|0x00000000a9600000, 0x00000000a9700000, 0x00000000a9700000|100%| O|  |TAMS 0x00000000a9700000, 0x00000000a9600000| Untracked 
| 151|0x00000000a9700000, 0x00000000a9800000, 0x00000000a9800000|100%| O|  |TAMS 0x00000000a9800000, 0x00000000a9700000| Untracked 
| 152|0x00000000a9800000, 0x00000000a9900000, 0x00000000a9900000|100%| O|  |TAMS 0x00000000a9900000, 0x00000000a9800000| Untracked 
| 153|0x00000000a9900000, 0x00000000a9a00000, 0x00000000a9a00000|100%| O|  |TAMS 0x00000000a9a00000, 0x00000000a9900000| Untracked 
| 154|0x00000000a9a00000, 0x00000000a9b00000, 0x00000000a9b00000|100%| O|  |TAMS 0x00000000a9b00000, 0x00000000a9a00000| Untracked 
| 155|0x00000000a9b00000, 0x00000000a9c00000, 0x00000000a9c00000|100%| O|  |TAMS 0x00000000a9b9b600, 0x00000000a9b00000| Untracked 
| 156|0x00000000a9c00000, 0x00000000a9d00000, 0x00000000a9d00000|100%| O|  |TAMS 0x00000000a9c00000, 0x00000000a9c00000| Untracked 
| 157|0x00000000a9d00000, 0x00000000a9e00000, 0x00000000a9e00000|100%| O|  |TAMS 0x00000000a9d00000, 0x00000000a9d00000| Untracked 
| 158|0x00000000a9e00000, 0x00000000a9f00000, 0x00000000a9f00000|100%|HS|  |TAMS 0x00000000a9e00000, 0x00000000a9e00000| Complete 
| 159|0x00000000a9f00000, 0x00000000aa000000, 0x00000000aa000000|100%|HS|  |TAMS 0x00000000a9f00000, 0x00000000a9f00000| Complete 
| 160|0x00000000aa000000, 0x00000000aa100000, 0x00000000aa100000|100%|HS|  |TAMS 0x00000000aa000000, 0x00000000aa000000| Complete 
| 161|0x00000000aa100000, 0x00000000aa200000, 0x00000000aa200000|100%| O|  |TAMS 0x00000000aa100000, 0x00000000aa100000| Untracked 
| 162|0x00000000aa200000, 0x00000000aa300000, 0x00000000aa300000|100%| O|  |TAMS 0x00000000aa200000, 0x00000000aa200000| Untracked 
| 163|0x00000000aa300000, 0x00000000aa400000, 0x00000000aa400000|100%|HS|  |TAMS 0x00000000aa300000, 0x00000000aa300000| Complete 
| 164|0x00000000aa400000, 0x00000000aa500000, 0x00000000aa500000|100%| O|  |TAMS 0x00000000aa400000, 0x00000000aa400000| Untracked 
| 165|0x00000000aa500000, 0x00000000aa600000, 0x00000000aa600000|100%| O|  |TAMS 0x00000000aa500000, 0x00000000aa500000| Untracked 
| 166|0x00000000aa600000, 0x00000000aa700000, 0x00000000aa700000|100%| O|  |TAMS 0x00000000aa600000, 0x00000000aa600000| Untracked 
| 167|0x00000000aa700000, 0x00000000aa800000, 0x00000000aa800000|100%| O|  |TAMS 0x00000000aa700000, 0x00000000aa700000| Untracked 
| 168|0x00000000aa800000, 0x00000000aa900000, 0x00000000aa900000|100%|HS|  |TAMS 0x00000000aa800000, 0x00000000aa800000| Complete 
| 169|0x00000000aa900000, 0x00000000aaa00000, 0x00000000aaa00000|100%|HC|  |TAMS 0x00000000aa900000, 0x00000000aa900000| Complete 
| 170|0x00000000aaa00000, 0x00000000aab00000, 0x00000000aab00000|100%| O|  |TAMS 0x00000000aaa00000, 0x00000000aaa00000| Untracked 
| 171|0x00000000aab00000, 0x00000000aac00000, 0x00000000aac00000|100%| O|  |TAMS 0x00000000aab00000, 0x00000000aab00000| Untracked 
| 172|0x00000000aac00000, 0x00000000aad00000, 0x00000000aad00000|100%| O|  |TAMS 0x00000000aac00000, 0x00000000aac00000| Untracked 
| 173|0x00000000aad00000, 0x00000000aae00000, 0x00000000aae00000|100%| O|  |TAMS 0x00000000aad00000, 0x00000000aad00000| Untracked 
| 174|0x00000000aae00000, 0x00000000aaf00000, 0x00000000aaf00000|100%| O|  |TAMS 0x00000000aae00000, 0x00000000aae00000| Untracked 
| 175|0x00000000aaf00000, 0x00000000ab000000, 0x00000000ab000000|100%| O|  |TAMS 0x00000000aaf00000, 0x00000000aaf00000| Untracked 
| 176|0x00000000ab000000, 0x00000000ab100000, 0x00000000ab100000|100%| O|  |TAMS 0x00000000ab000000, 0x00000000ab000000| Untracked 
| 177|0x00000000ab100000, 0x00000000ab200000, 0x00000000ab200000|100%| O|  |TAMS 0x00000000ab100000, 0x00000000ab100000| Untracked 
| 178|0x00000000ab200000, 0x00000000ab300000, 0x00000000ab300000|100%| O|  |TAMS 0x00000000ab200000, 0x00000000ab200000| Untracked 
| 179|0x00000000ab300000, 0x00000000ab400000, 0x00000000ab400000|100%| O|  |TAMS 0x00000000ab300000, 0x00000000ab300000| Untracked 
| 180|0x00000000ab400000, 0x00000000ab500000, 0x00000000ab500000|100%| O|  |TAMS 0x00000000ab400000, 0x00000000ab400000| Untracked 
| 181|0x00000000ab500000, 0x00000000ab600000, 0x00000000ab600000|100%| O|  |TAMS 0x00000000ab500000, 0x00000000ab500000| Untracked 
| 182|0x00000000ab600000, 0x00000000ab700000, 0x00000000ab700000|100%| O|  |TAMS 0x00000000ab600000, 0x00000000ab600000| Untracked 
| 183|0x00000000ab700000, 0x00000000ab800000, 0x00000000ab800000|100%| O|  |TAMS 0x00000000ab700000, 0x00000000ab700000| Untracked 
| 184|0x00000000ab800000, 0x00000000ab900000, 0x00000000ab900000|100%| O|  |TAMS 0x00000000ab800000, 0x00000000ab800000| Untracked 
| 185|0x00000000ab900000, 0x00000000aba00000, 0x00000000aba00000|100%| O|  |TAMS 0x00000000ab900000, 0x00000000ab900000| Untracked 
| 186|0x00000000aba00000, 0x00000000abb00000, 0x00000000abb00000|100%| O|  |TAMS 0x00000000aba00000, 0x00000000aba00000| Untracked 
| 187|0x00000000abb00000, 0x00000000abc00000, 0x00000000abc00000|100%| O|  |TAMS 0x00000000abb00000, 0x00000000abb00000| Untracked 
| 188|0x00000000abc00000, 0x00000000abd00000, 0x00000000abd00000|100%| O|  |TAMS 0x00000000abc00000, 0x00000000abc00000| Untracked 
| 189|0x00000000abd00000, 0x00000000abe00000, 0x00000000abe00000|100%| O|  |TAMS 0x00000000abd00000, 0x00000000abd00000| Untracked 
| 190|0x00000000abe00000, 0x00000000abf00000, 0x00000000abf00000|100%| O|  |TAMS 0x00000000abe00000, 0x00000000abe00000| Untracked 
| 191|0x00000000abf00000, 0x00000000ac000000, 0x00000000ac000000|100%| O|  |TAMS 0x00000000abf00000, 0x00000000abf00000| Untracked 
| 192|0x00000000ac000000, 0x00000000ac100000, 0x00000000ac100000|100%| O|  |TAMS 0x00000000ac000000, 0x00000000ac000000| Untracked 
| 193|0x00000000ac100000, 0x00000000ac200000, 0x00000000ac200000|100%| O|  |TAMS 0x00000000ac100000, 0x00000000ac100000| Untracked 
| 194|0x00000000ac200000, 0x00000000ac300000, 0x00000000ac300000|100%| O|  |TAMS 0x00000000ac200000, 0x00000000ac200000| Untracked 
| 195|0x00000000ac300000, 0x00000000ac400000, 0x00000000ac400000|100%| O|  |TAMS 0x00000000ac300000, 0x00000000ac300000| Untracked 
| 196|0x00000000ac400000, 0x00000000ac500000, 0x00000000ac500000|100%| O|  |TAMS 0x00000000ac400000, 0x00000000ac400000| Untracked 
| 197|0x00000000ac500000, 0x00000000ac600000, 0x00000000ac600000|100%| O|  |TAMS 0x00000000ac500000, 0x00000000ac500000| Untracked 
| 198|0x00000000ac600000, 0x00000000ac700000, 0x00000000ac700000|100%| O|  |TAMS 0x00000000ac600000, 0x00000000ac600000| Untracked 
| 199|0x00000000ac700000, 0x00000000ac800000, 0x00000000ac800000|100%| O|  |TAMS 0x00000000ac700000, 0x00000000ac700000| Untracked 
| 200|0x00000000ac800000, 0x00000000ac900000, 0x00000000ac900000|100%| O|  |TAMS 0x00000000ac800000, 0x00000000ac800000| Untracked 
| 201|0x00000000ac900000, 0x00000000aca00000, 0x00000000aca00000|100%| O|  |TAMS 0x00000000ac900000, 0x00000000ac900000| Untracked 
| 202|0x00000000aca00000, 0x00000000acb00000, 0x00000000acb00000|100%| O|  |TAMS 0x00000000aca00000, 0x00000000aca00000| Untracked 
| 203|0x00000000acb00000, 0x00000000acc00000, 0x00000000acc00000|100%| O|  |TAMS 0x00000000acb00000, 0x00000000acb00000| Untracked 
| 204|0x00000000acc00000, 0x00000000acd00000, 0x00000000acd00000|100%| O|  |TAMS 0x00000000acc00000, 0x00000000acc00000| Untracked 
| 205|0x00000000acd00000, 0x00000000ace00000, 0x00000000ace00000|100%| O|  |TAMS 0x00000000acd00000, 0x00000000acd00000| Untracked 
| 206|0x00000000ace00000, 0x00000000acf00000, 0x00000000acf00000|100%| O|  |TAMS 0x00000000ace00000, 0x00000000ace00000| Untracked 
| 207|0x00000000acf00000, 0x00000000ad000000, 0x00000000ad000000|100%| O|  |TAMS 0x00000000acf00000, 0x00000000acf00000| Untracked 
| 208|0x00000000ad000000, 0x00000000ad100000, 0x00000000ad100000|100%| O|  |TAMS 0x00000000ad000000, 0x00000000ad000000| Untracked 
| 209|0x00000000ad100000, 0x00000000ad200000, 0x00000000ad200000|100%| O|  |TAMS 0x00000000ad100000, 0x00000000ad100000| Untracked 
| 210|0x00000000ad200000, 0x00000000ad300000, 0x00000000ad300000|100%| O|  |TAMS 0x00000000ad200000, 0x00000000ad200000| Untracked 
| 211|0x00000000ad300000, 0x00000000ad400000, 0x00000000ad400000|100%| O|  |TAMS 0x00000000ad300000, 0x00000000ad300000| Untracked 
| 212|0x00000000ad400000, 0x00000000ad500000, 0x00000000ad500000|100%| O|  |TAMS 0x00000000ad400000, 0x00000000ad400000| Untracked 
| 213|0x00000000ad500000, 0x00000000ad600000, 0x00000000ad600000|100%| O|  |TAMS 0x00000000ad500000, 0x00000000ad500000| Untracked 
| 214|0x00000000ad600000, 0x00000000ad700000, 0x00000000ad700000|100%| O|  |TAMS 0x00000000ad600000, 0x00000000ad600000| Untracked 
| 215|0x00000000ad700000, 0x00000000ad800000, 0x00000000ad800000|100%|HS|  |TAMS 0x00000000ad700000, 0x00000000ad700000| Complete 
| 216|0x00000000ad800000, 0x00000000ad900000, 0x00000000ad900000|100%|HC|  |TAMS 0x00000000ad800000, 0x00000000ad800000| Complete 
| 217|0x00000000ad900000, 0x00000000ada00000, 0x00000000ada00000|100%|HC|  |TAMS 0x00000000ad900000, 0x00000000ad900000| Complete 
| 218|0x00000000ada00000, 0x00000000adb00000, 0x00000000adb00000|100%|HC|  |TAMS 0x00000000ada00000, 0x00000000ada00000| Complete 
| 219|0x00000000adb00000, 0x00000000adc00000, 0x00000000adc00000|100%| O|  |TAMS 0x00000000adb00000, 0x00000000adb00000| Untracked 
| 220|0x00000000adc00000, 0x00000000add00000, 0x00000000add00000|100%| O|  |TAMS 0x00000000adc00000, 0x00000000adc00000| Untracked 
| 221|0x00000000add00000, 0x00000000ade00000, 0x00000000ade00000|100%| O|  |TAMS 0x00000000add00000, 0x00000000add00000| Untracked 
| 222|0x00000000ade00000, 0x00000000adf00000, 0x00000000adf00000|100%| O|  |TAMS 0x00000000ade00000, 0x00000000ade00000| Untracked 
| 223|0x00000000adf00000, 0x00000000ae000000, 0x00000000ae000000|100%|HS|  |TAMS 0x00000000adf00000, 0x00000000adf00000| Complete 
| 224|0x00000000ae000000, 0x00000000ae100000, 0x00000000ae100000|100%|HC|  |TAMS 0x00000000ae000000, 0x00000000ae000000| Complete 
| 225|0x00000000ae100000, 0x00000000ae200000, 0x00000000ae200000|100%|HS|  |TAMS 0x00000000ae100000, 0x00000000ae100000| Complete 
| 226|0x00000000ae200000, 0x00000000ae300000, 0x00000000ae300000|100%|HS|  |TAMS 0x00000000ae200000, 0x00000000ae200000| Complete 
| 227|0x00000000ae300000, 0x00000000ae400000, 0x00000000ae400000|100%| O|  |TAMS 0x00000000ae300000, 0x00000000ae300000| Untracked 
| 228|0x00000000ae400000, 0x00000000ae500000, 0x00000000ae500000|100%| O|  |TAMS 0x00000000ae400000, 0x00000000ae400000| Untracked 
| 229|0x00000000ae500000, 0x00000000ae600000, 0x00000000ae600000|100%| O|  |TAMS 0x00000000ae500000, 0x00000000ae500000| Untracked 
| 230|0x00000000ae600000, 0x00000000ae700000, 0x00000000ae700000|100%| O|  |TAMS 0x00000000ae600000, 0x00000000ae600000| Untracked 
| 231|0x00000000ae700000, 0x00000000ae800000, 0x00000000ae800000|100%| O|  |TAMS 0x00000000ae700000, 0x00000000ae700000| Untracked 
| 232|0x00000000ae800000, 0x00000000ae900000, 0x00000000ae900000|100%| O|  |TAMS 0x00000000ae800000, 0x00000000ae800000| Untracked 
| 233|0x00000000ae900000, 0x00000000aea00000, 0x00000000aea00000|100%| O|  |TAMS 0x00000000ae900000, 0x00000000ae900000| Untracked 
| 234|0x00000000aea00000, 0x00000000aeb00000, 0x00000000aeb00000|100%| O|  |TAMS 0x00000000aea00000, 0x00000000aea00000| Untracked 
| 235|0x00000000aeb00000, 0x00000000aec00000, 0x00000000aec00000|100%| O|  |TAMS 0x00000000aeb00000, 0x00000000aeb00000| Untracked 
| 236|0x00000000aec00000, 0x00000000aed00000, 0x00000000aed00000|100%| O|  |TAMS 0x00000000aec00000, 0x00000000aec00000| Untracked 
| 237|0x00000000aed00000, 0x00000000aee00000, 0x00000000aee00000|100%| O|  |TAMS 0x00000000aed00000, 0x00000000aed00000| Untracked 
| 238|0x00000000aee00000, 0x00000000aef00000, 0x00000000aef00000|100%| O|  |TAMS 0x00000000aee00000, 0x00000000aee00000| Untracked 
| 239|0x00000000aef00000, 0x00000000af000000, 0x00000000af000000|100%| O|  |TAMS 0x00000000aef00000, 0x00000000aef00000| Untracked 
| 240|0x00000000af000000, 0x00000000af100000, 0x00000000af100000|100%| O|  |TAMS 0x00000000af000000, 0x00000000af000000| Untracked 
| 241|0x00000000af100000, 0x00000000af200000, 0x00000000af200000|100%| O|  |TAMS 0x00000000af100000, 0x00000000af100000| Untracked 
| 242|0x00000000af200000, 0x00000000af300000, 0x00000000af300000|100%| O|  |TAMS 0x00000000af200000, 0x00000000af200000| Untracked 
| 243|0x00000000af300000, 0x00000000af400000, 0x00000000af400000|100%| O|  |TAMS 0x00000000af300000, 0x00000000af300000| Untracked 
| 244|0x00000000af400000, 0x00000000af500000, 0x00000000af500000|100%| O|  |TAMS 0x00000000af400000, 0x00000000af400000| Untracked 
| 245|0x00000000af500000, 0x00000000af600000, 0x00000000af600000|100%| O|  |TAMS 0x00000000af500000, 0x00000000af500000| Untracked 
| 246|0x00000000af600000, 0x00000000af6e5200, 0x00000000af700000| 89%| O|  |TAMS 0x00000000af600000, 0x00000000af600000| Untracked 
| 247|0x00000000af700000, 0x00000000af800000, 0x00000000af800000|100%|HS|  |TAMS 0x00000000af700000, 0x00000000af700000| Complete 
| 248|0x00000000af800000, 0x00000000af800000, 0x00000000af900000|  0%| F|  |TAMS 0x00000000af800000, 0x00000000af800000| Untracked 
| 249|0x00000000af900000, 0x00000000af900000, 0x00000000afa00000|  0%| F|  |TAMS 0x00000000af900000, 0x00000000af900000| Untracked 
| 250|0x00000000afa00000, 0x00000000afa00000, 0x00000000afb00000|  0%| F|  |TAMS 0x00000000afa00000, 0x00000000afa00000| Untracked 
| 251|0x00000000afb00000, 0x00000000afb00000, 0x00000000afc00000|  0%| F|  |TAMS 0x00000000afb00000, 0x00000000afb00000| Untracked 
| 252|0x00000000afc00000, 0x00000000afc00000, 0x00000000afd00000|  0%| F|  |TAMS 0x00000000afc00000, 0x00000000afc00000| Untracked 
| 253|0x00000000afd00000, 0x00000000afd00000, 0x00000000afe00000|  0%| F|  |TAMS 0x00000000afd00000, 0x00000000afd00000| Untracked 
| 254|0x00000000afe00000, 0x00000000afe00000, 0x00000000aff00000|  0%| F|  |TAMS 0x00000000afe00000, 0x00000000afe00000| Untracked 
| 255|0x00000000aff00000, 0x00000000aff00000, 0x00000000b0000000|  0%| F|  |TAMS 0x00000000aff00000, 0x00000000aff00000| Untracked 
| 256|0x00000000b0000000, 0x00000000b0000000, 0x00000000b0100000|  0%| F|  |TAMS 0x00000000b0000000, 0x00000000b0000000| Untracked 
| 257|0x00000000b0100000, 0x00000000b0100000, 0x00000000b0200000|  0%| F|  |TAMS 0x00000000b0100000, 0x00000000b0100000| Untracked 
| 258|0x00000000b0200000, 0x00000000b0200000, 0x00000000b0300000|  0%| F|  |TAMS 0x00000000b0200000, 0x00000000b0200000| Untracked 
| 259|0x00000000b0300000, 0x00000000b0300000, 0x00000000b0400000|  0%| F|  |TAMS 0x00000000b0300000, 0x00000000b0300000| Untracked 
| 260|0x00000000b0400000, 0x00000000b0400000, 0x00000000b0500000|  0%| F|  |TAMS 0x00000000b0400000, 0x00000000b0400000| Untracked 
| 261|0x00000000b0500000, 0x00000000b0500000, 0x00000000b0600000|  0%| F|  |TAMS 0x00000000b0500000, 0x00000000b0500000| Untracked 
| 262|0x00000000b0600000, 0x00000000b0600000, 0x00000000b0700000|  0%| F|  |TAMS 0x00000000b0600000, 0x00000000b0600000| Untracked 
| 263|0x00000000b0700000, 0x00000000b0700000, 0x00000000b0800000|  0%| F|  |TAMS 0x00000000b0700000, 0x00000000b0700000| Untracked 
| 264|0x00000000b0800000, 0x00000000b0800000, 0x00000000b0900000|  0%| F|  |TAMS 0x00000000b0800000, 0x00000000b0800000| Untracked 
| 265|0x00000000b0900000, 0x00000000b0900000, 0x00000000b0a00000|  0%| F|  |TAMS 0x00000000b0900000, 0x00000000b0900000| Untracked 
| 266|0x00000000b0a00000, 0x00000000b0a00000, 0x00000000b0b00000|  0%| F|  |TAMS 0x00000000b0a00000, 0x00000000b0a00000| Untracked 
| 267|0x00000000b0b00000, 0x00000000b0b00000, 0x00000000b0c00000|  0%| F|  |TAMS 0x00000000b0b00000, 0x00000000b0b00000| Untracked 
| 268|0x00000000b0c00000, 0x00000000b0c00000, 0x00000000b0d00000|  0%| F|  |TAMS 0x00000000b0c00000, 0x00000000b0c00000| Untracked 
| 269|0x00000000b0d00000, 0x00000000b0d00000, 0x00000000b0e00000|  0%| F|  |TAMS 0x00000000b0d00000, 0x00000000b0d00000| Untracked 
| 270|0x00000000b0e00000, 0x00000000b0e00000, 0x00000000b0f00000|  0%| F|  |TAMS 0x00000000b0e00000, 0x00000000b0e00000| Untracked 
| 271|0x00000000b0f00000, 0x00000000b0f00000, 0x00000000b1000000|  0%| F|  |TAMS 0x00000000b0f00000, 0x00000000b0f00000| Untracked 
| 272|0x00000000b1000000, 0x00000000b1000000, 0x00000000b1100000|  0%| F|  |TAMS 0x00000000b1000000, 0x00000000b1000000| Untracked 
| 273|0x00000000b1100000, 0x00000000b1100000, 0x00000000b1200000|  0%| F|  |TAMS 0x00000000b1100000, 0x00000000b1100000| Untracked 
| 274|0x00000000b1200000, 0x00000000b1200000, 0x00000000b1300000|  0%| F|  |TAMS 0x00000000b1200000, 0x00000000b1200000| Untracked 
| 275|0x00000000b1300000, 0x00000000b1300000, 0x00000000b1400000|  0%| F|  |TAMS 0x00000000b1300000, 0x00000000b1300000| Untracked 
| 276|0x00000000b1400000, 0x00000000b1400000, 0x00000000b1500000|  0%| F|  |TAMS 0x00000000b1400000, 0x00000000b1400000| Untracked 
| 277|0x00000000b1500000, 0x00000000b1500000, 0x00000000b1600000|  0%| F|  |TAMS 0x00000000b1500000, 0x00000000b1500000| Untracked 
| 278|0x00000000b1600000, 0x00000000b1600000, 0x00000000b1700000|  0%| F|  |TAMS 0x00000000b1600000, 0x00000000b1600000| Untracked 
| 279|0x00000000b1700000, 0x00000000b1700000, 0x00000000b1800000|  0%| F|  |TAMS 0x00000000b1700000, 0x00000000b1700000| Untracked 
| 280|0x00000000b1800000, 0x00000000b1800000, 0x00000000b1900000|  0%| F|  |TAMS 0x00000000b1800000, 0x00000000b1800000| Untracked 
| 281|0x00000000b1900000, 0x00000000b1900000, 0x00000000b1a00000|  0%| F|  |TAMS 0x00000000b1900000, 0x00000000b1900000| Untracked 
| 282|0x00000000b1a00000, 0x00000000b1a00000, 0x00000000b1b00000|  0%| F|  |TAMS 0x00000000b1a00000, 0x00000000b1a00000| Untracked 
| 283|0x00000000b1b00000, 0x00000000b1b00000, 0x00000000b1c00000|  0%| F|  |TAMS 0x00000000b1b00000, 0x00000000b1b00000| Untracked 
| 284|0x00000000b1c00000, 0x00000000b1c00000, 0x00000000b1d00000|  0%| F|  |TAMS 0x00000000b1c00000, 0x00000000b1c00000| Untracked 
| 285|0x00000000b1d00000, 0x00000000b1d00000, 0x00000000b1e00000|  0%| F|  |TAMS 0x00000000b1d00000, 0x00000000b1d00000| Untracked 
| 286|0x00000000b1e00000, 0x00000000b1e00000, 0x00000000b1f00000|  0%| F|  |TAMS 0x00000000b1e00000, 0x00000000b1e00000| Untracked 
| 287|0x00000000b1f00000, 0x00000000b1f00000, 0x00000000b2000000|  0%| F|  |TAMS 0x00000000b1f00000, 0x00000000b1f00000| Untracked 
| 288|0x00000000b2000000, 0x00000000b2000000, 0x00000000b2100000|  0%| F|  |TAMS 0x00000000b2000000, 0x00000000b2000000| Untracked 
| 289|0x00000000b2100000, 0x00000000b2100000, 0x00000000b2200000|  0%| F|  |TAMS 0x00000000b2100000, 0x00000000b2100000| Untracked 
| 290|0x00000000b2200000, 0x00000000b2200000, 0x00000000b2300000|  0%| F|  |TAMS 0x00000000b2200000, 0x00000000b2200000| Untracked 
| 291|0x00000000b2300000, 0x00000000b2300000, 0x00000000b2400000|  0%| F|  |TAMS 0x00000000b2300000, 0x00000000b2300000| Untracked 
| 292|0x00000000b2400000, 0x00000000b2400000, 0x00000000b2500000|  0%| F|  |TAMS 0x00000000b2400000, 0x00000000b2400000| Untracked 
| 293|0x00000000b2500000, 0x00000000b2500000, 0x00000000b2600000|  0%| F|  |TAMS 0x00000000b2500000, 0x00000000b2500000| Untracked 
| 294|0x00000000b2600000, 0x00000000b2600000, 0x00000000b2700000|  0%| F|  |TAMS 0x00000000b2600000, 0x00000000b2600000| Untracked 
| 295|0x00000000b2700000, 0x00000000b2700000, 0x00000000b2800000|  0%| F|  |TAMS 0x00000000b2700000, 0x00000000b2700000| Untracked 
| 296|0x00000000b2800000, 0x00000000b2800000, 0x00000000b2900000|  0%| F|  |TAMS 0x00000000b2800000, 0x00000000b2800000| Untracked 
| 297|0x00000000b2900000, 0x00000000b2900000, 0x00000000b2a00000|  0%| F|  |TAMS 0x00000000b2900000, 0x00000000b2900000| Untracked 
| 298|0x00000000b2a00000, 0x00000000b2a00000, 0x00000000b2b00000|  0%| F|  |TAMS 0x00000000b2a00000, 0x00000000b2a00000| Untracked 
| 299|0x00000000b2b00000, 0x00000000b2b00000, 0x00000000b2c00000|  0%| F|  |TAMS 0x00000000b2b00000, 0x00000000b2b00000| Untracked 
| 300|0x00000000b2c00000, 0x00000000b2c00000, 0x00000000b2d00000|  0%| F|  |TAMS 0x00000000b2c00000, 0x00000000b2c00000| Untracked 
| 301|0x00000000b2d00000, 0x00000000b2e00000, 0x00000000b2e00000|100%| S|CS|TAMS 0x00000000b2d00000, 0x00000000b2d00000| Complete 
| 302|0x00000000b2e00000, 0x00000000b2f00000, 0x00000000b2f00000|100%| S|CS|TAMS 0x00000000b2e00000, 0x00000000b2e00000| Complete 
| 303|0x00000000b2f00000, 0x00000000b3000000, 0x00000000b3000000|100%| S|CS|TAMS 0x00000000b2f00000, 0x00000000b2f00000| Complete 
| 304|0x00000000b3000000, 0x00000000b3100000, 0x00000000b3100000|100%| S|CS|TAMS 0x00000000b3000000, 0x00000000b3000000| Complete 
| 305|0x00000000b3100000, 0x00000000b3200000, 0x00000000b3200000|100%| S|CS|TAMS 0x00000000b3100000, 0x00000000b3100000| Complete 
| 306|0x00000000b3200000, 0x00000000b3300000, 0x00000000b3300000|100%| S|CS|TAMS 0x00000000b3200000, 0x00000000b3200000| Complete 
| 307|0x00000000b3300000, 0x00000000b3400000, 0x00000000b3400000|100%| S|CS|TAMS 0x00000000b3300000, 0x00000000b3300000| Complete 
| 308|0x00000000b3400000, 0x00000000b3500000, 0x00000000b3500000|100%| S|CS|TAMS 0x00000000b3400000, 0x00000000b3400000| Complete 
| 309|0x00000000b3500000, 0x00000000b3600000, 0x00000000b3600000|100%| S|CS|TAMS 0x00000000b3500000, 0x00000000b3500000| Complete 
| 310|0x00000000b3600000, 0x00000000b3700000, 0x00000000b3700000|100%| S|CS|TAMS 0x00000000b3600000, 0x00000000b3600000| Complete 
| 311|0x00000000b3700000, 0x00000000b3700000, 0x00000000b3800000|  0%| F|  |TAMS 0x00000000b3700000, 0x00000000b3700000| Untracked 
| 312|0x00000000b3800000, 0x00000000b3800000, 0x00000000b3900000|  0%| F|  |TAMS 0x00000000b3800000, 0x00000000b3800000| Untracked 
| 313|0x00000000b3900000, 0x00000000b3900000, 0x00000000b3a00000|  0%| F|  |TAMS 0x00000000b3900000, 0x00000000b3900000| Untracked 
| 314|0x00000000b3a00000, 0x00000000b3a00000, 0x00000000b3b00000|  0%| F|  |TAMS 0x00000000b3a00000, 0x00000000b3a00000| Untracked 
| 315|0x00000000b3b00000, 0x00000000b3b00000, 0x00000000b3c00000|  0%| F|  |TAMS 0x00000000b3b00000, 0x00000000b3b00000| Untracked 
| 316|0x00000000b3c00000, 0x00000000b3c00000, 0x00000000b3d00000|  0%| F|  |TAMS 0x00000000b3c00000, 0x00000000b3c00000| Untracked 
| 317|0x00000000b3d00000, 0x00000000b3d00000, 0x00000000b3e00000|  0%| F|  |TAMS 0x00000000b3d00000, 0x00000000b3d00000| Untracked 
| 318|0x00000000b3e00000, 0x00000000b3e00000, 0x00000000b3f00000|  0%| F|  |TAMS 0x00000000b3e00000, 0x00000000b3e00000| Untracked 
| 319|0x00000000b3f00000, 0x00000000b3f00000, 0x00000000b4000000|  0%| F|  |TAMS 0x00000000b3f00000, 0x00000000b3f00000| Untracked 
| 320|0x00000000b4000000, 0x00000000b4000000, 0x00000000b4100000|  0%| F|  |TAMS 0x00000000b4000000, 0x00000000b4000000| Untracked 
| 321|0x00000000b4100000, 0x00000000b4100000, 0x00000000b4200000|  0%| F|  |TAMS 0x00000000b4100000, 0x00000000b4100000| Untracked 
| 322|0x00000000b4200000, 0x00000000b4200000, 0x00000000b4300000|  0%| F|  |TAMS 0x00000000b4200000, 0x00000000b4200000| Untracked 
| 323|0x00000000b4300000, 0x00000000b4300000, 0x00000000b4400000|  0%| F|  |TAMS 0x00000000b4300000, 0x00000000b4300000| Untracked 
| 324|0x00000000b4400000, 0x00000000b4400000, 0x00000000b4500000|  0%| F|  |TAMS 0x00000000b4400000, 0x00000000b4400000| Untracked 
| 325|0x00000000b4500000, 0x00000000b4600000, 0x00000000b4600000|100%| S|CS|TAMS 0x00000000b4500000, 0x00000000b4500000| Complete 
| 326|0x00000000b4600000, 0x00000000b4700000, 0x00000000b4700000|100%| S|CS|TAMS 0x00000000b4600000, 0x00000000b4600000| Complete 
| 327|0x00000000b4700000, 0x00000000b4800000, 0x00000000b4800000|100%| S|CS|TAMS 0x00000000b4700000, 0x00000000b4700000| Complete 
| 328|0x00000000b4800000, 0x00000000b4900000, 0x00000000b4900000|100%| S|CS|TAMS 0x00000000b4800000, 0x00000000b4800000| Complete 
| 329|0x00000000b4900000, 0x00000000b4900000, 0x00000000b4a00000|  0%| F|  |TAMS 0x00000000b4900000, 0x00000000b4900000| Untracked 
| 330|0x00000000b4a00000, 0x00000000b4a00000, 0x00000000b4b00000|  0%| F|  |TAMS 0x00000000b4a00000, 0x00000000b4a00000| Untracked 
| 331|0x00000000b4b00000, 0x00000000b4b00000, 0x00000000b4c00000|  0%| F|  |TAMS 0x00000000b4b00000, 0x00000000b4b00000| Untracked 
| 332|0x00000000b4c00000, 0x00000000b4c00000, 0x00000000b4d00000|  0%| F|  |TAMS 0x00000000b4c00000, 0x00000000b4c00000| Untracked 
| 333|0x00000000b4d00000, 0x00000000b4d00000, 0x00000000b4e00000|  0%| F|  |TAMS 0x00000000b4d00000, 0x00000000b4d00000| Untracked 
| 334|0x00000000b4e00000, 0x00000000b4e00000, 0x00000000b4f00000|  0%| F|  |TAMS 0x00000000b4e00000, 0x00000000b4e00000| Untracked 
| 335|0x00000000b4f00000, 0x00000000b4f00000, 0x00000000b5000000|  0%| F|  |TAMS 0x00000000b4f00000, 0x00000000b4f00000| Untracked 
| 336|0x00000000b5000000, 0x00000000b5000000, 0x00000000b5100000|  0%| F|  |TAMS 0x00000000b5000000, 0x00000000b5000000| Untracked 
| 337|0x00000000b5100000, 0x00000000b5100000, 0x00000000b5200000|  0%| F|  |TAMS 0x00000000b5100000, 0x00000000b5100000| Untracked 
| 338|0x00000000b5200000, 0x00000000b5200000, 0x00000000b5300000|  0%| F|  |TAMS 0x00000000b5200000, 0x00000000b5200000| Untracked 
| 339|0x00000000b5300000, 0x00000000b5300000, 0x00000000b5400000|  0%| F|  |TAMS 0x00000000b5300000, 0x00000000b5300000| Untracked 
| 340|0x00000000b5400000, 0x00000000b5400000, 0x00000000b5500000|  0%| F|  |TAMS 0x00000000b5400000, 0x00000000b5400000| Untracked 
| 341|0x00000000b5500000, 0x00000000b5500000, 0x00000000b5600000|  0%| F|  |TAMS 0x00000000b5500000, 0x00000000b5500000| Untracked 
| 342|0x00000000b5600000, 0x00000000b5600000, 0x00000000b5700000|  0%| F|  |TAMS 0x00000000b5600000, 0x00000000b5600000| Untracked 
| 343|0x00000000b5700000, 0x00000000b5700000, 0x00000000b5800000|  0%| F|  |TAMS 0x00000000b5700000, 0x00000000b5700000| Untracked 
| 344|0x00000000b5800000, 0x00000000b5800000, 0x00000000b5900000|  0%| F|  |TAMS 0x00000000b5800000, 0x00000000b5800000| Untracked 
| 345|0x00000000b5900000, 0x00000000b5900000, 0x00000000b5a00000|  0%| F|  |TAMS 0x00000000b5900000, 0x00000000b5900000| Untracked 
| 346|0x00000000b5a00000, 0x00000000b5a00000, 0x00000000b5b00000|  0%| F|  |TAMS 0x00000000b5a00000, 0x00000000b5a00000| Untracked 
| 347|0x00000000b5b00000, 0x00000000b5b00000, 0x00000000b5c00000|  0%| F|  |TAMS 0x00000000b5b00000, 0x00000000b5b00000| Untracked 
| 348|0x00000000b5c00000, 0x00000000b5c00000, 0x00000000b5d00000|  0%| F|  |TAMS 0x00000000b5c00000, 0x00000000b5c00000| Untracked 
| 349|0x00000000b5d00000, 0x00000000b5d00000, 0x00000000b5e00000|  0%| F|  |TAMS 0x00000000b5d00000, 0x00000000b5d00000| Untracked 
| 350|0x00000000b5e00000, 0x00000000b5e00000, 0x00000000b5f00000|  0%| F|  |TAMS 0x00000000b5e00000, 0x00000000b5e00000| Untracked 
| 351|0x00000000b5f00000, 0x00000000b5f00000, 0x00000000b6000000|  0%| F|  |TAMS 0x00000000b5f00000, 0x00000000b5f00000| Untracked 
| 352|0x00000000b6000000, 0x00000000b6000000, 0x00000000b6100000|  0%| F|  |TAMS 0x00000000b6000000, 0x00000000b6000000| Untracked 
| 353|0x00000000b6100000, 0x00000000b6100000, 0x00000000b6200000|  0%| F|  |TAMS 0x00000000b6100000, 0x00000000b6100000| Untracked 
| 354|0x00000000b6200000, 0x00000000b6200000, 0x00000000b6300000|  0%| F|  |TAMS 0x00000000b6200000, 0x00000000b6200000| Untracked 
| 355|0x00000000b6300000, 0x00000000b6300000, 0x00000000b6400000|  0%| F|  |TAMS 0x00000000b6300000, 0x00000000b6300000| Untracked 
| 356|0x00000000b6400000, 0x00000000b6400000, 0x00000000b6500000|  0%| F|  |TAMS 0x00000000b6400000, 0x00000000b6400000| Untracked 
| 357|0x00000000b6500000, 0x00000000b6500000, 0x00000000b6600000|  0%| F|  |TAMS 0x00000000b6500000, 0x00000000b6500000| Untracked 
| 358|0x00000000b6600000, 0x00000000b6600000, 0x00000000b6700000|  0%| F|  |TAMS 0x00000000b6600000, 0x00000000b6600000| Untracked 
| 359|0x00000000b6700000, 0x00000000b6700000, 0x00000000b6800000|  0%| F|  |TAMS 0x00000000b6700000, 0x00000000b6700000| Untracked 
| 360|0x00000000b6800000, 0x00000000b6800000, 0x00000000b6900000|  0%| F|  |TAMS 0x00000000b6800000, 0x00000000b6800000| Untracked 
| 361|0x00000000b6900000, 0x00000000b6900000, 0x00000000b6a00000|  0%| F|  |TAMS 0x00000000b6900000, 0x00000000b6900000| Untracked 
| 362|0x00000000b6a00000, 0x00000000b6ac58a0, 0x00000000b6b00000| 77%| E|  |TAMS 0x00000000b6a00000, 0x00000000b6a00000| Complete 
| 363|0x00000000b6b00000, 0x00000000b6c00000, 0x00000000b6c00000|100%| E|CS|TAMS 0x00000000b6b00000, 0x00000000b6b00000| Complete 
| 364|0x00000000b6c00000, 0x00000000b6d00000, 0x00000000b6d00000|100%| E|  |TAMS 0x00000000b6c00000, 0x00000000b6c00000| Complete 
| 365|0x00000000b6d00000, 0x00000000b6e00000, 0x00000000b6e00000|100%| E|CS|TAMS 0x00000000b6d00000, 0x00000000b6d00000| Complete 
| 366|0x00000000b6e00000, 0x00000000b6f00000, 0x00000000b6f00000|100%| E|CS|TAMS 0x00000000b6e00000, 0x00000000b6e00000| Complete 
| 367|0x00000000b6f00000, 0x00000000b7000000, 0x00000000b7000000|100%| E|CS|TAMS 0x00000000b6f00000, 0x00000000b6f00000| Complete 
| 368|0x00000000b7000000, 0x00000000b7100000, 0x00000000b7100000|100%| E|CS|TAMS 0x00000000b7000000, 0x00000000b7000000| Complete 
| 369|0x00000000b7100000, 0x00000000b7200000, 0x00000000b7200000|100%| E|CS|TAMS 0x00000000b7100000, 0x00000000b7100000| Complete 
| 370|0x00000000b7200000, 0x00000000b7300000, 0x00000000b7300000|100%| E|CS|TAMS 0x00000000b7200000, 0x00000000b7200000| Complete 
| 371|0x00000000b7300000, 0x00000000b7400000, 0x00000000b7400000|100%| E|CS|TAMS 0x00000000b7300000, 0x00000000b7300000| Complete 
| 372|0x00000000b7400000, 0x00000000b7500000, 0x00000000b7500000|100%| E|CS|TAMS 0x00000000b7400000, 0x00000000b7400000| Complete 
| 373|0x00000000b7500000, 0x00000000b7600000, 0x00000000b7600000|100%| E|CS|TAMS 0x00000000b7500000, 0x00000000b7500000| Complete 
| 374|0x00000000b7600000, 0x00000000b7700000, 0x00000000b7700000|100%| E|CS|TAMS 0x00000000b7600000, 0x00000000b7600000| Complete 
| 375|0x00000000b7700000, 0x00000000b7800000, 0x00000000b7800000|100%| E|CS|TAMS 0x00000000b7700000, 0x00000000b7700000| Complete 
| 376|0x00000000b7800000, 0x00000000b7900000, 0x00000000b7900000|100%| E|CS|TAMS 0x00000000b7800000, 0x00000000b7800000| Complete 
| 377|0x00000000b7900000, 0x00000000b7a00000, 0x00000000b7a00000|100%| E|CS|TAMS 0x00000000b7900000, 0x00000000b7900000| Complete 
| 378|0x00000000b7a00000, 0x00000000b7b00000, 0x00000000b7b00000|100%| E|CS|TAMS 0x00000000b7a00000, 0x00000000b7a00000| Complete 
| 379|0x00000000b7b00000, 0x00000000b7c00000, 0x00000000b7c00000|100%| E|CS|TAMS 0x00000000b7b00000, 0x00000000b7b00000| Complete 
| 380|0x00000000b7c00000, 0x00000000b7d00000, 0x00000000b7d00000|100%| E|CS|TAMS 0x00000000b7c00000, 0x00000000b7c00000| Complete 
| 381|0x00000000b7d00000, 0x00000000b7e00000, 0x00000000b7e00000|100%| E|CS|TAMS 0x00000000b7d00000, 0x00000000b7d00000| Complete 
| 382|0x00000000b7e00000, 0x00000000b7f00000, 0x00000000b7f00000|100%| E|CS|TAMS 0x00000000b7e00000, 0x00000000b7e00000| Complete 
| 383|0x00000000b7f00000, 0x00000000b8000000, 0x00000000b8000000|100%| E|CS|TAMS 0x00000000b7f00000, 0x00000000b7f00000| Complete 
| 384|0x00000000b8000000, 0x00000000b8100000, 0x00000000b8100000|100%| E|CS|TAMS 0x00000000b8000000, 0x00000000b8000000| Complete 
| 385|0x00000000b8100000, 0x00000000b8200000, 0x00000000b8200000|100%| E|CS|TAMS 0x00000000b8100000, 0x00000000b8100000| Complete 
| 386|0x00000000b8200000, 0x00000000b8300000, 0x00000000b8300000|100%| E|CS|TAMS 0x00000000b8200000, 0x00000000b8200000| Complete 
| 387|0x00000000b8300000, 0x00000000b8400000, 0x00000000b8400000|100%| E|CS|TAMS 0x00000000b8300000, 0x00000000b8300000| Complete 
| 388|0x00000000b8400000, 0x00000000b8500000, 0x00000000b8500000|100%| E|CS|TAMS 0x00000000b8400000, 0x00000000b8400000| Complete 
| 389|0x00000000b8500000, 0x00000000b8600000, 0x00000000b8600000|100%| E|CS|TAMS 0x00000000b8500000, 0x00000000b8500000| Complete 
| 390|0x00000000b8600000, 0x00000000b8700000, 0x00000000b8700000|100%| E|CS|TAMS 0x00000000b8600000, 0x00000000b8600000| Complete 
| 391|0x00000000b8700000, 0x00000000b8800000, 0x00000000b8800000|100%| E|CS|TAMS 0x00000000b8700000, 0x00000000b8700000| Complete 
| 392|0x00000000b8800000, 0x00000000b8900000, 0x00000000b8900000|100%| E|CS|TAMS 0x00000000b8800000, 0x00000000b8800000| Complete 
| 393|0x00000000b8900000, 0x00000000b8a00000, 0x00000000b8a00000|100%| E|CS|TAMS 0x00000000b8900000, 0x00000000b8900000| Complete 
| 394|0x00000000b8a00000, 0x00000000b8b00000, 0x00000000b8b00000|100%| E|CS|TAMS 0x00000000b8a00000, 0x00000000b8a00000| Complete 
| 395|0x00000000b8b00000, 0x00000000b8c00000, 0x00000000b8c00000|100%| E|CS|TAMS 0x00000000b8b00000, 0x00000000b8b00000| Complete 
| 396|0x00000000b8c00000, 0x00000000b8d00000, 0x00000000b8d00000|100%| E|CS|TAMS 0x00000000b8c00000, 0x00000000b8c00000| Complete 
| 397|0x00000000b8d00000, 0x00000000b8e00000, 0x00000000b8e00000|100%| E|CS|TAMS 0x00000000b8d00000, 0x00000000b8d00000| Complete 
| 398|0x00000000b8e00000, 0x00000000b8f00000, 0x00000000b8f00000|100%| E|CS|TAMS 0x00000000b8e00000, 0x00000000b8e00000| Complete 
| 399|0x00000000b8f00000, 0x00000000b9000000, 0x00000000b9000000|100%| E|CS|TAMS 0x00000000b8f00000, 0x00000000b8f00000| Complete 
| 400|0x00000000b9000000, 0x00000000b9100000, 0x00000000b9100000|100%| E|CS|TAMS 0x00000000b9000000, 0x00000000b9000000| Complete 
| 401|0x00000000b9100000, 0x00000000b9200000, 0x00000000b9200000|100%| E|CS|TAMS 0x00000000b9100000, 0x00000000b9100000| Complete 
| 402|0x00000000b9200000, 0x00000000b9300000, 0x00000000b9300000|100%| E|CS|TAMS 0x00000000b9200000, 0x00000000b9200000| Complete 
| 403|0x00000000b9300000, 0x00000000b9400000, 0x00000000b9400000|100%| E|CS|TAMS 0x00000000b9300000, 0x00000000b9300000| Complete 
| 404|0x00000000b9400000, 0x00000000b9500000, 0x00000000b9500000|100%| E|CS|TAMS 0x00000000b9400000, 0x00000000b9400000| Complete 
| 405|0x00000000b9500000, 0x00000000b9600000, 0x00000000b9600000|100%| E|CS|TAMS 0x00000000b9500000, 0x00000000b9500000| Complete 
| 406|0x00000000b9600000, 0x00000000b9700000, 0x00000000b9700000|100%| E|CS|TAMS 0x00000000b9600000, 0x00000000b9600000| Complete 
| 407|0x00000000b9700000, 0x00000000b9800000, 0x00000000b9800000|100%| E|CS|TAMS 0x00000000b9700000, 0x00000000b9700000| Complete 
| 408|0x00000000b9800000, 0x00000000b9900000, 0x00000000b9900000|100%| E|CS|TAMS 0x00000000b9800000, 0x00000000b9800000| Complete 
| 409|0x00000000b9900000, 0x00000000b9a00000, 0x00000000b9a00000|100%| E|CS|TAMS 0x00000000b9900000, 0x00000000b9900000| Complete 
| 410|0x00000000b9a00000, 0x00000000b9b00000, 0x00000000b9b00000|100%| E|CS|TAMS 0x00000000b9a00000, 0x00000000b9a00000| Complete 
| 411|0x00000000b9b00000, 0x00000000b9c00000, 0x00000000b9c00000|100%| E|CS|TAMS 0x00000000b9b00000, 0x00000000b9b00000| Complete 
| 412|0x00000000b9c00000, 0x00000000b9d00000, 0x00000000b9d00000|100%| E|CS|TAMS 0x00000000b9c00000, 0x00000000b9c00000| Complete 
| 413|0x00000000b9d00000, 0x00000000b9e00000, 0x00000000b9e00000|100%| E|CS|TAMS 0x00000000b9d00000, 0x00000000b9d00000| Complete 
| 414|0x00000000b9e00000, 0x00000000b9f00000, 0x00000000b9f00000|100%| E|CS|TAMS 0x00000000b9e00000, 0x00000000b9e00000| Complete 
| 415|0x00000000b9f00000, 0x00000000ba000000, 0x00000000ba000000|100%| E|CS|TAMS 0x00000000b9f00000, 0x00000000b9f00000| Complete 
| 416|0x00000000ba000000, 0x00000000ba100000, 0x00000000ba100000|100%| E|CS|TAMS 0x00000000ba000000, 0x00000000ba000000| Complete 
| 417|0x00000000ba100000, 0x00000000ba200000, 0x00000000ba200000|100%| E|CS|TAMS 0x00000000ba100000, 0x00000000ba100000| Complete 
| 418|0x00000000ba200000, 0x00000000ba300000, 0x00000000ba300000|100%| E|CS|TAMS 0x00000000ba200000, 0x00000000ba200000| Complete 
| 419|0x00000000ba300000, 0x00000000ba400000, 0x00000000ba400000|100%| E|CS|TAMS 0x00000000ba300000, 0x00000000ba300000| Complete 
| 420|0x00000000ba400000, 0x00000000ba500000, 0x00000000ba500000|100%| E|CS|TAMS 0x00000000ba400000, 0x00000000ba400000| Complete 
| 421|0x00000000ba500000, 0x00000000ba600000, 0x00000000ba600000|100%| E|CS|TAMS 0x00000000ba500000, 0x00000000ba500000| Complete 
| 422|0x00000000ba600000, 0x00000000ba700000, 0x00000000ba700000|100%| E|CS|TAMS 0x00000000ba600000, 0x00000000ba600000| Complete 
| 423|0x00000000ba700000, 0x00000000ba800000, 0x00000000ba800000|100%| E|CS|TAMS 0x00000000ba700000, 0x00000000ba700000| Complete 
| 424|0x00000000ba800000, 0x00000000ba900000, 0x00000000ba900000|100%| E|CS|TAMS 0x00000000ba800000, 0x00000000ba800000| Complete 

Card table byte_map: [0x0000021f6e560000,0x0000021f6e860000] _byte_map_base: 0x0000021f6e060000

Marking Bits (Prev, Next): (CMBitMap*) 0x0000021f56a9c758, (CMBitMap*) 0x0000021f56a9c790
 Prev Bits: [0x0000021f6eb60000, 0x0000021f70360000)
 Next Bits: [0x0000021f70360000, 0x0000021f71b60000)

Polling page: 0x0000021f56250000

Metaspace:

Usage:
  Non-class:    124.92 MB capacity,   122.07 MB ( 98%) used,     2.32 MB (  2%) free+waste,   531.56 KB ( <1%) overhead. 
      Class:     19.17 MB capacity,    17.51 MB ( 91%) used,     1.43 MB (  7%) free+waste,   240.13 KB (  1%) overhead. 
       Both:    144.09 MB capacity,   139.59 MB ( 97%) used,     3.75 MB (  3%) free+waste,   771.69 KB ( <1%) overhead. 

Virtual space:
  Non-class space:      126.00 MB reserved,     124.95 MB (>99%) committed 
      Class space:        1.00 GB reserved,      19.25 MB (  2%) committed 
             Both:        1.12 GB reserved,     144.20 MB ( 13%) committed 

Chunk freelists:
   Non-Class:  4.00 KB
       Class:  0 bytes
        Both:  4.00 KB

CodeHeap 'non-profiled nmethods': size=120000Kb used=13228Kb max_used=13228Kb free=106771Kb
 bounds [0x0000021f66a00000, 0x0000021f676f0000, 0x0000021f6df30000]
CodeHeap 'profiled nmethods': size=120000Kb used=44898Kb max_used=44898Kb free=75101Kb
 bounds [0x0000021f5f4d0000, 0x0000021f620d0000, 0x0000021f66a00000]
CodeHeap 'non-nmethods': size=5760Kb used=2378Kb max_used=2455Kb free=3381Kb
 bounds [0x0000021f5ef30000, 0x0000021f5f1b0000, 0x0000021f5f4d0000]
 total_blobs=22863 nmethods=21857 adapters=914
 compilation: enabled
              stopped_count=0, restarted_count=0
 full_count=0

Compilation events (10 events):
Event: 442.716 Thread 0x0000021f745d9800 nmethod 24559% 0x0000021f676e1890 code [0x0000021f676e1c00, 0x0000021f676e64e8]
Event: 442.716 Thread 0x0000021f745d9800 24601       4       com.android.tools.r8.graph.d0::k0 (14 bytes)
Event: 442.718 Thread 0x0000021f745d9800 nmethod 24601 0x0000021f676e8890 code [0x0000021f676e8a20, 0x0000021f676e8af8]
Event: 442.718 Thread 0x0000021f745d9800 24577       4       com.android.tools.r8.dex.z$g::b (38 bytes)
Event: 442.778 Thread 0x0000021f745df000 24617 %     3       com.android.tools.r8.internal.fu::a @ 77 (185 bytes)
Event: 442.779 Thread 0x0000021f745df000 nmethod 24617% 0x0000021f620c0590 code [0x0000021f620c0800, 0x0000021f620c1368]
Event: 442.786 Thread 0x0000021f745df000 24618       2       java.util.stream.SortedOps$SizedRefSortingSink::end (129 bytes)
Event: 442.786 Thread 0x0000021f745df000 nmethod 24618 0x0000021f620c1810 code [0x0000021f620c1a20, 0x0000021f620c1dd8]
Event: 442.800 Thread 0x0000021f745d9800 nmethod 24577 0x0000021f676e8c10 code [0x0000021f676e8f40, 0x0000021f676eb200]
Event: 442.800 Thread 0x0000021f745d9800 24620       4       com.android.tools.r8.internal.dk::b (156 bytes)

GC Heap History (10 events):
Event: 439.501 GC heap before
{Heap before GC invocations=62 (full 0):
 garbage-first heap   total 387072K, used 290816K [0x00000000a0000000, 0x0000000100000000)
  region size 1024K, 99 young (101376K), 7 survivors (7168K)
 Metaspace       used 135598K, capacity 139654K, committed 139852K, reserved 1171456K
  class space    used 16992K, capacity 18473K, committed 18560K, reserved 1048576K
}
Event: 439.511 GC heap after
{Heap after GC invocations=63 (full 0):
 garbage-first heap   total 387072K, used 199890K [0x00000000a0000000, 0x0000000100000000)
  region size 1024K, 3 young (3072K), 3 survivors (3072K)
 Metaspace       used 135598K, capacity 139654K, committed 139852K, reserved 1171456K
  class space    used 16992K, capacity 18473K, committed 18560K, reserved 1048576K
}
Event: 439.881 GC heap before
{Heap before GC invocations=63 (full 0):
 garbage-first heap   total 387072K, used 299218K [0x00000000a0000000, 0x0000000100000000)
  region size 1024K, 97 young (99328K), 3 survivors (3072K)
 Metaspace       used 138708K, capacity 143039K, committed 143308K, reserved 1173504K
  class space    used 17492K, capacity 19116K, committed 19200K, reserved 1048576K
}
Event: 439.911 GC heap after
{Heap after GC invocations=64 (full 0):
 garbage-first heap   total 387072K, used 221346K [0x00000000a0000000, 0x0000000100000000)
  region size 1024K, 13 young (13312K), 13 survivors (13312K)
 Metaspace       used 138708K, capacity 143039K, committed 143308K, reserved 1173504K
  class space    used 17492K, capacity 19116K, committed 19200K, reserved 1048576K
}
Event: 440.439 GC heap before
{Heap before GC invocations=64 (full 0):
 garbage-first heap   total 387072K, used 303266K [0x00000000a0000000, 0x0000000100000000)
  region size 1024K, 94 young (96256K), 13 survivors (13312K)
 Metaspace       used 141064K, capacity 145598K, committed 145868K, reserved 1175552K
  class space    used 17722K, capacity 19409K, committed 19456K, reserved 1048576K
}
Event: 440.457 GC heap after
{Heap after GC invocations=65 (full 0):
 garbage-first heap   total 435200K, used 224767K [0x00000000a0000000, 0x0000000100000000)
  region size 1024K, 6 young (6144K), 6 survivors (6144K)
 Metaspace       used 141064K, capacity 145598K, committed 145868K, reserved 1175552K
  class space    used 17722K, capacity 19409K, committed 19456K, reserved 1048576K
}
Event: 441.174 GC heap before
{Heap before GC invocations=65 (full 0):
 garbage-first heap   total 435200K, used 339455K [0x00000000a0000000, 0x0000000100000000)
  region size 1024K, 106 young (108544K), 6 survivors (6144K)
 Metaspace       used 141736K, capacity 146351K, committed 146508K, reserved 1175552K
  class space    used 17774K, capacity 19479K, committed 19584K, reserved 1048576K
}
Event: 441.191 GC heap after
{Heap after GC invocations=66 (full 0):
 garbage-first heap   total 435200K, used 243420K [0x00000000a0000000, 0x0000000100000000)
  region size 1024K, 14 young (14336K), 14 survivors (14336K)
 Metaspace       used 141736K, capacity 146351K, committed 146508K, reserved 1175552K
  class space    used 17774K, capacity 19479K, committed 19584K, reserved 1048576K
}
Event: 441.879 GC heap before
{Heap before GC invocations=66 (full 0):
 garbage-first heap   total 435200K, used 340700K [0x00000000a0000000, 0x0000000100000000)
  region size 1024K, 110 young (112640K), 14 survivors (14336K)
 Metaspace       used 142571K, capacity 147127K, committed 147276K, reserved 1177600K
  class space    used 17874K, capacity 19565K, committed 19584K, reserved 1048576K
}
Event: 441.927 GC heap after
{Heap after GC invocations=67 (full 0):
 garbage-first heap   total 435200K, used 263060K [0x00000000a0000000, 0x0000000100000000)
  region size 1024K, 14 young (14336K), 14 survivors (14336K)
 Metaspace       used 142571K, capacity 147127K, committed 147276K, reserved 1177600K
  class space    used 17874K, capacity 19565K, committed 19584K, reserved 1048576K
}

Deoptimization events (10 events):
Event: 441.456 Thread 0x0000021f7a918000 Uncommon trap: reason=unstable_if action=reinterpret pc=0x0000021f6742816c method=java.lang.Long.toString(JI)Ljava/lang/String; @ 17 c2
Event: 442.169 Thread 0x0000021f0072a800 Uncommon trap: reason=unstable_if action=reinterpret pc=0x0000021f67076628 method=com.android.tools.r8.internal.E9.a(C)Z @ 45 c2
Event: 442.226 Thread 0x0000021f0072a800 Uncommon trap: reason=intrinsic_or_type_checked_inlining action=make_not_entrant pc=0x0000021f676c4d4c method=java.util.stream.SpinedBuffer.copyInto([Ljava/lang/Object;I)V @ 125 c2
Event: 442.381 Thread 0x0000021f7a918000 Uncommon trap: reason=unstable_if action=reinterpret pc=0x0000021f67374cec method=java.io.ObjectOutputStream$BlockDataOutputStream.writeBytes(Ljava/lang/String;)V @ 22 c2
Event: 442.382 Thread 0x0000021f7a918000 Uncommon trap: reason=unstable_if action=reinterpret pc=0x0000021f67216a34 method=java.io.ObjectOutputStream$BlockDataOutputStream.writeBytes(Ljava/lang/String;)V @ 22 c2
Event: 442.391 Thread 0x0000021f7a918000 Uncommon trap: reason=unstable_if action=reinterpret pc=0x0000021f675c62a0 method=java.io.ObjectOutputStream$BlockDataOutputStream.writeInt(I)V @ 9 c2
Event: 442.403 Thread 0x0000021f7a918000 Uncommon trap: reason=unstable_if action=reinterpret pc=0x0000021f66cecb48 method=java.lang.StringCoding.decode(Ljava/nio/charset/Charset;[BII)Ljava/lang/StringCoding$Result; @ 19 c2
Event: 442.406 Thread 0x0000021f7a918000 Uncommon trap: reason=unstable_if action=reinterpret pc=0x0000021f66ceed2c method=java.lang.StringCoding.decode(Ljava/nio/charset/Charset;[BII)Ljava/lang/StringCoding$Result; @ 19 c2
Event: 442.498 Thread 0x0000021f0072a800 Uncommon trap: reason=unstable_if action=reinterpret pc=0x0000021f676de4d8 method=com.android.tools.r8.internal.E9.a(C)Z @ 21 c2
Event: 442.498 Thread 0x0000021f0072a800 Uncommon trap: reason=unstable_if action=reinterpret pc=0x0000021f670483d8 method=com.android.tools.r8.internal.E9.a(C)Z @ 21 c2

Classes redefined (0 events):
No events

Internal exceptions (10 events):
Event: 440.887 Thread 0x0000021f7a917000 Exception <a 'sun/nio/fs/WindowsException'{0x00000000b70d4600}> (0x00000000b70d4600) thrown at [./open/src/hotspot/share/prims/jni.cpp, line 611]
Event: 440.889 Thread 0x0000021f7a917000 Exception <a 'sun/nio/fs/WindowsException'{0x00000000b70dd178}> (0x00000000b70dd178) thrown at [./open/src/hotspot/share/prims/jni.cpp, line 611]
Event: 440.891 Thread 0x0000021f7a917000 Exception <a 'sun/nio/fs/WindowsException'{0x00000000b70e71b8}> (0x00000000b70e71b8) thrown at [./open/src/hotspot/share/prims/jni.cpp, line 611]
Event: 440.894 Thread 0x0000021f7a917000 Exception <a 'sun/nio/fs/WindowsException'{0x00000000b6fd29c0}> (0x00000000b6fd29c0) thrown at [./open/src/hotspot/share/prims/jni.cpp, line 611]
Event: 440.897 Thread 0x0000021f7a917000 Exception <a 'sun/nio/fs/WindowsException'{0x00000000b6fda550}> (0x00000000b6fda550) thrown at [./open/src/hotspot/share/prims/jni.cpp, line 611]
Event: 441.054 Thread 0x0000021f0072a800 Exception <a 'sun/nio/fs/WindowsException'{0x00000000b64cd7e0}> (0x00000000b64cd7e0) thrown at [./open/src/hotspot/share/prims/jni.cpp, line 611]
Event: 441.278 Thread 0x0000021f7a918800 Exception <a 'sun/nio/fs/WindowsException'{0x00000000b84adec0}> (0x00000000b84adec0) thrown at [./open/src/hotspot/share/prims/jni.cpp, line 611]
Event: 441.278 Thread 0x0000021f7a918800 Exception <a 'sun/nio/fs/WindowsException'{0x00000000b84aed90}> (0x00000000b84aed90) thrown at [./open/src/hotspot/share/prims/jni.cpp, line 611]
Event: 441.290 Thread 0x0000021f7a918000 Exception <a 'sun/nio/fs/WindowsException'{0x00000000b807ca88}> (0x00000000b807ca88) thrown at [./open/src/hotspot/share/prims/jni.cpp, line 611]
Event: 442.122 Thread 0x0000021f7a918000 Exception <a 'java/lang/NoSuchMethodError'{0x00000000b9ec7a90}: java.lang.invoke.DirectMethodHandle$Holder.invokeVirtual(Ljava/lang/Object;Ljava/lang/Object;I)Ljava/lang/Object;> (0x00000000b9ec7a90) thrown at [./open/src/hotspot/share/interpreter/linkRes

Events (10 events):
Event: 442.798 Thread 0x0000021f0072a800 DEOPT PACKING pc=0x0000021f60034038 sp=0x000000ec2d8fd240
Event: 442.798 Thread 0x0000021f0072a800 DEOPT UNPACKING pc=0x0000021f5ef56dde sp=0x000000ec2d8fc750 mode 0
Event: 442.798 Thread 0x0000021f0072a800 DEOPT PACKING pc=0x0000021f60034038 sp=0x000000ec2d8fd2c0
Event: 442.798 Thread 0x0000021f0072a800 DEOPT UNPACKING pc=0x0000021f5ef56dde sp=0x000000ec2d8fc7d0 mode 0
Event: 442.799 Thread 0x0000021f0072a800 DEOPT PACKING pc=0x0000021f60034038 sp=0x000000ec2d8fd240
Event: 442.799 Thread 0x0000021f0072a800 DEOPT UNPACKING pc=0x0000021f5ef56dde sp=0x000000ec2d8fc750 mode 0
Event: 442.799 Thread 0x0000021f0072a800 DEOPT PACKING pc=0x0000021f60034038 sp=0x000000ec2d8fd240
Event: 442.799 Thread 0x0000021f0072a800 DEOPT UNPACKING pc=0x0000021f5ef56dde sp=0x000000ec2d8fc750 mode 0
Event: 442.800 Thread 0x0000021f0072a800 DEOPT PACKING pc=0x0000021f60034038 sp=0x000000ec2d8fd240
Event: 442.800 Thread 0x0000021f0072a800 DEOPT UNPACKING pc=0x0000021f5ef56dde sp=0x000000ec2d8fc750 mode 0


Dynamic libraries:
0x00007ff7ff410000 - 0x00007ff7ff41f000 	C:\Program Files\Java\jdk-11.0.12\bin\java.exe
0x00007ff939a70000 - 0x00007ff939c65000 	C:\WINDOWS\SYSTEM32\ntdll.dll
0x00007ff937ed0000 - 0x00007ff937f8e000 	C:\WINDOWS\System32\KERNEL32.DLL
0x00007ff9376c0000 - 0x00007ff937988000 	C:\WINDOWS\System32\KERNELBASE.dll
0x00007ff937990000 - 0x00007ff937a90000 	C:\WINDOWS\System32\ucrtbase.dll
0x00007ff923070000 - 0x00007ff923085000 	C:\Program Files\Java\jdk-11.0.12\bin\VCRUNTIME140.dll
0x00007ff921a80000 - 0x00007ff921a98000 	C:\Program Files\Java\jdk-11.0.12\bin\jli.dll
0x00007ff938330000 - 0x00007ff9383dc000 	C:\WINDOWS\System32\ADVAPI32.dll
0x00007ff938f30000 - 0x00007ff938fce000 	C:\WINDOWS\System32\msvcrt.dll
0x00007ff9380d0000 - 0x00007ff93816b000 	C:\WINDOWS\System32\sechost.dll
0x00007ff9383f0000 - 0x00007ff93851a000 	C:\WINDOWS\System32\RPCRT4.dll
0x00007ff938900000 - 0x00007ff938aa1000 	C:\WINDOWS\System32\USER32.dll
0x00007ff937a90000 - 0x00007ff937ab2000 	C:\WINDOWS\System32\win32u.dll
0x00007ff9244e0000 - 0x00007ff92477a000 	C:\WINDOWS\WinSxS\amd64_microsoft.windows.common-controls_6595b64144ccf1df_6.0.19041.1110_none_60b5254171f9507e\COMCTL32.dll
0x00007ff9382a0000 - 0x00007ff9382cb000 	C:\WINDOWS\System32\GDI32.dll
0x00007ff9372d0000 - 0x00007ff9373db000 	C:\WINDOWS\System32\gdi32full.dll
0x00007ff9373e0000 - 0x00007ff93747d000 	C:\WINDOWS\System32\msvcp_win.dll
0x00007ff9304b0000 - 0x00007ff9304ba000 	C:\WINDOWS\SYSTEM32\VERSION.dll
0x00007ff937b20000 - 0x00007ff937b50000 	C:\WINDOWS\System32\IMM32.DLL
0x00007ff8fd980000 - 0x00007ff8fda1b000 	C:\Program Files\Java\jdk-11.0.12\bin\msvcp140.dll
0x00007ff8e5830000 - 0x00007ff8e632f000 	C:\Program Files\Java\jdk-11.0.12\bin\server\jvm.dll
0x00007ff9383e0000 - 0x00007ff9383e8000 	C:\WINDOWS\System32\PSAPI.DLL
0x00007ff932c50000 - 0x00007ff932c59000 	C:\WINDOWS\SYSTEM32\WSOCK32.dll
0x00007ff9154f0000 - 0x00007ff915517000 	C:\WINDOWS\SYSTEM32\WINMM.dll
0x00007ff938170000 - 0x00007ff9381db000 	C:\WINDOWS\System32\WS2_32.dll
0x00007ff935a10000 - 0x00007ff935a22000 	C:\WINDOWS\SYSTEM32\kernel.appcore.dll
0x00007ff92dc20000 - 0x00007ff92dc30000 	C:\Program Files\Java\jdk-11.0.12\bin\verify.dll
0x00007ff934f90000 - 0x00007ff935174000 	C:\WINDOWS\SYSTEM32\DBGHELP.DLL
0x00007ff920170000 - 0x00007ff92019c000 	C:\WINDOWS\SYSTEM32\dbgcore.DLL
0x00007ff937240000 - 0x00007ff9372c3000 	C:\WINDOWS\System32\bcryptPrimitives.dll
0x00007ff921900000 - 0x00007ff921928000 	C:\Program Files\Java\jdk-11.0.12\bin\java.dll
0x00007ff92aac0000 - 0x00007ff92aaca000 	C:\Program Files\Java\jdk-11.0.12\bin\jimage.dll
0x00007ff920720000 - 0x00007ff920736000 	C:\Program Files\Java\jdk-11.0.12\bin\zip.dll
0x00007ff939240000 - 0x00007ff93997f000 	C:\WINDOWS\System32\SHELL32.dll
0x00007ff935270000 - 0x00007ff935a00000 	C:\WINDOWS\SYSTEM32\windows.storage.dll
0x00007ff937b50000 - 0x00007ff937ea5000 	C:\WINDOWS\System32\combase.dll
0x00007ff936be0000 - 0x00007ff936c0e000 	C:\WINDOWS\SYSTEM32\Wldp.dll
0x00007ff938fe0000 - 0x00007ff93908d000 	C:\WINDOWS\System32\SHCORE.dll
0x00007ff937ac0000 - 0x00007ff937b15000 	C:\WINDOWS\System32\shlwapi.dll
0x00007ff9370d0000 - 0x00007ff9370ef000 	C:\WINDOWS\SYSTEM32\profapi.dll
0x00007ff919020000 - 0x00007ff919039000 	C:\Program Files\Java\jdk-11.0.12\bin\net.dll
0x00007ff92f900000 - 0x00007ff92fa0c000 	C:\WINDOWS\SYSTEM32\WINHTTP.dll
0x00007ff936940000 - 0x00007ff9369aa000 	C:\WINDOWS\system32\mswsock.dll
0x00007ff917310000 - 0x00007ff917322000 	C:\Program Files\Java\jdk-11.0.12\bin\nio.dll
0x00007ff925640000 - 0x00007ff925667000 	C:\Users\devan\.gradle\native\8bec1ad78214c89d9ad589b4d07fe93259594b29d510b10fafb7a158f7737e5d\windows-amd64\native-platform.dll
0x00007ff9125e0000 - 0x00007ff91271d000 	C:\Users\devan\.gradle\native\53dbd7edfb1c66fb8903c78663c9afc45aea4f116125fa6feffd364cf09443e8\windows-amd64\native-platform-file-events.dll
0x00007ff92a9f0000 - 0x00007ff92a9f9000 	C:\Program Files\Java\jdk-11.0.12\bin\management.dll
0x00007ff929850000 - 0x00007ff92985b000 	C:\Program Files\Java\jdk-11.0.12\bin\management_ext.dll
0x00007ff936b30000 - 0x00007ff936b48000 	C:\WINDOWS\SYSTEM32\CRYPTSP.dll
0x00007ff936250000 - 0x00007ff936284000 	C:\WINDOWS\system32\rsaenh.dll
0x00007ff937480000 - 0x00007ff9374a7000 	C:\WINDOWS\System32\bcrypt.dll
0x00007ff937090000 - 0x00007ff9370be000 	C:\WINDOWS\SYSTEM32\USERENV.dll
0x00007ff936b50000 - 0x00007ff936b5c000 	C:\WINDOWS\SYSTEM32\CRYPTBASE.dll
0x00007ff9365e0000 - 0x00007ff93661b000 	C:\WINDOWS\SYSTEM32\IPHLPAPI.DLL
0x00007ff9380c0000 - 0x00007ff9380c8000 	C:\WINDOWS\System32\NSI.dll
0x00007ff92e680000 - 0x00007ff92e697000 	C:\WINDOWS\SYSTEM32\dhcpcsvc6.DLL
0x00007ff92e660000 - 0x00007ff92e67d000 	C:\WINDOWS\SYSTEM32\dhcpcsvc.DLL
0x00007ff936630000 - 0x00007ff9366fb000 	C:\WINDOWS\SYSTEM32\DNSAPI.dll
0x00007ff935e80000 - 0x00007ff935eb3000 	C:\WINDOWS\SYSTEM32\ntmarta.dll

dbghelp: loaded successfully - version: 4.0.5 - missing functions: none
symbol engine: initialized successfully - sym options: 0x614 - pdb path: .;C:\Program Files\Java\jdk-11.0.12\bin;C:\WINDOWS\SYSTEM32;C:\WINDOWS\WinSxS\amd64_microsoft.windows.common-controls_6595b64144ccf1df_6.0.19041.1110_none_60b5254171f9507e;C:\Program Files\Java\jdk-11.0.12\bin\server;C:\Users\devan\.gradle\native\8bec1ad78214c89d9ad589b4d07fe93259594b29d510b10fafb7a158f7737e5d\windows-amd64;C:\Users\devan\.gradle\native\53dbd7edfb1c66fb8903c78663c9afc45aea4f116125fa6feffd364cf09443e8\windows-amd64

VM Arguments:
jvm_args: --add-opens=java.base/java.util=ALL-UNNAMED --add-opens=java.base/java.lang=ALL-UNNAMED --add-opens=java.base/java.lang.invoke=ALL-UNNAMED --add-opens=java.base/java.util=ALL-UNNAMED --add-opens=java.prefs/java.util.prefs=ALL-UNNAMED --add-opens=java.prefs/java.util.prefs=ALL-UNNAMED --add-opens=java.base/java.nio.charset=ALL-UNNAMED --add-opens=java.base/java.net=ALL-UNNAMED --add-opens=java.base/java.util.concurrent.atomic=ALL-UNNAMED -Xmx1536m -Dfile.encoding=windows-1252 -Duser.country=IN -Duser.language=en -Duser.variant 
java_command: org.gradle.launcher.daemon.bootstrap.GradleDaemon 7.0.2
java_class_path (initial): C:\Users\devan\.gradle\wrapper\dists\gradle-7.0.2-bin\857tjihv64xamwrf0h14cai3r\gradle-7.0.2\lib\gradle-launcher-7.0.2.jar
Launcher Type: SUN_STANDARD

[Global flags]
     intx CICompilerCount                          = 4                                         {product} {ergonomic}
     uint ConcGCThreads                            = 2                                         {product} {ergonomic}
     uint G1ConcRefinementThreads                  = 8                                         {product} {ergonomic}
   size_t G1HeapRegionSize                         = 1048576                                   {product} {ergonomic}
    uintx GCDrainStackTargetSize                   = 64                                        {product} {ergonomic}
   size_t InitialHeapSize                          = 132120576                                 {product} {ergonomic}
   size_t MarkStackSize                            = 4194304                                   {product} {ergonomic}
   size_t MaxHeapSize                              = 1610612736                                {product} {command line}
   size_t MaxNewSize                               = 965738496                                 {product} {ergonomic}
   size_t MinHeapDeltaBytes                        = 1048576                                   {product} {ergonomic}
    uintx NonNMethodCodeHeapSize                   = 5836300                                {pd product} {ergonomic}
    uintx NonProfiledCodeHeapSize                  = 122910970                              {pd product} {ergonomic}
    uintx ProfiledCodeHeapSize                     = 122910970                              {pd product} {ergonomic}
    uintx ReservedCodeCacheSize                    = 251658240                              {pd product} {ergonomic}
     bool SegmentedCodeCache                       = true                                      {product} {ergonomic}
     bool UseCompressedClassPointers               = true                                 {lp64_product} {ergonomic}
     bool UseCompressedOops                        = true                                 {lp64_product} {ergonomic}
     bool UseG1GC                                  = true                                      {product} {ergonomic}
     bool UseLargePagesIndividualAllocation        = false                                  {pd product} {ergonomic}

Logging:
Log output configuration:
 #0: stdout all=warning uptime,level,tags
 #1: stderr all=off uptime,level,tags

Environment Variables:
JAVA_HOME=C:\Program Files\Java\jdk-11.0.12
PATH=C:\Program Files\Common Files\Oracle\Java\javapath;C:\Program Files (x86)\Common Files\Oracle\Java\javapath;C:\WINDOWS\system32;C:\WINDOWS;C:\WINDOWS\System32\Wbem;C:\WINDOWS\System32\WindowsPowerShell\v1.0\;C:\WINDOWS\System32\OpenSSH\;C:\Program Files\Java\jdk1.8.0_271\bin;C:\Program Files\Git\cmd;C:\Program Files\NVIDIA Corporation\NVIDIA NvDLISR;C:\Users\devan\AppData\Local\Microsoft\WindowsApps;C:\MinGW\bin
USERNAME=devan
OS=Windows_NT
PROCESSOR_IDENTIFIER=Intel64 Family 6 Model 165 Stepping 2, GenuineIntel



---------------  S Y S T E M  ---------------

OS: Windows 10 , 64 bit Build 19041 (10.0.19041.1320)

CPU:total 8 (initial active 8) (4 cores per cpu, 2 threads per core) family 6 model 165 stepping 2 microcode 0xea, cmov, cx8, fxsr, mmx, sse, sse2, sse3, ssse3, sse4.1, sse4.2, popcnt, avx, avx2, aes, clmul, erms, 3dnowpref, lzcnt, ht, tsc, tscinvbit, bmi1, bmi2, adx, fma

Memory: 4k page, system-wide physical 8059M (1122M free)
TotalPageFile size 11865M (AvailPageFile size 19M)
current process WorkingSet (physical memory assigned to process): 832M, peak: 835M
current process commit charge ("private bytes"): 895M, peak: 898M

vm_info: Java HotSpot(TM) 64-Bit Server VM (11.0.12+8-LTS-237) for windows-amd64 JRE (11.0.12+8-LTS-237), built on Jun  8 2021 11:25:59 by "mach5one" with MS VC++ 15.9 (VS2017)

END.
