#
# There is insufficient memory for the Java Runtime Environment to continue.
# Native memory allocation (malloc) failed to allocate 977936 bytes for Chunk::new
# Possible reasons:
#   The system is out of physical RAM or swap space
#   The process is running with CompressedOops enabled, and the Java Heap may be blocking the growth of the native heap
# Possible solutions:
#   Reduce memory load on the system
#   Increase physical memory or swap space
#   Check if swap backing store is full
#   Decrease Java heap size (-Xmx/-Xms)
#   Decrease number of Java threads
#   Decrease Java thread stack sizes (-Xss)
#   Set larger code cache with -XX:ReservedCodeCacheSize=
#   JVM is running with Unscaled Compressed Oops mode in which the Java heap is
#     placed in the first 4GB address space. The Java Heap base address is the
#     maximum limit for the native heap growth. Please use -XX:HeapBaseMinAddress
#     to set the Java Heap base and to place the Java Heap above 4GB virtual address.
# This output file may be truncated or incomplete.
#
#  Out of Memory Error (allocation.cpp:389), pid=2372, tid=0x00000000000025a8
#
# JRE version: Java(TM) SE Runtime Environment (8.0_271-b09) (build 1.8.0_271-b09)
# Java VM: Java HotSpot(TM) 64-Bit Server VM (25.271-b09 mixed mode windows-amd64 compressed oops)
# Failed to write core dump. Minidumps are not enabled by default on client versions of Windows
#

---------------  T H R E A D  ---------------

Current thread (0x000001a448511800):  JavaThread "C2 CompilerThread2" daemon [_thread_in_native, id=9640, stack(0x0000008de9700000,0x0000008de9800000)]

Stack: [0x0000008de9700000,0x0000008de9800000]
Native frames: (J=compiled Java code, j=interpreted, Vv=VM code, C=native code)
V  [jvm.dll+0x33f6c9]
V  [jvm.dll+0x286122]
V  [jvm.dll+0x286dcd]
V  [jvm.dll+0x27d805]
V  [jvm.dll+0xe574c]
V  [jvm.dll+0xe5f4c]
V  [jvm.dll+0x480043]
V  [jvm.dll+0x447c30]
V  [jvm.dll+0x450c25]
V  [jvm.dll+0x44ffe5]
V  [jvm.dll+0x43aef7]
V  [jvm.dll+0xbc3eb]
V  [jvm.dll+0xbaa4b]
V  [jvm.dll+0x24e7c2]
V  [jvm.dll+0x2a2dcc]
C  [ucrtbase.dll+0x21bb2]
C  [KERNEL32.DLL+0x17034]
C  [ntdll.dll+0x52651]


Current CompileTask:
C2:   3061 2672       4       org.codehaus.groovy.runtime.metaclass.MetaMethodIndex::addMethodToList (298 bytes)


---------------  P R O C E S S  ---------------

Java Threads: ( => current thread )
  0x000001a44dd39800 JavaThread "Cache worker for file content cache (C:\Users\devan\.gradle\caches\6.5\fileContent)" [_thread_blocked, id=11168, stack(0x0000008dec300000,0x0000008dec400000)]
  0x000001a44af4e000 JavaThread "Cache worker for execution history cache (C:\Users\devan\.gradle\caches\6.5\executionHistory)" [_thread_blocked, id=9236, stack(0x0000008dec200000,0x0000008dec300000)]
  0x000001a44af4d000 JavaThread "Cache worker for cache directory md-rule (C:\Users\devan\.gradle\caches\6.5\md-rule)" [_thread_blocked, id=3676, stack(0x0000008dec100000,0x0000008dec200000)]
  0x000001a44af4a000 JavaThread "Cache worker for cache directory md-supplier (C:\Users\devan\.gradle\caches\6.5\md-supplier)" [_thread_blocked, id=11204, stack(0x0000008dec000000,0x0000008dec100000)]
  0x000001a44af4c800 JavaThread "Cache worker for checksums cache (C:\Users\devan\Documents\Android project\Medicine Reminder Android App Project\.gradle\checksums)" [_thread_blocked, id=12220, stack(0x0000008debf00000,0x0000008dec000000)]
  0x000001a44af4f800 JavaThread "jar transforms Thread 20" [_thread_blocked, id=8932, stack(0x0000008debe00000,0x0000008debf00000)]
  0x000001a44af49800 JavaThread "jar transforms Thread 19" [_thread_blocked, id=4884, stack(0x0000008debd00000,0x0000008debe00000)]
  0x000001a44af4b000 JavaThread "jar transforms Thread 18" [_thread_blocked, id=11596, stack(0x0000008debc00000,0x0000008debd00000)]
  0x000001a44af4b800 JavaThread "jar transforms Thread 17" [_thread_blocked, id=10204, stack(0x0000008debb00000,0x0000008debc00000)]
  0x000001a44af42000 JavaThread "jar transforms Thread 16" [_thread_blocked, id=14204, stack(0x0000008deba00000,0x0000008debb00000)]
  0x000001a44af48800 JavaThread "jar transforms Thread 15" [_thread_blocked, id=13300, stack(0x0000008deb900000,0x0000008deba00000)]
  0x000001a44af41000 JavaThread "jar transforms Thread 14" [_thread_blocked, id=3948, stack(0x0000008deb800000,0x0000008deb900000)]
  0x000001a44af43800 JavaThread "jar transforms Thread 13" [_thread_blocked, id=9784, stack(0x0000008deb700000,0x0000008deb800000)]
  0x000001a44af47000 JavaThread "jar transforms Thread 12" [_thread_blocked, id=9268, stack(0x0000008deb600000,0x0000008deb700000)]
  0x000001a44af46800 JavaThread "jar transforms Thread 11" [_thread_blocked, id=11128, stack(0x0000008deb500000,0x0000008deb600000)]
  0x000001a44af45800 JavaThread "jar transforms Thread 10" [_thread_blocked, id=8468, stack(0x0000008deb400000,0x0000008deb500000)]
  0x000001a44af42800 JavaThread "jar transforms Thread 9" [_thread_blocked, id=1976, stack(0x0000008deb300000,0x0000008deb400000)]
  0x000001a44af44000 JavaThread "jar transforms Thread 8" [_thread_blocked, id=5416, stack(0x0000008deb200000,0x0000008deb300000)]
  0x000001a44af48000 JavaThread "jar transforms Thread 7" [_thread_blocked, id=6308, stack(0x0000008deb100000,0x0000008deb200000)]
  0x000001a44af40800 JavaThread "jar transforms Thread 6" [_thread_blocked, id=6540, stack(0x0000008deb000000,0x0000008deb100000)]
  0x000001a44af45000 JavaThread "jar transforms Thread 5" [_thread_blocked, id=11132, stack(0x0000008deaf00000,0x0000008deb000000)]
  0x000001a44852b800 JavaThread "jar transforms Thread 4" [_thread_blocked, id=12508, stack(0x0000008deae00000,0x0000008deaf00000)]
  0x000001a44852b000 JavaThread "jar transforms Thread 3" [_thread_blocked, id=8208, stack(0x0000008dead00000,0x0000008deae00000)]
  0x000001a448526800 JavaThread "jar transforms Thread 2" [_thread_blocked, id=10768, stack(0x0000008deac00000,0x0000008dead00000)]
  0x000001a448525000 JavaThread "jar transforms" [_thread_blocked, id=14800, stack(0x0000008deab00000,0x0000008deac00000)]
  0x000001a448527000 JavaThread "Cache worker for file hash cache (C:\Users\devan\Documents\Android project\Medicine Reminder Android App Project\.gradle\6.5\fileHashes)" [_thread_blocked, id=3580, stack(0x0000008deaa00000,0x0000008deab00000)]
  0x000001a44852a000 JavaThread "Cache worker for file hash cache (C:\Users\devan\.gradle\caches\6.5\fileHashes)" [_thread_blocked, id=1556, stack(0x0000008dea900000,0x0000008deaa00000)]
  0x000001a448529800 JavaThread "File lock request listener" [_thread_in_native, id=15268, stack(0x0000008dea800000,0x0000008dea900000)]
  0x000001a448525800 JavaThread "Cache worker for journal cache (C:\Users\devan\.gradle\caches\journal-1)" [_thread_blocked, id=1988, stack(0x0000008dea700000,0x0000008dea800000)]
  0x000001a44b68c800 JavaThread "Thread-9" [_thread_blocked, id=10320, stack(0x0000008dea600000,0x0000008dea700000)]
  0x000001a44b67f800 JavaThread "Stdin handler" [_thread_blocked, id=14160, stack(0x0000008dea500000,0x0000008dea600000)]
  0x000001a44b679800 JavaThread "Asynchronous log dispatcher for DefaultDaemonConnection: socket connection from /127.0.0.1:52777 to /127.0.0.1:52778" [_thread_blocked, id=14156, stack(0x0000008dea400000,0x0000008dea500000)]
  0x000001a44b675800 JavaThread "Daemon worker" [_thread_in_vm, id=1388, stack(0x0000008dea300000,0x0000008dea400000)]
  0x000001a44b674800 JavaThread "Cancel handler" [_thread_blocked, id=2396, stack(0x0000008dea200000,0x0000008dea300000)]
  0x000001a44b65a000 JavaThread "Handler for socket connection from /127.0.0.1:52777 to /127.0.0.1:52778" [_thread_in_native, id=1632, stack(0x0000008dea100000,0x0000008dea200000)]
  0x000001a44b656000 JavaThread "Daemon" [_thread_blocked, id=12192, stack(0x0000008dea000000,0x0000008dea100000)]
  0x000001a44b64f800 JavaThread "Daemon periodic checks" [_thread_blocked, id=6612, stack(0x0000008de9f00000,0x0000008dea000000)]
  0x000001a44b5d7800 JavaThread "Incoming local TCP Connector on port 52777" [_thread_in_native, id=6340, stack(0x0000008de9e00000,0x0000008de9f00000)]
  0x000001a449c5a800 JavaThread "Daemon health stats" [_thread_blocked, id=4908, stack(0x0000008de9b00000,0x0000008de9c00000)]
  0x000001a4498e0800 JavaThread "Service Thread" daemon [_thread_blocked, id=12076, stack(0x0000008de9900000,0x0000008de9a00000)]
  0x000001a448528000 JavaThread "C1 CompilerThread3" daemon [_thread_blocked, id=9068, stack(0x0000008de9800000,0x0000008de9900000)]
=>0x000001a448511800 JavaThread "C2 CompilerThread2" daemon [_thread_in_native, id=9640, stack(0x0000008de9700000,0x0000008de9800000)]
  0x000001a44850e000 JavaThread "C2 CompilerThread1" daemon [_thread_in_native, id=324, stack(0x0000008de9600000,0x0000008de9700000)]
  0x000001a44850c000 JavaThread "C2 CompilerThread0" daemon [_thread_in_native, id=6840, stack(0x0000008de9500000,0x0000008de9600000)]
  0x000001a44850a800 JavaThread "Attach Listener" daemon [_thread_blocked, id=8352, stack(0x0000008de9400000,0x0000008de9500000)]
  0x000001a44850a000 JavaThread "Signal Dispatcher" daemon [_thread_blocked, id=2132, stack(0x0000008de9300000,0x0000008de9400000)]
  0x000001a4484e0000 JavaThread "Finalizer" daemon [_thread_blocked, id=9156, stack(0x0000008de9200000,0x0000008de9300000)]
  0x000001a4484d8000 JavaThread "Reference Handler" daemon [_thread_blocked, id=5676, stack(0x0000008de9100000,0x0000008de9200000)]
  0x000001a432a8a000 JavaThread "main" [_thread_blocked, id=14868, stack(0x0000008de8700000,0x0000008de8800000)]

Other Threads:
  0x000001a4478ee800 VMThread [stack: 0x0000008de9000000,0x0000008de9100000] [id=8872]
  0x000001a44853f000 WatcherThread [stack: 0x0000008de9a00000,0x0000008de9b00000] [id=13968]

VM state:not at safepoint (normal execution)

VM Mutex/Monitor currently owned by a thread: None

heap address: 0x00000000a0000000, size: 1536 MB, Compressed Oops mode: 32-bit
Narrow klass base: 0x0000000000000000, Narrow klass shift: 3
Compressed class space size: 1073741824 Address: 0x0000000100000000

Heap:
 PSYoungGen      total 70656K, used 22075K [0x00000000e0000000, 0x00000000e4a00000, 0x0000000100000000)
  eden space 65536K, 25% used [0x00000000e0000000,0x00000000e108efa8,0x00000000e4000000)
  from space 5120K, 100% used [0x00000000e4000000,0x00000000e4500000,0x00000000e4500000)
  to   space 5120K, 0% used [0x00000000e4500000,0x00000000e4500000,0x00000000e4a00000)
 ParOldGen       total 64512K, used 16323K [0x00000000a0000000, 0x00000000a3f00000, 0x00000000e0000000)
  object space 64512K, 25% used [0x00000000a0000000,0x00000000a0ff0f98,0x00000000a3f00000)
 Metaspace       used 33677K, capacity 34852K, committed 34944K, reserved 1079296K
  class space    used 4670K, capacity 4935K, committed 4992K, reserved 1048576K

Card table byte_map: [0x000001a4437e0000,0x000001a443af0000] byte_map_base: 0x000001a4432e0000

Marking Bits: (ParMarkBitMap*) 0x00000000620a7fe0
 Begin Bits: [0x000001a443cf0000, 0x000001a4454f0000)
 End Bits:   [0x000001a4454f0000, 0x000001a446cf0000)

Polling page: 0x000001a432ba0000

CodeCache: size=245760Kb used=10614Kb max_used=10614Kb free=235145Kb
 bounds [0x000001a434420000, 0x000001a434e90000, 0x000001a443420000]
 total_blobs=3479 nmethods=2790 adapters=601
 compilation: enabled

Compilation events (10 events):
Event: 3.037 Thread 0x000001a448528000 2786       1       org.codehaus.groovy.runtime.metaclass.NewStaticMetaMethod::getModifiers (3 bytes)
Event: 3.037 Thread 0x000001a448528000 nmethod 2786 0x000001a434e6dcd0 code [0x000001a434e6de20, 0x000001a434e6df38]
Event: 3.038 Thread 0x000001a448528000 2787       3       groovy.lang.MetaClassImpl::establishStaticMetaProperty (262 bytes)
Event: 3.039 Thread 0x000001a448528000 nmethod 2787 0x000001a434e6df90 code [0x000001a434e6e200, 0x000001a434e6f5c0]
Event: 3.045 Thread 0x000001a448528000 2788       3       groovyjarjarasm.asm.SymbolTable::get (13 bytes)
Event: 3.045 Thread 0x000001a448528000 nmethod 2788 0x000001a434e6fd90 code [0x000001a434e6fee0, 0x000001a434e70078]
Event: 3.047 Thread 0x000001a448528000 2789       1       com.google.common.collect.MapMakerInternalMap$AbstractStrongKeyEntry::getHash (5 bytes)
Event: 3.047 Thread 0x000001a448528000 nmethod 2789 0x000001a434e70150 code [0x000001a434e702a0, 0x000001a434e703b8]
Event: 3.048 Thread 0x000001a448528000 2790       1       sun.reflect.generics.reflectiveObjects.LazyReflectiveObjectGenerator::getFactory (5 bytes)
Event: 3.048 Thread 0x000001a448528000 nmethod 2790 0x000001a434e70410 code [0x000001a434e70560, 0x000001a434e70678]

GC Heap History (10 events):
Event: 1.366 GC heap before
{Heap before GC invocations=4 (full 0):
 PSYoungGen      total 37888K, used 37872K [0x00000000e0000000, 0x00000000e4a00000, 0x0000000100000000)
  eden space 32768K, 100% used [0x00000000e0000000,0x00000000e2000000,0x00000000e2000000)
  from space 5120K, 99% used [0x00000000e2000000,0x00000000e24fc010,0x00000000e2500000)
  to   space 5120K, 0% used [0x00000000e4500000,0x00000000e4500000,0x00000000e4a00000)
 ParOldGen       total 86016K, used 1403K [0x00000000a0000000, 0x00000000a5400000, 0x00000000e0000000)
  object space 86016K, 1% used [0x00000000a0000000,0x00000000a015ef08,0x00000000a5400000)
 Metaspace       used 15601K, capacity 16156K, committed 16384K, reserved 1062912K
  class space    used 2104K, capacity 2260K, committed 2304K, reserved 1048576K
Event: 1.371 GC heap after
Heap after GC invocations=4 (full 0):
 PSYoungGen      total 70656K, used 5088K [0x00000000e0000000, 0x00000000e4a00000, 0x0000000100000000)
  eden space 65536K, 0% used [0x00000000e0000000,0x00000000e0000000,0x00000000e4000000)
  from space 5120K, 99% used [0x00000000e4500000,0x00000000e49f8020,0x00000000e4a00000)
  to   space 5120K, 0% used [0x00000000e4000000,0x00000000e4000000,0x00000000e4500000)
 ParOldGen       total 86016K, used 3900K [0x00000000a0000000, 0x00000000a5400000, 0x00000000e0000000)
  object space 86016K, 4% used [0x00000000a0000000,0x00000000a03cf368,0x00000000a5400000)
 Metaspace       used 15601K, capacity 16156K, committed 16384K, reserved 1062912K
  class space    used 2104K, capacity 2260K, committed 2304K, reserved 1048576K
}
Event: 1.814 GC heap before
{Heap before GC invocations=5 (full 0):
 PSYoungGen      total 70656K, used 65604K [0x00000000e0000000, 0x00000000e4a00000, 0x0000000100000000)
  eden space 65536K, 92% used [0x00000000e0000000,0x00000000e3b19008,0x00000000e4000000)
  from space 5120K, 99% used [0x00000000e4500000,0x00000000e49f8020,0x00000000e4a00000)
  to   space 5120K, 0% used [0x00000000e4000000,0x00000000e4000000,0x00000000e4500000)
 ParOldGen       total 86016K, used 3900K [0x00000000a0000000, 0x00000000a5400000, 0x00000000e0000000)
  object space 86016K, 4% used [0x00000000a0000000,0x00000000a03cf368,0x00000000a5400000)
 Metaspace       used 20471K, capacity 21158K, committed 21296K, reserved 1067008K
  class space    used 2924K, capacity 3123K, committed 3200K, reserved 1048576K
Event: 1.824 GC heap after
Heap after GC invocations=5 (full 0):
 PSYoungGen      total 70656K, used 5108K [0x00000000e0000000, 0x00000000e4a00000, 0x0000000100000000)
  eden space 65536K, 0% used [0x00000000e0000000,0x00000000e0000000,0x00000000e4000000)
  from space 5120K, 99% used [0x00000000e4000000,0x00000000e44fd040,0x00000000e4500000)
  to   space 5120K, 0% used [0x00000000e4500000,0x00000000e4500000,0x00000000e4a00000)
 ParOldGen       total 86016K, used 10136K [0x00000000a0000000, 0x00000000a5400000, 0x00000000e0000000)
  object space 86016K, 11% used [0x00000000a0000000,0x00000000a09e6158,0x00000000a5400000)
 Metaspace       used 20471K, capacity 21158K, committed 21296K, reserved 1067008K
  class space    used 2924K, capacity 3123K, committed 3200K, reserved 1048576K
}
Event: 1.824 GC heap before
{Heap before GC invocations=6 (full 1):
 PSYoungGen      total 70656K, used 5108K [0x00000000e0000000, 0x00000000e4a00000, 0x0000000100000000)
  eden space 65536K, 0% used [0x00000000e0000000,0x00000000e0000000,0x00000000e4000000)
  from space 5120K, 99% used [0x00000000e4000000,0x00000000e44fd040,0x00000000e4500000)
  to   space 5120K, 0% used [0x00000000e4500000,0x00000000e4500000,0x00000000e4a00000)
 ParOldGen       total 86016K, used 10136K [0x00000000a0000000, 0x00000000a5400000, 0x00000000e0000000)
  object space 86016K, 11% used [0x00000000a0000000,0x00000000a09e6158,0x00000000a5400000)
 Metaspace       used 20471K, capacity 21158K, committed 21296K, reserved 1067008K
  class space    used 2924K, capacity 3123K, committed 3200K, reserved 1048576K
Event: 1.848 GC heap after
Heap after GC invocations=6 (full 1):
 PSYoungGen      total 70656K, used 0K [0x00000000e0000000, 0x00000000e4a00000, 0x0000000100000000)
  eden space 65536K, 0% used [0x00000000e0000000,0x00000000e0000000,0x00000000e4000000)
  from space 5120K, 0% used [0x00000000e4000000,0x00000000e4000000,0x00000000e4500000)
  to   space 5120K, 0% used [0x00000000e4500000,0x00000000e4500000,0x00000000e4a00000)
 ParOldGen       total 64512K, used 11010K [0x00000000a0000000, 0x00000000a3f00000, 0x00000000e0000000)
  object space 64512K, 17% used [0x00000000a0000000,0x00000000a0ac09f8,0x00000000a3f00000)
 Metaspace       used 20471K, capacity 21158K, committed 21296K, reserved 1067008K
  class space    used 2924K, capacity 3123K, committed 3200K, reserved 1048576K
}
Event: 2.274 GC heap before
{Heap before GC invocations=7 (full 1):
 PSYoungGen      total 70656K, used 65536K [0x00000000e0000000, 0x00000000e4a00000, 0x0000000100000000)
  eden space 65536K, 100% used [0x00000000e0000000,0x00000000e4000000,0x00000000e4000000)
  from space 5120K, 0% used [0x00000000e4000000,0x00000000e4000000,0x00000000e4500000)
  to   space 5120K, 0% used [0x00000000e4500000,0x00000000e4500000,0x00000000e4a00000)
 ParOldGen       total 64512K, used 11010K [0x00000000a0000000, 0x00000000a3f00000, 0x00000000e0000000)
  object space 64512K, 17% used [0x00000000a0000000,0x00000000a0ac09f8,0x00000000a3f00000)
 Metaspace       used 24866K, capacity 25810K, committed 25984K, reserved 1071104K
  class space    used 3643K, capacity 3901K, committed 3968K, reserved 1048576K
Event: 2.278 GC heap after
Heap after GC invocations=7 (full 1):
 PSYoungGen      total 70656K, used 5100K [0x00000000e0000000, 0x00000000e4a00000, 0x0000000100000000)
  eden space 65536K, 0% used [0x00000000e0000000,0x00000000e0000000,0x00000000e4000000)
  from space 5120K, 99% used [0x00000000e4500000,0x00000000e49fb368,0x00000000e4a00000)
  to   space 5120K, 0% used [0x00000000e4000000,0x00000000e4000000,0x00000000e4500000)
 ParOldGen       total 64512K, used 11740K [0x00000000a0000000, 0x00000000a3f00000, 0x00000000e0000000)
  object space 64512K, 18% used [0x00000000a0000000,0x00000000a0b773e8,0x00000000a3f00000)
 Metaspace       used 24866K, capacity 25810K, committed 25984K, reserved 1071104K
  class space    used 3643K, capacity 3901K, committed 3968K, reserved 1048576K
}
Event: 2.908 GC heap before
{Heap before GC invocations=8 (full 1):
 PSYoungGen      total 70656K, used 70636K [0x00000000e0000000, 0x00000000e4a00000, 0x0000000100000000)
  eden space 65536K, 100% used [0x00000000e0000000,0x00000000e4000000,0x00000000e4000000)
  from space 5120K, 99% used [0x00000000e4500000,0x00000000e49fb368,0x00000000e4a00000)
  to   space 5120K, 0% used [0x00000000e4000000,0x00000000e4000000,0x00000000e4500000)
 ParOldGen       total 64512K, used 11740K [0x00000000a0000000, 0x00000000a3f00000, 0x00000000e0000000)
  object space 64512K, 18% used [0x00000000a0000000,0x00000000a0b773e8,0x00000000a3f00000)
 Metaspace       used 33135K, capacity 34226K, committed 34560K, reserved 1079296K
  class space    used 4584K, capacity 4844K, committed 4864K, reserved 1048576K
Event: 2.922 GC heap after
Heap after GC invocations=8 (full 1):
 PSYoungGen      total 70656K, used 5120K [0x00000000e0000000, 0x00000000e4a00000, 0x0000000100000000)
  eden space 65536K, 0% used [0x00000000e0000000,0x00000000e0000000,0x00000000e4000000)
  from space 5120K, 100% used [0x00000000e4000000,0x00000000e4500000,0x00000000e4500000)
  to   space 5120K, 0% used [0x00000000e4500000,0x00000000e4500000,0x00000000e4a00000)
 ParOldGen       total 64512K, used 16323K [0x00000000a0000000, 0x00000000a3f00000, 0x00000000e0000000)
  object space 64512K, 25% used [0x00000000a0000000,0x00000000a0ff0f98,0x00000000a3f00000)
 Metaspace       used 33135K, capacity 34226K, committed 34560K, reserved 1079296K
  class space    used 4584K, capacity 4844K, committed 4864K, reserved 1048576K
}

Deoptimization events (10 events):
Event: 2.045 Thread 0x000001a44b675800 Uncommon trap: reason=unstable_if action=reinterpret pc=0x000001a4349ebd7c method=jdk.internal.org.objectweb.asm.Type.getArgumentsAndReturnSizes(Ljava/lang/String;)I @ 88
Event: 2.098 Thread 0x000001a44b675800 Uncommon trap: reason=unstable_if action=reinterpret pc=0x000001a434731890 method=java.io.WinNTFileSystem.resolve(Ljava/lang/String;Ljava/lang/String;)Ljava/lang/String; @ 49
Event: 2.319 Thread 0x000001a44b675800 Uncommon trap: reason=unstable_if action=reinterpret pc=0x000001a434a8e1ec method=java.lang.ClassLoader.getClassLoadingLock(Ljava/lang/String;)Ljava/lang/Object; @ 6
Event: 2.338 Thread 0x000001a44b675800 Uncommon trap: reason=bimorphic action=maybe_recompile pc=0x000001a434a669b8 method=java.io.BufferedInputStream.read([BII)I @ 101
Event: 2.338 Thread 0x000001a44b675800 Uncommon trap: reason=bimorphic action=maybe_recompile pc=0x000001a434a669b8 method=java.io.BufferedInputStream.read([BII)I @ 101
Event: 2.338 Thread 0x000001a44b675800 Uncommon trap: reason=bimorphic action=maybe_recompile pc=0x000001a434a669b8 method=java.io.BufferedInputStream.read([BII)I @ 101
Event: 2.339 Thread 0x000001a44b675800 Uncommon trap: reason=bimorphic action=maybe_recompile pc=0x000001a434a669b8 method=java.io.BufferedInputStream.read([BII)I @ 101
Event: 2.922 Thread 0x000001a4484d8000 Uncommon trap: reason=unstable_if action=reinterpret pc=0x000001a434a09350 method=java.lang.ref.Reference.tryHandlePending(Z)Z @ 104
Event: 3.044 Thread 0x000001a44b675800 Uncommon trap: reason=unstable_if action=reinterpret pc=0x000001a434b6011c method=java.lang.String.regionMatches(ZILjava/lang/String;II)Z @ 123
Event: 3.044 Thread 0x000001a44b675800 Uncommon trap: reason=unstable_if action=reinterpret pc=0x000001a43491780c method=java.lang.String.regionMatches(ZILjava/lang/String;II)Z @ 123

Classes redefined (0 events):
No events

Internal exceptions (10 events):
Event: 2.985 Thread 0x000001a44b675800 Exception <a 'java/lang/ClassNotFoundException': org/gradle/api/internal/project/AbstractPluginAwareBeanInfo> (0x00000000e080d580) thrown at [C:\jenkins\workspace\8-2-build-windows-amd64-cygwin\jdk8u271\605\hotspot\src\share\vm\classfile\systemDictionary.
Event: 2.985 Thread 0x000001a44b675800 Exception <a 'java/lang/ClassNotFoundException': org/gradle/api/internal/project/AbstractPluginAwareCustomizer> (0x00000000e083ee98) thrown at [C:\jenkins\workspace\8-2-build-windows-amd64-cygwin\jdk8u271\605\hotspot\src\share\vm\classfile\systemDictionar
Event: 2.986 Thread 0x000001a44b675800 Exception <a 'java/lang/ClassNotFoundException': org/gradle/invocation/DefaultGradleCustomizer> (0x00000000e0871e88) thrown at [C:\jenkins\workspace\8-2-build-windows-amd64-cygwin\jdk8u271\605\hotspot\src\share\vm\classfile\systemDictionary.cpp, line 212]
Event: 2.988 Thread 0x000001a44b675800 Exception <a 'java/lang/ClassNotFoundException': org/gradle/invocation/DefaultGradle_DecoratedCustomizer> (0x00000000e08e7890) thrown at [C:\jenkins\workspace\8-2-build-windows-amd64-cygwin\jdk8u271\605\hotspot\src\share\vm\classfile\systemDictionary.cpp,
Event: 3.004 Thread 0x000001a44b675800 Exception <a 'java/lang/ClassNotFoundException': ijinit3_dgnz1fxpprnec6exrc2eetdlzBeanInfo> (0x00000000e0a0dc60) thrown at [C:\jenkins\workspace\8-2-build-windows-amd64-cygwin\jdk8u271\605\hotspot\src\share\vm\classfile\systemDictionary.cpp, line 212]
Event: 3.004 Thread 0x000001a44b675800 Exception <a 'java/lang/ClassNotFoundException': ijinit3_dgnz1fxpprnec6exrc2eetdlzCustomizer> (0x00000000e0a197e8) thrown at [C:\jenkins\workspace\8-2-build-windows-amd64-cygwin\jdk8u271\605\hotspot\src\share\vm\classfile\systemDictionary.cpp, line 212]
Event: 3.037 Thread 0x000001a44b675800 Exception <a 'java/lang/ClassNotFoundException': ijinit3_dgnz1fxpprnec6exrc2eetdlzBeanInfo> (0x00000000e0d82da8) thrown at [C:\jenkins\workspace\8-2-build-windows-amd64-cygwin\jdk8u271\605\hotspot\src\share\vm\classfile\systemDictionary.cpp, line 212]
Event: 3.038 Thread 0x000001a44b675800 Exception <a 'java/lang/ClassNotFoundException': ijinit3_dgnz1fxpprnec6exrc2eetdlzCustomizer> (0x00000000e0d8e8d0) thrown at [C:\jenkins\workspace\8-2-build-windows-amd64-cygwin\jdk8u271\605\hotspot\src\share\vm\classfile\systemDictionary.cpp, line 212]
Event: 3.047 Thread 0x000001a44b675800 Exception <a 'java/lang/ClassNotFoundException': org/gradle/api/internal/plugins/DefaultObjectConfigurationActionBeanInfo> (0x00000000e0e1d2f0) thrown at [C:\jenkins\workspace\8-2-build-windows-amd64-cygwin\jdk8u271\605\hotspot\src\share\vm\classfile\syst
Event: 3.047 Thread 0x000001a44b675800 Exception <a 'java/lang/ClassNotFoundException': org/gradle/api/internal/plugins/DefaultObjectConfigurationActionCustomizer> (0x00000000e0e55e90) thrown at [C:\jenkins\workspace\8-2-build-windows-amd64-cygwin\jdk8u271\605\hotspot\src\share\vm\classfile\sy

Events (10 events):
Event: 3.047 loading class org/gradle/api/internal/plugins/DefaultObjectConfigurationActionBeanInfo
Event: 3.047 loading class org/gradle/api/internal/plugins/DefaultObjectConfigurationActionBeanInfo done
Event: 3.047 loading class org/gradle/api/internal/plugins/DefaultObjectConfigurationActionCustomizer
Event: 3.047 loading class org/gradle/api/internal/plugins/DefaultObjectConfigurationActionCustomizer done
Event: 3.047 loading class org/gradle/api/internal/plugins/DefaultObjectConfigurationActionCustomizer
Event: 3.047 loading class org/gradle/api/internal/plugins/DefaultObjectConfigurationActionCustomizer done
Event: 3.047 loading class org/gradle/api/internal/plugins/DefaultObjectConfigurationActionCustomizer
Event: 3.047 loading class org/gradle/api/internal/plugins/DefaultObjectConfigurationActionCustomizer done
Event: 3.047 loading class org/gradle/api/internal/plugins/DefaultObjectConfigurationActionCustomizer
Event: 3.047 loading class org/gradle/api/internal/plugins/DefaultObjectConfigurationActionCustomizer done


Dynamic libraries:
0x00007ff78a3b0000 - 0x00007ff78a3f7000 	C:\Program Files\Java\jdk1.8.0_271\bin\java.exe
0x00007ffa99250000 - 0x00007ffa99445000 	C:\WINDOWS\SYSTEM32\ntdll.dll
0x00007ffa98530000 - 0x00007ffa985ee000 	C:\WINDOWS\System32\KERNEL32.DLL
0x00007ffa96fd0000 - 0x00007ffa97299000 	C:\WINDOWS\System32\KERNELBASE.dll
0x00007ffa93730000 - 0x00007ffa937c0000 	C:\WINDOWS\SYSTEM32\apphelp.dll
0x00007ffa98910000 - 0x00007ffa989bc000 	C:\WINDOWS\System32\ADVAPI32.dll
0x00007ffa97660000 - 0x00007ffa976fe000 	C:\WINDOWS\System32\msvcrt.dll
0x00007ffa97a30000 - 0x00007ffa97acb000 	C:\WINDOWS\System32\sechost.dll
0x00007ffa973d0000 - 0x00007ffa974fa000 	C:\WINDOWS\System32\RPCRT4.dll
0x00007ffa97880000 - 0x00007ffa97a21000 	C:\WINDOWS\System32\USER32.dll
0x00007ffa96d40000 - 0x00007ffa96d62000 	C:\WINDOWS\System32\win32u.dll
0x00007ffa984a0000 - 0x00007ffa984cb000 	C:\WINDOWS\System32\GDI32.dll
0x00007ffa96af0000 - 0x00007ffa96bfb000 	C:\WINDOWS\System32\gdi32full.dll
0x00007ffa96f30000 - 0x00007ffa96fcd000 	C:\WINDOWS\System32\msvcp_win.dll
0x00007ffa969a0000 - 0x00007ffa96aa0000 	C:\WINDOWS\System32\ucrtbase.dll
0x00007ffa7e610000 - 0x00007ffa7e8aa000 	C:\WINDOWS\WinSxS\amd64_microsoft.windows.common-controls_6595b64144ccf1df_6.0.19041.1110_none_60b5254171f9507e\COMCTL32.dll
0x00007ffa97500000 - 0x00007ffa97530000 	C:\WINDOWS\System32\IMM32.DLL
0x00007ffa93120000 - 0x00007ffa93135000 	C:\Program Files\Java\jdk1.8.0_271\jre\bin\vcruntime140.dll
0x00007ffa5c840000 - 0x00007ffa5c8db000 	C:\Program Files\Java\jdk1.8.0_271\jre\bin\msvcp140.dll
0x00000000618b0000 - 0x000000006211f000 	C:\Program Files\Java\jdk1.8.0_271\jre\bin\server\jvm.dll
0x00007ffa99200000 - 0x00007ffa99208000 	C:\WINDOWS\System32\PSAPI.DLL
0x00007ffa78960000 - 0x00007ffa78987000 	C:\WINDOWS\SYSTEM32\WINMM.dll
0x00007ffa93f80000 - 0x00007ffa93f8a000 	C:\WINDOWS\SYSTEM32\VERSION.dll
0x00007ffa93eb0000 - 0x00007ffa93eb9000 	C:\WINDOWS\SYSTEM32\WSOCK32.dll
0x00007ffa988a0000 - 0x00007ffa9890b000 	C:\WINDOWS\System32\WS2_32.dll
0x00007ffa951f0000 - 0x00007ffa95202000 	C:\WINDOWS\SYSTEM32\kernel.appcore.dll
0x00007ffa93ee0000 - 0x00007ffa93ef0000 	C:\Program Files\Java\jdk1.8.0_271\jre\bin\verify.dll
0x00007ffa91510000 - 0x00007ffa9153b000 	C:\Program Files\Java\jdk1.8.0_271\jre\bin\java.dll
0x00007ffa724c0000 - 0x00007ffa724d8000 	C:\Program Files\Java\jdk1.8.0_271\jre\bin\zip.dll
0x00007ffa97c80000 - 0x00007ffa983bf000 	C:\WINDOWS\System32\SHELL32.dll
0x00007ffa94a50000 - 0x00007ffa951e0000 	C:\WINDOWS\SYSTEM32\windows.storage.dll
0x00007ffa98a20000 - 0x00007ffa98d75000 	C:\WINDOWS\System32\combase.dll
0x00007ffa963c0000 - 0x00007ffa963ec000 	C:\WINDOWS\SYSTEM32\Wldp.dll
0x00007ffa986c0000 - 0x00007ffa9876d000 	C:\WINDOWS\System32\SHCORE.dll
0x00007ffa98820000 - 0x00007ffa98875000 	C:\WINDOWS\System32\shlwapi.dll
0x00007ffa968b0000 - 0x00007ffa968cf000 	C:\WINDOWS\SYSTEM32\profapi.dll
0x00007ffa724a0000 - 0x00007ffa724bc000 	C:\Program Files\Java\jdk1.8.0_271\jre\bin\net.dll
0x00007ffa96120000 - 0x00007ffa9618a000 	C:\WINDOWS\system32\mswsock.dll
0x00007ffa6f520000 - 0x00007ffa6f533000 	C:\Program Files\Java\jdk1.8.0_271\jre\bin\nio.dll
0x00007ffa71490000 - 0x00007ffa714b7000 	C:\Users\devan\.gradle\native\f6784746aeab05261644944871eae4fe03e0ef1612fff0a4a95f87b438bc6780\windows-amd64\native-platform.dll
0x00007ffa8f1d0000 - 0x00007ffa8f1dd000 	C:\Program Files\Java\jdk1.8.0_271\jre\bin\management.dll
0x00007ffa96310000 - 0x00007ffa96328000 	C:\WINDOWS\SYSTEM32\CRYPTSP.dll
0x00007ffa95a30000 - 0x00007ffa95a64000 	C:\WINDOWS\system32\rsaenh.dll
0x00007ffa96970000 - 0x00007ffa96997000 	C:\WINDOWS\System32\bcrypt.dll
0x00007ffa96870000 - 0x00007ffa9689e000 	C:\WINDOWS\SYSTEM32\USERENV.dll
0x00007ffa96c00000 - 0x00007ffa96c83000 	C:\WINDOWS\System32\bcryptprimitives.dll
0x00007ffa96330000 - 0x00007ffa9633c000 	C:\WINDOWS\SYSTEM32\CRYPTBASE.dll
0x00007ffa95dc0000 - 0x00007ffa95dfb000 	C:\WINDOWS\SYSTEM32\IPHLPAPI.DLL
0x00007ffa98780000 - 0x00007ffa98788000 	C:\WINDOWS\System32\NSI.dll
0x00007ffa913a0000 - 0x00007ffa913b7000 	C:\WINDOWS\SYSTEM32\dhcpcsvc6.DLL
0x00007ffa91380000 - 0x00007ffa9139d000 	C:\WINDOWS\SYSTEM32\dhcpcsvc.DLL
0x00007ffa95e10000 - 0x00007ffa95edc000 	C:\WINDOWS\SYSTEM32\DNSAPI.dll
0x00007ffa91c40000 - 0x00007ffa91c4b000 	C:\WINDOWS\SYSTEM32\WINNSI.DLL
0x00007ffa94770000 - 0x00007ffa94954000 	C:\WINDOWS\SYSTEM32\dbghelp.dll

VM Arguments:
jvm_args: -Xmx1536m -Dfile.encoding=windows-1252 -Duser.country=IN -Duser.language=en -Duser.variant 
java_command: org.gradle.launcher.daemon.bootstrap.GradleDaemon 6.5
java_class_path (initial): C:\Users\devan\.gradle\wrapper\dists\gradle-6.5-bin\6nifqtx7604sqp1q6g8wikw7p\gradle-6.5\lib\gradle-launcher-6.5.jar
Launcher Type: SUN_STANDARD

Environment Variables:
JAVA_HOME=C:\Program Files\Java\jdk1.8.0_271
PATH=C:\Program Files (x86)\Common Files\Oracle\Java\javapath;C:\WINDOWS\system32;C:\WINDOWS;C:\WINDOWS\System32\Wbem;C:\WINDOWS\System32\WindowsPowerShell\v1.0\;C:\WINDOWS\System32\OpenSSH\;C:\Program Files\NVIDIA Corporation\NVIDIA NvDLISR;C:\Program Files\Java\jdk1.8.0_271\bin;C:\Users\devan\AppData\Local\Microsoft\WindowsApps;C:\MinGW\bin
USERNAME=devan
OS=Windows_NT
PROCESSOR_IDENTIFIER=Intel64 Family 6 Model 165 Stepping 2, GenuineIntel



---------------  S Y S T E M  ---------------

OS: Windows 10.0 , 64 bit Build 19041 (10.0.19041.1202)

CPU:total 8 (initial active 8) (4 cores per cpu, 2 threads per core) family 6 model 165 stepping 2, cmov, cx8, fxsr, mmx, sse, sse2, sse3, ssse3, sse4.1, sse4.2, popcnt, avx, avx2, aes, clmul, erms, 3dnowpref, lzcnt, ht, tsc, tscinvbit, bmi1, bmi2, adx

Memory: 4k page, physical 8253232k(541232k free), swap 12150576k(5668k free)

vm_info: Java HotSpot(TM) 64-Bit Server VM (25.271-b09) for windows-amd64 JRE (1.8.0_271-b09), built on Sep 16 2020 19:14:59 by "" with MS VC++ 15.9 (VS2017)

time: Tue Oct 26 18:56:03 2021
timezone: India Standard Time
elapsed time: 3.065612 seconds (0d 0h 0m 3s)

