#
# There is insufficient memory for the Java Runtime Environment to continue.
# Native memory allocation (malloc) failed to allocate 1130656 bytes for Chunk::new
# Possible reasons:
#   The system is out of physical RAM or swap space
#   The process is running with CompressedOops enabled, and the Java Heap may be blocking the growth of the native heap
# Possible solutions:
#   Reduce memory load on the system
#   Increase physical memory or swap space
#   Check if swap backing store is full
#   Decrease Java heap size (-Xmx/-Xms)
#   Decrease number of Java threads
#   Decrease Java thread stack sizes (-Xss)
#   Set larger code cache with -XX:ReservedCodeCacheSize=
#   JVM is running with Unscaled Compressed Oops mode in which the Java heap is
#     placed in the first 4GB address space. The Java Heap base address is the
#     maximum limit for the native heap growth. Please use -XX:HeapBaseMinAddress
#     to set the Java Heap base and to place the Java Heap above 4GB virtual address.
# This output file may be truncated or incomplete.
#
#  Out of Memory Error (./open/src/hotspot/share/memory/arena.cpp:197), pid=6840, tid=5644
#
# JRE version: Java(TM) SE Runtime Environment 18.9 (11.0.12+8) (build 11.0.12+8-LTS-237)
# Java VM: Java HotSpot(TM) 64-Bit Server VM 18.9 (11.0.12+8-LTS-237, mixed mode, tiered, compressed oops, g1 gc, windows-amd64)
# No core dump will be written. Minidumps are not enabled by default on client versions of Windows
#

---------------  S U M M A R Y ------------

Command Line: --add-opens=java.base/java.util=ALL-UNNAMED --add-opens=java.base/java.lang=ALL-UNNAMED --add-opens=java.base/java.lang.invoke=ALL-UNNAMED --add-opens=java.base/java.util=ALL-UNNAMED --add-opens=java.prefs/java.util.prefs=ALL-UNNAMED --add-opens=java.prefs/java.util.prefs=ALL-UNNAMED --add-opens=java.base/java.nio.charset=ALL-UNNAMED --add-opens=java.base/java.net=ALL-UNNAMED --add-opens=java.base/java.util.concurrent.atomic=ALL-UNNAMED -Xmx1536m -Dfile.encoding=windows-1252 -Duser.country=IN -Duser.language=en -Duser.variant org.gradle.launcher.daemon.bootstrap.GradleDaemon 7.0.2

Host: Intel(R) Core(TM) i5-10300H CPU @ 2.50GHz, 8 cores, 7G,  Windows 10 , 64 bit Build 19041 (10.0.19041.1320)
Time: Wed Nov 10 11:10:23 2021 India Standard Time elapsed time: 7.074232 seconds (0d 0h 0m 7s)

---------------  T H R E A D  ---------------

Current thread (0x0000017cf036a800):  JavaThread "C2 CompilerThread1" daemon [_thread_in_native, id=5644, stack(0x0000001401e00000,0x0000001401f00000)]


Current CompileTask:
C2:   7074 6630 %     4       org.gradle.internal.instantiation.generator.AbstractClassGenerator::inspectType @ 77 (560 bytes)

Stack: [0x0000001401e00000,0x0000001401f00000]
Native frames: (J=compiled Java code, j=interpreted, Vv=VM code, C=native code)
V  [jvm.dll+0x617d9a]
V  [jvm.dll+0x74eeef]
V  [jvm.dll+0x750599]
V  [jvm.dll+0x750c23]
V  [jvm.dll+0x2438d8]
V  [jvm.dll+0xba6dc]
V  [jvm.dll+0xbac9c]
V  [jvm.dll+0x2b4564]
V  [jvm.dll+0x52cc86]
V  [jvm.dll+0x1febab]
V  [jvm.dll+0x1fc1ca]
V  [jvm.dll+0x17f18c]
V  [jvm.dll+0x20b87c]
V  [jvm.dll+0x20997b]
V  [jvm.dll+0x716359]
V  [jvm.dll+0x70f064]
V  [jvm.dll+0x616f66]
C  [ucrtbase.dll+0x21bb2]
C  [KERNEL32.DLL+0x17034]
C  [ntdll.dll+0x52651]


---------------  P R O C E S S  ---------------

Threads class SMR info:
_java_thread_list=0x0000017cef13f550, length=52, elements={
0x0000017ccf6c7000, 0x0000017ced9a4800, 0x0000017ced9af800, 0x0000017ced9c0000,
0x0000017ced9c2000, 0x0000017ced9c3000, 0x0000017ced9d2800, 0x0000017ced9d4000,
0x0000017ced9dd800, 0x0000017cee485800, 0x0000017cf069b800, 0x0000017cee6ea800,
0x0000017cefe24000, 0x0000017cf04a3800, 0x0000017cee8f7800, 0x0000017cf036a800,
0x0000017cef9bc000, 0x0000017cf12c4800, 0x0000017cf07b7000, 0x0000017cf032c800,
0x0000017ceeeb7800, 0x0000017cf0232000, 0x0000017cf022e000, 0x0000017cf022c800,
0x0000017cf022d000, 0x0000017cf0230800, 0x0000017cf0231000, 0x0000017cf022e800,
0x0000017cf022f800, 0x0000017cf0233000, 0x0000017cf1ae4000, 0x0000017cf1ae7000,
0x0000017cf1ae3000, 0x0000017cf1ae6800, 0x0000017cf1ae8000, 0x0000017cf1b52000,
0x0000017cf1ae9000, 0x0000017cf1ae9800, 0x0000017cf1aea800, 0x0000017cf1ae5800,
0x0000017cf1aef800, 0x0000017cf1aec000, 0x0000017cf1aed000, 0x0000017cf1aed800,
0x0000017cf1af0000, 0x0000017cf1af1000, 0x0000017cf1aeb000, 0x0000017cf1af2000,
0x0000017cf21fd800, 0x0000017cf21f9800, 0x0000017cf2200000, 0x0000017cf21fb800
}

Java Threads: ( => current thread )
  0x0000017ccf6c7000 JavaThread "main" [_thread_blocked, id=2344, stack(0x0000001400600000,0x0000001400700000)]
  0x0000017ced9a4800 JavaThread "Reference Handler" daemon [_thread_blocked, id=6724, stack(0x0000001400d00000,0x0000001400e00000)]
  0x0000017ced9af800 JavaThread "Finalizer" daemon [_thread_blocked, id=20376, stack(0x0000001400e00000,0x0000001400f00000)]
  0x0000017ced9c0000 JavaThread "Signal Dispatcher" daemon [_thread_blocked, id=14984, stack(0x0000001400f00000,0x0000001401000000)]
  0x0000017ced9c2000 JavaThread "Attach Listener" daemon [_thread_blocked, id=20556, stack(0x0000001401000000,0x0000001401100000)]
  0x0000017ced9c3000 JavaThread "Service Thread" daemon [_thread_blocked, id=14860, stack(0x0000001401100000,0x0000001401200000)]
  0x0000017ced9d2800 JavaThread "C2 CompilerThread0" daemon [_thread_in_native, id=19664, stack(0x0000001401200000,0x0000001401300000)]
  0x0000017ced9d4000 JavaThread "C1 CompilerThread0" daemon [_thread_blocked, id=21232, stack(0x0000001401300000,0x0000001401400000)]
  0x0000017ced9dd800 JavaThread "Sweeper thread" daemon [_thread_blocked, id=18568, stack(0x0000001401400000,0x0000001401500000)]
  0x0000017cee485800 JavaThread "Common-Cleaner" daemon [_thread_blocked, id=1948, stack(0x0000001401500000,0x0000001401600000)]
  0x0000017cf069b800 JavaThread "Daemon health stats" [_thread_blocked, id=21424, stack(0x0000001401b00000,0x0000001401c00000)]
  0x0000017cee6ea800 JavaThread "Incoming local TCP Connector on port 54447" [_thread_in_native, id=5964, stack(0x0000001401700000,0x0000001401800000)]
  0x0000017cefe24000 JavaThread "Daemon periodic checks" [_thread_blocked, id=17392, stack(0x0000001401800000,0x0000001401900000)]
  0x0000017cf04a3800 JavaThread "Daemon" [_thread_blocked, id=5248, stack(0x0000001401c00000,0x0000001401d00000)]
  0x0000017cee8f7800 JavaThread "Handler for socket connection from /127.0.0.1:54447 to /127.0.0.1:54448" [_thread_in_native, id=18080, stack(0x0000001401d00000,0x0000001401e00000)]
=>0x0000017cf036a800 JavaThread "C2 CompilerThread1" daemon [_thread_in_native, id=5644, stack(0x0000001401e00000,0x0000001401f00000)]
  0x0000017cef9bc000 JavaThread "Cancel handler" [_thread_blocked, id=12332, stack(0x0000001401f00000,0x0000001402000000)]
  0x0000017cf12c4800 JavaThread "Daemon worker" [_thread_in_vm, id=3540, stack(0x0000001402000000,0x0000001402100000)]
  0x0000017cf07b7000 JavaThread "Asynchronous log dispatcher for DefaultDaemonConnection: socket connection from /127.0.0.1:54447 to /127.0.0.1:54448" [_thread_blocked, id=9100, stack(0x0000001402100000,0x0000001402200000)]
  0x0000017cf032c800 JavaThread "Stdin handler" [_thread_blocked, id=9312, stack(0x0000001402200000,0x0000001402300000)]
  0x0000017ceeeb7800 JavaThread "Daemon client event forwarder" [_thread_blocked, id=14820, stack(0x0000001402300000,0x0000001402400000)]
  0x0000017cf0232000 JavaThread "Cache worker for file hash cache (C:\Users\devan\.gradle\caches\7.0.2\fileHashes)" [_thread_blocked, id=7084, stack(0x0000001402900000,0x0000001402a00000)]
  0x0000017cf022e000 JavaThread "File lock request listener" [_thread_in_native, id=2416, stack(0x0000001402a00000,0x0000001402b00000)]
  0x0000017cf022c800 JavaThread "Cache worker for journal cache (C:\Users\devan\.gradle\caches\journal-1)" [_thread_blocked, id=19408, stack(0x0000001402c00000,0x0000001402d00000)]
  0x0000017cf022d000 JavaThread "Cache worker for file hash cache (C:\Users\devan\Documents\Android project\Medicine Reminder Android App Project\.gradle\7.0.2\fileHashes)" [_thread_blocked, id=21308, stack(0x0000001402d00000,0x0000001402e00000)]
  0x0000017cf0230800 JavaThread "File watcher server" daemon [_thread_in_native, id=12880, stack(0x0000001402e00000,0x0000001402f00000)]
  0x0000017cf0231000 JavaThread "File watcher consumer" daemon [_thread_blocked, id=13668, stack(0x0000001402f00000,0x0000001403000000)]
  0x0000017cf022e800 JavaThread "jar transforms" [_thread_blocked, id=14156, stack(0x0000001403000000,0x0000001403100000)]
  0x0000017cf022f800 JavaThread "jar transforms Thread 2" [_thread_blocked, id=14836, stack(0x0000001403100000,0x0000001403200000)]
  0x0000017cf0233000 JavaThread "jar transforms Thread 3" [_thread_blocked, id=6660, stack(0x0000001403200000,0x0000001403300000)]
  0x0000017cf1ae4000 JavaThread "jar transforms Thread 4" [_thread_blocked, id=10608, stack(0x0000001403300000,0x0000001403400000)]
  0x0000017cf1ae7000 JavaThread "jar transforms Thread 5" [_thread_blocked, id=17788, stack(0x0000001403400000,0x0000001403500000)]
  0x0000017cf1ae3000 JavaThread "jar transforms Thread 6" [_thread_blocked, id=9376, stack(0x0000001403500000,0x0000001403600000)]
  0x0000017cf1ae6800 JavaThread "jar transforms Thread 7" [_thread_blocked, id=10664, stack(0x0000001403600000,0x0000001403700000)]
  0x0000017cf1ae8000 JavaThread "jar transforms Thread 8" [_thread_blocked, id=15108, stack(0x0000001403700000,0x0000001403800000)]
  0x0000017cf1b52000 JavaThread "C2 CompilerThread2" daemon [_thread_in_native, id=20636, stack(0x0000001403800000,0x0000001403900000)]
  0x0000017cf1ae9000 JavaThread "Cache worker for checksums cache (C:\Users\devan\Documents\Android project\Medicine Reminder Android App Project\.gradle\checksums)" [_thread_blocked, id=10868, stack(0x0000001403900000,0x0000001403a00000)]
  0x0000017cf1ae9800 JavaThread "Cache worker for cache directory md-supplier (C:\Users\devan\.gradle\caches\7.0.2\md-supplier)" [_thread_blocked, id=18944, stack(0x0000001403a00000,0x0000001403b00000)]
  0x0000017cf1aea800 JavaThread "Cache worker for cache directory md-rule (C:\Users\devan\.gradle\caches\7.0.2\md-rule)" [_thread_blocked, id=3012, stack(0x0000001403b00000,0x0000001403c00000)]
  0x0000017cf1ae5800 JavaThread "Cache worker for execution history cache (C:\Users\devan\.gradle\caches\7.0.2\executionHistory)" [_thread_blocked, id=6244, stack(0x0000001403c00000,0x0000001403d00000)]
  0x0000017cf1aef800 JavaThread "Cache worker for file content cache (C:\Users\devan\.gradle\caches\7.0.2\fileContent)" [_thread_blocked, id=9448, stack(0x0000001403d00000,0x0000001403e00000)]
  0x0000017cf1aec000 JavaThread "Cache worker for dependencies-accessors (C:\Users\devan\Documents\Android project\Medicine Reminder Android App Project\.gradle\7.0.2\dependencies-accessors)" [_thread_blocked, id=5352, stack(0x0000001403e00000,0x0000001403f00000)]
  0x0000017cf1aed000 JavaThread "Cache worker for Build Output Cleanup Cache (C:\Users\devan\Documents\Android project\Medicine Reminder Android App Project\.gradle\buildOutputCleanup)" [_thread_blocked, id=17656, stack(0x0000001403f00000,0x0000001404000000)]
  0x0000017cf1aed800 JavaThread "Build operations" [_thread_blocked, id=18836, stack(0x0000001404000000,0x0000001404100000)]
  0x0000017cf1af0000 JavaThread "Build operations Thread 2" [_thread_blocked, id=14456, stack(0x0000001404100000,0x0000001404200000)]
  0x0000017cf1af1000 JavaThread "Build operations Thread 3" [_thread_blocked, id=14552, stack(0x0000001404200000,0x0000001404300000)]
  0x0000017cf1aeb000 JavaThread "Build operations Thread 4" [_thread_blocked, id=18520, stack(0x0000001404300000,0x0000001404400000)]
  0x0000017cf1af2000 JavaThread "Build operations Thread 5" [_thread_blocked, id=14308, stack(0x0000001404400000,0x0000001404500000)]
  0x0000017cf21fd800 JavaThread "Build operations Thread 6" [_thread_blocked, id=10108, stack(0x0000001404500000,0x0000001404600000)]
  0x0000017cf21f9800 JavaThread "Build operations Thread 7" [_thread_blocked, id=364, stack(0x0000001404600000,0x0000001404700000)]
  0x0000017cf2200000 JavaThread "Build operations Thread 8" [_thread_blocked, id=19324, stack(0x0000001404700000,0x0000001404800000)]
  0x0000017cf21fb800 JavaThread "Memory manager" [_thread_blocked, id=18048, stack(0x0000001404800000,0x0000001404900000)]

Other Threads:
  0x0000017ced9a0800 VMThread "VM Thread" [stack: 0x0000001400c00000,0x0000001400d00000] [id=10652]
  0x0000017cee49b000 WatcherThread [stack: 0x0000001401600000,0x0000001401700000] [id=17760]
  0x0000017ccf6de000 GCTaskThread "GC Thread#0" [stack: 0x0000001400700000,0x0000001400800000] [id=10816]
  0x0000017cef64c800 GCTaskThread "GC Thread#1" [stack: 0x0000001401900000,0x0000001401a00000] [id=7128]
  0x0000017cef15c800 GCTaskThread "GC Thread#2" [stack: 0x0000001401a00000,0x0000001401b00000] [id=14352]
  0x0000017cf0a2b000 GCTaskThread "GC Thread#3" [stack: 0x0000001402400000,0x0000001402500000] [id=12960]
  0x0000017cf086e800 GCTaskThread "GC Thread#4" [stack: 0x0000001402500000,0x0000001402600000] [id=9820]
  0x0000017cf086f800 GCTaskThread "GC Thread#5" [stack: 0x0000001402600000,0x0000001402700000] [id=19368]
  0x0000017cf0618800 GCTaskThread "GC Thread#6" [stack: 0x0000001402700000,0x0000001402800000] [id=6004]
  0x0000017cf0619800 GCTaskThread "GC Thread#7" [stack: 0x0000001402800000,0x0000001402900000] [id=6868]
  0x0000017ccf702800 ConcurrentGCThread "G1 Main Marker" [stack: 0x0000001400800000,0x0000001400900000] [id=19168]
  0x0000017ccf704000 ConcurrentGCThread "G1 Conc#0" [stack: 0x0000001400900000,0x0000001400a00000] [id=13832]
  0x0000017cef15b800 ConcurrentGCThread "G1 Conc#1" [stack: 0x0000001402b00000,0x0000001402c00000] [id=9656]
  0x0000017ccf7a6800 ConcurrentGCThread "G1 Refine#0" [stack: 0x0000001400a00000,0x0000001400b00000] [id=5728]
  0x0000017ccf7a7800 ConcurrentGCThread "G1 Young RemSet Sampling" [stack: 0x0000001400b00000,0x0000001400c00000] [id=7396]

Threads with active compile tasks:
C2 CompilerThread0   7087 6547   !   4       com.sun.beans.TypeResolver::resolve (261 bytes)
C2 CompilerThread1   7087 6630 %     4       org.gradle.internal.instantiation.generator.AbstractClassGenerator::inspectType @ 77 (560 bytes)
C2 CompilerThread2   7087 6725   !   4       java.net.URL::<init> (543 bytes)

VM state:not at safepoint (normal execution)

VM Mutex/Monitor currently owned by a thread: None

Heap address: 0x00000000a0000000, size: 1536 MB, Compressed Oops mode: 32-bit
Narrow klass base: 0x0000000000000000, Narrow klass shift: 3
Compressed class space size: 1073741824 Address: 0x0000000100000000

Heap:
 garbage-first heap   total 155648K, used 100589K [0x00000000a0000000, 0x0000000100000000)
  region size 1024K, 29 young (29696K), 5 survivors (5120K)
 Metaspace       used 67355K, capacity 69182K, committed 69452K, reserved 1110016K
  class space    used 8636K, capacity 9295K, committed 9344K, reserved 1048576K
Heap Regions: E=young(eden), S=young(survivor), O=old, HS=humongous(starts), HC=humongous(continues), CS=collection set, F=free, A=archive, TAMS=top-at-mark-start (previous, next)
|   0|0x00000000a0000000, 0x00000000a0100000, 0x00000000a0100000|100%| O|  |TAMS 0x00000000a0100000, 0x00000000a0000000| Untracked 
|   1|0x00000000a0100000, 0x00000000a0200000, 0x00000000a0200000|100%| O|  |TAMS 0x00000000a0200000, 0x00000000a0100000| Untracked 
|   2|0x00000000a0200000, 0x00000000a0300000, 0x00000000a0300000|100%| O|  |TAMS 0x00000000a0300000, 0x00000000a0200000| Untracked 
|   3|0x00000000a0300000, 0x00000000a0400000, 0x00000000a0400000|100%|HS|  |TAMS 0x00000000a0400000, 0x00000000a0300000| Complete 
|   4|0x00000000a0400000, 0x00000000a0500000, 0x00000000a0500000|100%|HC|  |TAMS 0x00000000a0500000, 0x00000000a0400000| Complete 
|   5|0x00000000a0500000, 0x00000000a0600000, 0x00000000a0600000|100%|HC|  |TAMS 0x00000000a0600000, 0x00000000a0500000| Complete 
|   6|0x00000000a0600000, 0x00000000a0700000, 0x00000000a0700000|100%| O|  |TAMS 0x00000000a0700000, 0x00000000a0600000| Untracked 
|   7|0x00000000a0700000, 0x00000000a0800000, 0x00000000a0800000|100%| O|  |TAMS 0x00000000a0800000, 0x00000000a0700000| Untracked 
|   8|0x00000000a0800000, 0x00000000a0900000, 0x00000000a0900000|100%| O|  |TAMS 0x00000000a0900000, 0x00000000a0800000| Untracked 
|   9|0x00000000a0900000, 0x00000000a0a00000, 0x00000000a0a00000|100%| O|  |TAMS 0x00000000a0a00000, 0x00000000a0900000| Untracked 
|  10|0x00000000a0a00000, 0x00000000a0b00000, 0x00000000a0b00000|100%| O|  |TAMS 0x00000000a0b00000, 0x00000000a0a00000| Untracked 
|  11|0x00000000a0b00000, 0x00000000a0c00000, 0x00000000a0c00000|100%| O|  |TAMS 0x00000000a0c00000, 0x00000000a0b00000| Untracked 
|  12|0x00000000a0c00000, 0x00000000a0d00000, 0x00000000a0d00000|100%| O|  |TAMS 0x00000000a0d00000, 0x00000000a0c00000| Untracked 
|  13|0x00000000a0d00000, 0x00000000a0e00000, 0x00000000a0e00000|100%| O|  |TAMS 0x00000000a0e00000, 0x00000000a0d00000| Untracked 
|  14|0x00000000a0e00000, 0x00000000a0f00000, 0x00000000a0f00000|100%| O|  |TAMS 0x00000000a0f00000, 0x00000000a0e00000| Untracked 
|  15|0x00000000a0f00000, 0x00000000a1000000, 0x00000000a1000000|100%| O|  |TAMS 0x00000000a1000000, 0x00000000a0f00000| Untracked 
|  16|0x00000000a1000000, 0x00000000a1100000, 0x00000000a1100000|100%|HS|  |TAMS 0x00000000a1100000, 0x00000000a1000000| Complete 
|  17|0x00000000a1100000, 0x00000000a1200000, 0x00000000a1200000|100%|HC|  |TAMS 0x00000000a1200000, 0x00000000a1100000| Complete 
|  18|0x00000000a1200000, 0x00000000a1300000, 0x00000000a1300000|100%|HS|  |TAMS 0x00000000a1300000, 0x00000000a1200000| Complete 
|  19|0x00000000a1300000, 0x00000000a1400000, 0x00000000a1400000|100%|HC|  |TAMS 0x00000000a1400000, 0x00000000a1300000| Complete 
|  20|0x00000000a1400000, 0x00000000a1500000, 0x00000000a1500000|100%|HC|  |TAMS 0x00000000a1500000, 0x00000000a1400000| Complete 
|  21|0x00000000a1500000, 0x00000000a1600000, 0x00000000a1600000|100%|HS|  |TAMS 0x00000000a1600000, 0x00000000a1500000| Complete 
|  22|0x00000000a1600000, 0x00000000a1700000, 0x00000000a1700000|100%|HC|  |TAMS 0x00000000a1700000, 0x00000000a1600000| Complete 
|  23|0x00000000a1700000, 0x00000000a1800000, 0x00000000a1800000|100%|HC|  |TAMS 0x00000000a1800000, 0x00000000a1700000| Complete 
|  24|0x00000000a1800000, 0x00000000a1900000, 0x00000000a1900000|100%|HC|  |TAMS 0x00000000a1900000, 0x00000000a1800000| Complete 
|  25|0x00000000a1900000, 0x00000000a1a00000, 0x00000000a1a00000|100%|HC|  |TAMS 0x00000000a1a00000, 0x00000000a1900000| Complete 
|  26|0x00000000a1a00000, 0x00000000a1b00000, 0x00000000a1b00000|100%| O|  |TAMS 0x00000000a1b00000, 0x00000000a1a00000| Untracked 
|  27|0x00000000a1b00000, 0x00000000a1c00000, 0x00000000a1c00000|100%| O|  |TAMS 0x00000000a1c00000, 0x00000000a1b00000| Untracked 
|  28|0x00000000a1c00000, 0x00000000a1d00000, 0x00000000a1d00000|100%| O|  |TAMS 0x00000000a1d00000, 0x00000000a1c00000| Untracked 
|  29|0x00000000a1d00000, 0x00000000a1e00000, 0x00000000a1e00000|100%| O|  |TAMS 0x00000000a1e00000, 0x00000000a1d00000| Untracked 
|  30|0x00000000a1e00000, 0x00000000a1f00000, 0x00000000a1f00000|100%| O|  |TAMS 0x00000000a1f00000, 0x00000000a1e00000| Untracked 
|  31|0x00000000a1f00000, 0x00000000a2000000, 0x00000000a2000000|100%| O|  |TAMS 0x00000000a2000000, 0x00000000a1f00000| Untracked 
|  32|0x00000000a2000000, 0x00000000a2100000, 0x00000000a2100000|100%| O|  |TAMS 0x00000000a2064a00, 0x00000000a2000000| Untracked 
|  33|0x00000000a2100000, 0x00000000a2200000, 0x00000000a2200000|100%|HS|  |TAMS 0x00000000a2100000, 0x00000000a2100000| Complete 
|  34|0x00000000a2200000, 0x00000000a2300000, 0x00000000a2300000|100%|HC|  |TAMS 0x00000000a2200000, 0x00000000a2200000| Complete 
|  35|0x00000000a2300000, 0x00000000a2400000, 0x00000000a2400000|100%|HC|  |TAMS 0x00000000a2300000, 0x00000000a2300000| Complete 
|  36|0x00000000a2400000, 0x00000000a2500000, 0x00000000a2500000|100%|HC|  |TAMS 0x00000000a2400000, 0x00000000a2400000| Complete 
|  37|0x00000000a2500000, 0x00000000a2600000, 0x00000000a2600000|100%|HC|  |TAMS 0x00000000a2500000, 0x00000000a2500000| Complete 
|  38|0x00000000a2600000, 0x00000000a2700000, 0x00000000a2700000|100%|HS|  |TAMS 0x00000000a2600000, 0x00000000a2600000| Complete 
|  39|0x00000000a2700000, 0x00000000a2800000, 0x00000000a2800000|100%|HC|  |TAMS 0x00000000a2700000, 0x00000000a2700000| Complete 
|  40|0x00000000a2800000, 0x00000000a2900000, 0x00000000a2900000|100%|HC|  |TAMS 0x00000000a2800000, 0x00000000a2800000| Complete 
|  41|0x00000000a2900000, 0x00000000a2a00000, 0x00000000a2a00000|100%| O|  |TAMS 0x00000000a2900000, 0x00000000a2900000| Untracked 
|  42|0x00000000a2a00000, 0x00000000a2b00000, 0x00000000a2b00000|100%| O|  |TAMS 0x00000000a2a00000, 0x00000000a2a00000| Untracked 
|  43|0x00000000a2b00000, 0x00000000a2c00000, 0x00000000a2c00000|100%| O|  |TAMS 0x00000000a2b00000, 0x00000000a2b00000| Untracked 
|  44|0x00000000a2c00000, 0x00000000a2d00000, 0x00000000a2d00000|100%| O|  |TAMS 0x00000000a2c00000, 0x00000000a2c00000| Untracked 
|  45|0x00000000a2d00000, 0x00000000a2e00000, 0x00000000a2e00000|100%| O|  |TAMS 0x00000000a2d00000, 0x00000000a2d00000| Untracked 
|  46|0x00000000a2e00000, 0x00000000a2f00000, 0x00000000a2f00000|100%| O|  |TAMS 0x00000000a2e00000, 0x00000000a2e00000| Untracked 
|  47|0x00000000a2f00000, 0x00000000a3000000, 0x00000000a3000000|100%| O|  |TAMS 0x00000000a2f00000, 0x00000000a2f00000| Untracked 
|  48|0x00000000a3000000, 0x00000000a3100000, 0x00000000a3100000|100%| O|  |TAMS 0x00000000a3000000, 0x00000000a3000000| Untracked 
|  49|0x00000000a3100000, 0x00000000a3200000, 0x00000000a3200000|100%| O|  |TAMS 0x00000000a3100000, 0x00000000a3100000| Untracked 
|  50|0x00000000a3200000, 0x00000000a3300000, 0x00000000a3300000|100%| O|  |TAMS 0x00000000a3200000, 0x00000000a3200000| Untracked 
|  51|0x00000000a3300000, 0x00000000a3400000, 0x00000000a3400000|100%|HS|  |TAMS 0x00000000a3300000, 0x00000000a3300000| Complete 
|  52|0x00000000a3400000, 0x00000000a3500000, 0x00000000a3500000|100%|HS|  |TAMS 0x00000000a3400000, 0x00000000a3400000| Complete 
|  53|0x00000000a3500000, 0x00000000a3600000, 0x00000000a3600000|100%|HS|  |TAMS 0x00000000a3500000, 0x00000000a3500000| Complete 
|  54|0x00000000a3600000, 0x00000000a3700000, 0x00000000a3700000|100%|HC|  |TAMS 0x00000000a3600000, 0x00000000a3600000| Complete 
|  55|0x00000000a3700000, 0x00000000a3800000, 0x00000000a3800000|100%| O|  |TAMS 0x00000000a3700000, 0x00000000a3700000| Untracked 
|  56|0x00000000a3800000, 0x00000000a3900000, 0x00000000a3900000|100%| O|  |TAMS 0x00000000a3800000, 0x00000000a3800000| Untracked 
|  57|0x00000000a3900000, 0x00000000a3a00000, 0x00000000a3a00000|100%| O|  |TAMS 0x00000000a3900000, 0x00000000a3900000| Untracked 
|  58|0x00000000a3a00000, 0x00000000a3b00000, 0x00000000a3b00000|100%| O|  |TAMS 0x00000000a3a00000, 0x00000000a3a00000| Untracked 
|  59|0x00000000a3b00000, 0x00000000a3c00000, 0x00000000a3c00000|100%| O|  |TAMS 0x00000000a3b00000, 0x00000000a3b00000| Untracked 
|  60|0x00000000a3c00000, 0x00000000a3d00000, 0x00000000a3d00000|100%| O|  |TAMS 0x00000000a3c00000, 0x00000000a3c00000| Untracked 
|  61|0x00000000a3d00000, 0x00000000a3e00000, 0x00000000a3e00000|100%| O|  |TAMS 0x00000000a3d00000, 0x00000000a3d00000| Untracked 
|  62|0x00000000a3e00000, 0x00000000a3f00000, 0x00000000a3f00000|100%| O|  |TAMS 0x00000000a3e00000, 0x00000000a3e00000| Untracked 
|  63|0x00000000a3f00000, 0x00000000a4000000, 0x00000000a4000000|100%| O|  |TAMS 0x00000000a3f00000, 0x00000000a3f00000| Untracked 
|  64|0x00000000a4000000, 0x00000000a4100000, 0x00000000a4100000|100%| O|  |TAMS 0x00000000a4000000, 0x00000000a4000000| Untracked 
|  65|0x00000000a4100000, 0x00000000a4100000, 0x00000000a4200000|  0%| F|  |TAMS 0x00000000a4100000, 0x00000000a4100000| Untracked 
|  66|0x00000000a4200000, 0x00000000a4300000, 0x00000000a4300000|100%| O|  |TAMS 0x00000000a4200000, 0x00000000a4200000| Untracked 
|  67|0x00000000a4300000, 0x00000000a4400000, 0x00000000a4400000|100%| O|  |TAMS 0x00000000a4300000, 0x00000000a4300000| Untracked 
|  68|0x00000000a4400000, 0x00000000a4500000, 0x00000000a4500000|100%| O|  |TAMS 0x00000000a4400000, 0x00000000a4400000| Untracked 
|  69|0x00000000a4500000, 0x00000000a4600000, 0x00000000a4600000|100%| O|  |TAMS 0x00000000a4500000, 0x00000000a4500000| Untracked 
|  70|0x00000000a4600000, 0x00000000a4700000, 0x00000000a4700000|100%| O|  |TAMS 0x00000000a4600000, 0x00000000a4600000| Untracked 
|  71|0x00000000a4700000, 0x00000000a475a600, 0x00000000a4800000| 35%| O|  |TAMS 0x00000000a4700000, 0x00000000a4700000| Untracked 
|  72|0x00000000a4800000, 0x00000000a4800000, 0x00000000a4900000|  0%| F|  |TAMS 0x00000000a4800000, 0x00000000a4800000| Untracked 
|  73|0x00000000a4900000, 0x00000000a4900000, 0x00000000a4a00000|  0%| F|  |TAMS 0x00000000a4900000, 0x00000000a4900000| Untracked 
|  74|0x00000000a4a00000, 0x00000000a4a00000, 0x00000000a4b00000|  0%| F|  |TAMS 0x00000000a4a00000, 0x00000000a4a00000| Untracked 
|  75|0x00000000a4b00000, 0x00000000a4b00000, 0x00000000a4c00000|  0%| F|  |TAMS 0x00000000a4b00000, 0x00000000a4b00000| Untracked 
|  76|0x00000000a4c00000, 0x00000000a4c00000, 0x00000000a4d00000|  0%| F|  |TAMS 0x00000000a4c00000, 0x00000000a4c00000| Untracked 
|  77|0x00000000a4d00000, 0x00000000a4d00000, 0x00000000a4e00000|  0%| F|  |TAMS 0x00000000a4d00000, 0x00000000a4d00000| Untracked 
|  78|0x00000000a4e00000, 0x00000000a4e00000, 0x00000000a4f00000|  0%| F|  |TAMS 0x00000000a4e00000, 0x00000000a4e00000| Untracked 
|  79|0x00000000a4f00000, 0x00000000a4f00000, 0x00000000a5000000|  0%| F|  |TAMS 0x00000000a4f00000, 0x00000000a4f00000| Untracked 
|  80|0x00000000a5000000, 0x00000000a5000000, 0x00000000a5100000|  0%| F|  |TAMS 0x00000000a5000000, 0x00000000a5000000| Untracked 
|  81|0x00000000a5100000, 0x00000000a5100000, 0x00000000a5200000|  0%| F|  |TAMS 0x00000000a5100000, 0x00000000a5100000| Untracked 
|  82|0x00000000a5200000, 0x00000000a5200000, 0x00000000a5300000|  0%| F|  |TAMS 0x00000000a5200000, 0x00000000a5200000| Untracked 
|  83|0x00000000a5300000, 0x00000000a5300000, 0x00000000a5400000|  0%| F|  |TAMS 0x00000000a5300000, 0x00000000a5300000| Untracked 
|  84|0x00000000a5400000, 0x00000000a5400000, 0x00000000a5500000|  0%| F|  |TAMS 0x00000000a5400000, 0x00000000a5400000| Untracked 
|  85|0x00000000a5500000, 0x00000000a5500000, 0x00000000a5600000|  0%| F|  |TAMS 0x00000000a5500000, 0x00000000a5500000| Untracked 
|  86|0x00000000a5600000, 0x00000000a5600000, 0x00000000a5700000|  0%| F|  |TAMS 0x00000000a5600000, 0x00000000a5600000| Untracked 
|  87|0x00000000a5700000, 0x00000000a5700000, 0x00000000a5800000|  0%| F|  |TAMS 0x00000000a5700000, 0x00000000a5700000| Untracked 
|  88|0x00000000a5800000, 0x00000000a5800000, 0x00000000a5900000|  0%| F|  |TAMS 0x00000000a5800000, 0x00000000a5800000| Untracked 
|  89|0x00000000a5900000, 0x00000000a5900000, 0x00000000a5a00000|  0%| F|  |TAMS 0x00000000a5900000, 0x00000000a5900000| Untracked 
|  90|0x00000000a5a00000, 0x00000000a5a00000, 0x00000000a5b00000|  0%| F|  |TAMS 0x00000000a5a00000, 0x00000000a5a00000| Untracked 
|  91|0x00000000a5b00000, 0x00000000a5b00000, 0x00000000a5c00000|  0%| F|  |TAMS 0x00000000a5b00000, 0x00000000a5b00000| Untracked 
|  92|0x00000000a5c00000, 0x00000000a5c00000, 0x00000000a5d00000|  0%| F|  |TAMS 0x00000000a5c00000, 0x00000000a5c00000| Untracked 
|  93|0x00000000a5d00000, 0x00000000a5d00000, 0x00000000a5e00000|  0%| F|  |TAMS 0x00000000a5d00000, 0x00000000a5d00000| Untracked 
|  94|0x00000000a5e00000, 0x00000000a5e00000, 0x00000000a5f00000|  0%| F|  |TAMS 0x00000000a5e00000, 0x00000000a5e00000| Untracked 
|  95|0x00000000a5f00000, 0x00000000a5f00000, 0x00000000a6000000|  0%| F|  |TAMS 0x00000000a5f00000, 0x00000000a5f00000| Untracked 
|  96|0x00000000a6000000, 0x00000000a60e0ee0, 0x00000000a6100000| 87%| S|CS|TAMS 0x00000000a6000000, 0x00000000a6000000| Complete 
|  97|0x00000000a6100000, 0x00000000a6200000, 0x00000000a6200000|100%| S|CS|TAMS 0x00000000a6100000, 0x00000000a6100000| Complete 
|  98|0x00000000a6200000, 0x00000000a6300000, 0x00000000a6300000|100%| S|CS|TAMS 0x00000000a6200000, 0x00000000a6200000| Complete 
|  99|0x00000000a6300000, 0x00000000a6300000, 0x00000000a6400000|  0%| F|  |TAMS 0x00000000a6300000, 0x00000000a6300000| Untracked 
| 100|0x00000000a6400000, 0x00000000a6500000, 0x00000000a6500000|100%| S|CS|TAMS 0x00000000a6400000, 0x00000000a6400000| Complete 
| 101|0x00000000a6500000, 0x00000000a6600000, 0x00000000a6600000|100%| S|CS|TAMS 0x00000000a6500000, 0x00000000a6500000| Complete 
| 102|0x00000000a6600000, 0x00000000a6600000, 0x00000000a6700000|  0%| F|  |TAMS 0x00000000a6600000, 0x00000000a6600000| Untracked 
| 103|0x00000000a6700000, 0x00000000a6700000, 0x00000000a6800000|  0%| F|  |TAMS 0x00000000a6700000, 0x00000000a6700000| Untracked 
| 104|0x00000000a6800000, 0x00000000a6800000, 0x00000000a6900000|  0%| F|  |TAMS 0x00000000a6800000, 0x00000000a6800000| Untracked 
| 105|0x00000000a6900000, 0x00000000a6900000, 0x00000000a6a00000|  0%| F|  |TAMS 0x00000000a6900000, 0x00000000a6900000| Untracked 
| 106|0x00000000a6a00000, 0x00000000a6a00000, 0x00000000a6b00000|  0%| F|  |TAMS 0x00000000a6a00000, 0x00000000a6a00000| Untracked 
| 107|0x00000000a6b00000, 0x00000000a6b00000, 0x00000000a6c00000|  0%| F|  |TAMS 0x00000000a6b00000, 0x00000000a6b00000| Untracked 
| 108|0x00000000a6c00000, 0x00000000a6c00000, 0x00000000a6d00000|  0%| F|  |TAMS 0x00000000a6c00000, 0x00000000a6c00000| Untracked 
| 109|0x00000000a6d00000, 0x00000000a6d00000, 0x00000000a6e00000|  0%| F|  |TAMS 0x00000000a6d00000, 0x00000000a6d00000| Untracked 
| 110|0x00000000a6e00000, 0x00000000a6e00000, 0x00000000a6f00000|  0%| F|  |TAMS 0x00000000a6e00000, 0x00000000a6e00000| Untracked 
| 111|0x00000000a6f00000, 0x00000000a6f00000, 0x00000000a7000000|  0%| F|  |TAMS 0x00000000a6f00000, 0x00000000a6f00000| Untracked 
| 112|0x00000000a7000000, 0x00000000a7000000, 0x00000000a7100000|  0%| F|  |TAMS 0x00000000a7000000, 0x00000000a7000000| Untracked 
| 113|0x00000000a7100000, 0x00000000a7100000, 0x00000000a7200000|  0%| F|  |TAMS 0x00000000a7100000, 0x00000000a7100000| Untracked 
| 114|0x00000000a7200000, 0x00000000a7200000, 0x00000000a7300000|  0%| F|  |TAMS 0x00000000a7200000, 0x00000000a7200000| Untracked 
| 115|0x00000000a7300000, 0x00000000a7300000, 0x00000000a7400000|  0%| F|  |TAMS 0x00000000a7300000, 0x00000000a7300000| Untracked 
| 116|0x00000000a7400000, 0x00000000a7400000, 0x00000000a7500000|  0%| F|  |TAMS 0x00000000a7400000, 0x00000000a7400000| Untracked 
| 117|0x00000000a7500000, 0x00000000a7500000, 0x00000000a7600000|  0%| F|  |TAMS 0x00000000a7500000, 0x00000000a7500000| Untracked 
| 118|0x00000000a7600000, 0x00000000a7600000, 0x00000000a7700000|  0%| F|  |TAMS 0x00000000a7600000, 0x00000000a7600000| Untracked 
| 119|0x00000000a7700000, 0x00000000a7700000, 0x00000000a7800000|  0%| F|  |TAMS 0x00000000a7700000, 0x00000000a7700000| Untracked 
| 120|0x00000000a7800000, 0x00000000a7800000, 0x00000000a7900000|  0%| F|  |TAMS 0x00000000a7800000, 0x00000000a7800000| Untracked 
| 121|0x00000000a7900000, 0x00000000a7900000, 0x00000000a7a00000|  0%| F|  |TAMS 0x00000000a7900000, 0x00000000a7900000| Untracked 
| 122|0x00000000a7a00000, 0x00000000a7a00000, 0x00000000a7b00000|  0%| F|  |TAMS 0x00000000a7a00000, 0x00000000a7a00000| Untracked 
| 123|0x00000000a7b00000, 0x00000000a7b00000, 0x00000000a7c00000|  0%| F|  |TAMS 0x00000000a7b00000, 0x00000000a7b00000| Untracked 
| 124|0x00000000a7c00000, 0x00000000a7c00000, 0x00000000a7d00000|  0%| F|  |TAMS 0x00000000a7c00000, 0x00000000a7c00000| Untracked 
| 125|0x00000000a7d00000, 0x00000000a7d00000, 0x00000000a7e00000|  0%| F|  |TAMS 0x00000000a7d00000, 0x00000000a7d00000| Untracked 
| 126|0x00000000a7e00000, 0x00000000a7e00000, 0x00000000a7f00000|  0%| F|  |TAMS 0x00000000a7e00000, 0x00000000a7e00000| Untracked 
| 127|0x00000000a7f00000, 0x00000000a7f00000, 0x00000000a8000000|  0%| F|  |TAMS 0x00000000a7f00000, 0x00000000a7f00000| Untracked 
| 128|0x00000000a8000000, 0x00000000a8100000, 0x00000000a8100000|100%| E|  |TAMS 0x00000000a8000000, 0x00000000a8000000| Complete 
| 129|0x00000000a8100000, 0x00000000a8200000, 0x00000000a8200000|100%| E|CS|TAMS 0x00000000a8100000, 0x00000000a8100000| Complete 
| 130|0x00000000a8200000, 0x00000000a8300000, 0x00000000a8300000|100%| E|CS|TAMS 0x00000000a8200000, 0x00000000a8200000| Complete 
| 131|0x00000000a8300000, 0x00000000a8400000, 0x00000000a8400000|100%| E|CS|TAMS 0x00000000a8300000, 0x00000000a8300000| Complete 
| 132|0x00000000a8400000, 0x00000000a8500000, 0x00000000a8500000|100%| E|CS|TAMS 0x00000000a8400000, 0x00000000a8400000| Complete 
| 133|0x00000000a8500000, 0x00000000a8600000, 0x00000000a8600000|100%| E|CS|TAMS 0x00000000a8500000, 0x00000000a8500000| Complete 
| 134|0x00000000a8600000, 0x00000000a8700000, 0x00000000a8700000|100%| E|CS|TAMS 0x00000000a8600000, 0x00000000a8600000| Complete 
| 135|0x00000000a8700000, 0x00000000a8800000, 0x00000000a8800000|100%| E|CS|TAMS 0x00000000a8700000, 0x00000000a8700000| Complete 
| 136|0x00000000a8800000, 0x00000000a8900000, 0x00000000a8900000|100%| E|CS|TAMS 0x00000000a8800000, 0x00000000a8800000| Complete 
| 137|0x00000000a8900000, 0x00000000a8a00000, 0x00000000a8a00000|100%| E|CS|TAMS 0x00000000a8900000, 0x00000000a8900000| Complete 
| 138|0x00000000a8a00000, 0x00000000a8b00000, 0x00000000a8b00000|100%| E|CS|TAMS 0x00000000a8a00000, 0x00000000a8a00000| Complete 
| 139|0x00000000a8b00000, 0x00000000a8c00000, 0x00000000a8c00000|100%| E|CS|TAMS 0x00000000a8b00000, 0x00000000a8b00000| Complete 
| 140|0x00000000a8c00000, 0x00000000a8d00000, 0x00000000a8d00000|100%| E|CS|TAMS 0x00000000a8c00000, 0x00000000a8c00000| Complete 
| 141|0x00000000a8d00000, 0x00000000a8e00000, 0x00000000a8e00000|100%| E|CS|TAMS 0x00000000a8d00000, 0x00000000a8d00000| Complete 
| 142|0x00000000a8e00000, 0x00000000a8f00000, 0x00000000a8f00000|100%| E|CS|TAMS 0x00000000a8e00000, 0x00000000a8e00000| Complete 
| 143|0x00000000a8f00000, 0x00000000a9000000, 0x00000000a9000000|100%| E|CS|TAMS 0x00000000a8f00000, 0x00000000a8f00000| Complete 
| 144|0x00000000a9000000, 0x00000000a9100000, 0x00000000a9100000|100%| E|CS|TAMS 0x00000000a9000000, 0x00000000a9000000| Complete 
| 145|0x00000000a9100000, 0x00000000a9200000, 0x00000000a9200000|100%| E|CS|TAMS 0x00000000a9100000, 0x00000000a9100000| Complete 
| 146|0x00000000a9200000, 0x00000000a9300000, 0x00000000a9300000|100%| E|CS|TAMS 0x00000000a9200000, 0x00000000a9200000| Complete 
| 147|0x00000000a9300000, 0x00000000a9400000, 0x00000000a9400000|100%| E|CS|TAMS 0x00000000a9300000, 0x00000000a9300000| Complete 
| 148|0x00000000a9400000, 0x00000000a9500000, 0x00000000a9500000|100%| E|CS|TAMS 0x00000000a9400000, 0x00000000a9400000| Complete 
| 149|0x00000000a9500000, 0x00000000a9600000, 0x00000000a9600000|100%| E|CS|TAMS 0x00000000a9500000, 0x00000000a9500000| Complete 
| 150|0x00000000a9600000, 0x00000000a9700000, 0x00000000a9700000|100%| E|CS|TAMS 0x00000000a9600000, 0x00000000a9600000| Complete 
| 151|0x00000000a9700000, 0x00000000a9800000, 0x00000000a9800000|100%| E|CS|TAMS 0x00000000a9700000, 0x00000000a9700000| Complete 

Card table byte_map: [0x0000017ce78f0000,0x0000017ce7bf0000] _byte_map_base: 0x0000017ce73f0000

Marking Bits (Prev, Next): (CMBitMap*) 0x0000017ccf6fbdd0, (CMBitMap*) 0x0000017ccf6fbd98
 Prev Bits: [0x0000017ce96f0000, 0x0000017ceaef0000)
 Next Bits: [0x0000017ce7ef0000, 0x0000017ce96f0000)

Polling page: 0x0000017ccde70000

Metaspace:

Usage:
  Non-class:     58.55 MB capacity,    57.37 MB ( 98%) used,     1.01 MB (  2%) free+waste,   172.25 KB ( <1%) overhead. 
      Class:      9.08 MB capacity,     8.44 MB ( 93%) used,   572.49 KB (  6%) free+waste,    81.31 KB ( <1%) overhead. 
       Both:     67.62 MB capacity,    65.81 MB ( 97%) used,     1.57 MB (  2%) free+waste,   253.56 KB ( <1%) overhead. 

Virtual space:
  Non-class space:       60.00 MB reserved,      58.70 MB ( 98%) committed 
      Class space:        1.00 GB reserved,       9.13 MB ( <1%) committed 
             Both:        1.06 GB reserved,      67.82 MB (  6%) committed 

Chunk freelists:
   Non-Class:  3.63 KB
       Class:  2.13 KB
        Both:  5.75 KB

CodeHeap 'non-profiled nmethods': size=120000Kb used=4134Kb max_used=4134Kb free=115865Kb
 bounds [0x0000017cdf660000, 0x0000017cdfa70000, 0x0000017ce6b90000]
CodeHeap 'profiled nmethods': size=120000Kb used=14318Kb max_used=14318Kb free=105681Kb
 bounds [0x0000017cd8130000, 0x0000017cd8f30000, 0x0000017cdf660000]
CodeHeap 'non-nmethods': size=5760Kb used=2266Kb max_used=2310Kb free=3493Kb
 bounds [0x0000017cd7b90000, 0x0000017cd7e00000, 0x0000017cd8130000]
 total_blobs=7590 nmethods=6732 adapters=769
 compilation: enabled
              stopped_count=0, restarted_count=0
 full_count=0

Compilation events (10 events):
Event: 7.024 Thread 0x0000017ced9d4000 6732       3       org.gradle.api.internal.project.DefaultProject::getProjectPath (10 bytes)
Event: 7.025 Thread 0x0000017ced9d4000 nmethod 6732 0x0000017cd8f26d90 code [0x0000017cd8f26f40, 0x0000017cd8f27098]
Event: 7.027 Thread 0x0000017ced9d4000 6733       1       org.gradle.api.internal.DefaultNamedDomainObjectCollection$AbstractNamedDomainObjectProvider::getType (5 bytes)
Event: 7.028 Thread 0x0000017ced9d4000 nmethod 6733 0x0000017cdfa69210 code [0x0000017cdfa693a0, 0x0000017cdfa69458]
Event: 7.031 Thread 0x0000017ced9d4000 6734       3       org.gradle.api.internal.DefaultDomainObjectCollection::withMutationDisabled (11 bytes)
Event: 7.031 Thread 0x0000017ced9d4000 nmethod 6734 0x0000017cd8f27190 code [0x0000017cd8f27340, 0x0000017cd8f275b8]
Event: 7.063 Thread 0x0000017ced9d4000 6735       3       org.gradle.api.internal.tasks.DefaultTaskContainer_Decorated::getEventRegister (39 bytes)
Event: 7.063 Thread 0x0000017ced9d4000 nmethod 6735 0x0000017cd8f27690 code [0x0000017cd8f278a0, 0x0000017cd8f28028]
Event: 7.064 Thread 0x0000017ced9d4000 6736       1       org.gradle.api.internal.project.DefaultProject::getGradle (5 bytes)
Event: 7.064 Thread 0x0000017ced9d4000 nmethod 6736 0x0000017cdfa69510 code [0x0000017cdfa696a0, 0x0000017cdfa69758]

GC Heap History (10 events):
Event: 4.058 GC heap before
{Heap before GC invocations=12 (full 0):
 garbage-first heap   total 129024K, used 97753K [0x00000000a0000000, 0x0000000100000000)
  region size 1024K, 51 young (52224K), 6 survivors (6144K)
 Metaspace       used 46940K, capacity 48230K, committed 48460K, reserved 1091584K
  class space    used 6019K, capacity 6477K, committed 6528K, reserved 1048576K
}
Event: 4.065 GC heap after
{Heap after GC invocations=13 (full 0):
 garbage-first heap   total 155648K, used 54482K [0x00000000a0000000, 0x0000000100000000)
  region size 1024K, 3 young (3072K), 3 survivors (3072K)
 Metaspace       used 46940K, capacity 48230K, committed 48460K, reserved 1091584K
  class space    used 6019K, capacity 6477K, committed 6528K, reserved 1048576K
}
Event: 4.673 GC heap before
{Heap before GC invocations=13 (full 0):
 garbage-first heap   total 155648K, used 118994K [0x00000000a0000000, 0x0000000100000000)
  region size 1024K, 63 young (64512K), 3 survivors (3072K)
 Metaspace       used 50164K, capacity 51711K, committed 52044K, reserved 1093632K
  class space    used 6441K, capacity 6944K, committed 7040K, reserved 1048576K
}
Event: 4.681 GC heap after
{Heap after GC invocations=14 (full 0):
 garbage-first heap   total 155648K, used 65799K [0x00000000a0000000, 0x0000000100000000)
  region size 1024K, 8 young (8192K), 8 survivors (8192K)
 Metaspace       used 50164K, capacity 51711K, committed 52044K, reserved 1093632K
  class space    used 6441K, capacity 6944K, committed 7040K, reserved 1048576K
}
Event: 5.244 GC heap before
{Heap before GC invocations=14 (full 0):
 garbage-first heap   total 155648K, used 120071K [0x00000000a0000000, 0x0000000100000000)
  region size 1024K, 61 young (62464K), 8 survivors (8192K)
 Metaspace       used 57744K, capacity 59488K, committed 59724K, reserved 1101824K
  class space    used 7366K, capacity 7976K, committed 8064K, reserved 1048576K
}
Event: 5.253 GC heap after
{Heap after GC invocations=15 (full 0):
 garbage-first heap   total 155648K, used 68136K [0x00000000a0000000, 0x0000000100000000)
  region size 1024K, 3 young (3072K), 3 survivors (3072K)
 Metaspace       used 57744K, capacity 59488K, committed 59724K, reserved 1101824K
  class space    used 7366K, capacity 7976K, committed 8064K, reserved 1048576K
}
Event: 5.746 GC heap before
{Heap before GC invocations=15 (full 0):
 garbage-first heap   total 155648K, used 120360K [0x00000000a0000000, 0x0000000100000000)
  region size 1024K, 55 young (56320K), 3 survivors (3072K)
 Metaspace       used 63799K, capacity 65602K, committed 65868K, reserved 1105920K
  class space    used 8123K, capacity 8749K, committed 8832K, reserved 1048576K
}
Event: 5.752 GC heap after
{Heap after GC invocations=16 (full 0):
 garbage-first heap   total 155648K, used 72219K [0x00000000a0000000, 0x0000000100000000)
  region size 1024K, 7 young (7168K), 7 survivors (7168K)
 Metaspace       used 63799K, capacity 65602K, committed 65868K, reserved 1105920K
  class space    used 8123K, capacity 8749K, committed 8832K, reserved 1048576K
}
Event: 6.688 GC heap before
{Heap before GC invocations=16 (full 0):
 garbage-first heap   total 155648K, used 124443K [0x00000000a0000000, 0x0000000100000000)
  region size 1024K, 57 young (58368K), 7 survivors (7168K)
 Metaspace       used 65005K, capacity 66815K, committed 67020K, reserved 1107968K
  class space    used 8286K, capacity 8957K, committed 8960K, reserved 1048576K
}
Event: 6.697 GC heap after
{Heap after GC invocations=17 (full 0):
 garbage-first heap   total 155648K, used 77037K [0x00000000a0000000, 0x0000000100000000)
  region size 1024K, 5 young (5120K), 5 survivors (5120K)
 Metaspace       used 65005K, capacity 66815K, committed 67020K, reserved 1107968K
  class space    used 8286K, capacity 8957K, committed 8960K, reserved 1048576K
}

Deoptimization events (10 events):
Event: 6.000 Thread 0x0000017cf12c4800 Uncommon trap: reason=unstable_if action=reinterpret pc=0x0000017cdf6f1aa0 method=java.lang.StringLatin1.canEncode(I)Z @ 4 c2
Event: 6.000 Thread 0x0000017cf12c4800 Uncommon trap: reason=unstable_if action=reinterpret pc=0x0000017cdf68ba94 method=java.lang.AbstractStringBuilder.isLatin1()Z @ 10 c2
Event: 6.001 Thread 0x0000017cf12c4800 Uncommon trap: reason=unstable_if action=reinterpret pc=0x0000017cdf693b14 method=java.lang.AbstractStringBuilder.putStringAt(ILjava/lang/String;)V @ 8 c2
Event: 6.001 Thread 0x0000017cf12c4800 Uncommon trap: reason=unstable_if action=reinterpret pc=0x0000017cdf69336c method=java.lang.String.getBytes([BIB)V @ 5 c2
Event: 6.275 Thread 0x0000017cf12c4800 Uncommon trap: reason=unstable_if action=reinterpret pc=0x0000017cdf812e80 method=java.util.StringJoiner.add(Ljava/lang/CharSequence;)Ljava/util/StringJoiner; @ 33 c2
Event: 6.409 Thread 0x0000017cf12c4800 Uncommon trap: reason=unstable_if action=reinterpret pc=0x0000017cdf940cb8 method=groovy.lang.MetaClassImpl.filterPropertyMethod(Ljava/lang/Object;ZZ)Ljava/lang/Object; @ 60 c2
Event: 6.453 Thread 0x0000017cf12c4800 Uncommon trap: reason=null_check action=make_not_entrant pc=0x0000017cdf8dbd68 method=com.sun.beans.introspect.MethodInfo$MethodOrder.compare(Ljava/lang/reflect/Method;Ljava/lang/reflect/Method;)I @ 133 c2
Event: 6.453 Thread 0x0000017cf12c4800 Uncommon trap: reason=null_check action=make_not_entrant pc=0x0000017cdf8d91f8 method=com.sun.beans.introspect.MethodInfo$MethodOrder.compare(Ljava/lang/reflect/Method;Ljava/lang/reflect/Method;)I @ 133 c2
Event: 6.464 Thread 0x0000017cf12c4800 Uncommon trap: reason=unstable_if action=reinterpret pc=0x0000017cdf910054 method=java.io.WinNTFileSystem.prefixLength(Ljava/lang/String;)I @ 42 c2
Event: 6.590 Thread 0x0000017cf12c4800 Uncommon trap: reason=null_check action=make_not_entrant pc=0x0000017cdfa35394 method=com.sun.beans.introspect.MethodInfo$MethodOrder.compare(Ljava/lang/reflect/Method;Ljava/lang/reflect/Method;)I @ 145 c2

Classes redefined (0 events):
No events

Internal exceptions (10 events):
Event: 6.731 Thread 0x0000017cf12c4800 Exception <a 'java/lang/ClassNotFoundException'{0x00000000a94aa698}: com/android/build/gradle/internal/api/VariantFilterBeanInfo> (0x00000000a94aa698) thrown at [./open/src/hotspot/share/classfile/systemDictionary.cpp, line 228]
Event: 6.731 Thread 0x0000017cf12c4800 Exception <a 'java/lang/ClassNotFoundException'{0x00000000a94c3650}: com/android/build/gradle/internal/api/VariantFilterCustomizer> (0x00000000a94c3650) thrown at [./open/src/hotspot/share/classfile/systemDictionary.cpp, line 228]
Event: 6.735 Thread 0x0000017cf12c4800 Exception <a 'java/lang/ClassNotFoundException'{0x00000000a931c710}: com/android/build/gradle/internal/api/ReadOnlyBuildTypeBeanInfo> (0x00000000a931c710) thrown at [./open/src/hotspot/share/classfile/systemDictionary.cpp, line 228]
Event: 6.735 Thread 0x0000017cf12c4800 Exception <a 'java/lang/ClassNotFoundException'{0x00000000a9335908}: com/android/build/gradle/internal/api/ReadOnlyBaseConfigBeanInfo> (0x00000000a9335908) thrown at [./open/src/hotspot/share/classfile/systemDictionary.cpp, line 228]
Event: 6.736 Thread 0x0000017cf12c4800 Exception <a 'java/lang/ClassNotFoundException'{0x00000000a934f2f0}: com/android/build/gradle/internal/api/ReadOnlyBaseConfigCustomizer> (0x00000000a934f2f0) thrown at [./open/src/hotspot/share/classfile/systemDictionary.cpp, line 228]
Event: 6.737 Thread 0x0000017cf12c4800 Exception <a 'java/lang/ClassNotFoundException'{0x00000000a9378c28}: com/android/build/gradle/internal/api/ReadOnlyBuildTypeCustomizer> (0x00000000a9378c28) thrown at [./open/src/hotspot/share/classfile/systemDictionary.cpp, line 228]
Event: 6.953 Thread 0x0000017cf12c4800 Exception <a 'java/lang/ClassNotFoundException'{0x00000000a86c4430}: com/android/build/gradle/internal/api/ImmutableFlavorListBeanInfo> (0x00000000a86c4430) thrown at [./open/src/hotspot/share/classfile/systemDictionary.cpp, line 228]
Event: 6.953 Thread 0x0000017cf12c4800 Exception <a 'java/lang/ClassNotFoundException'{0x00000000a86de5d0}: com/android/build/gradle/internal/api/ImmutableFlavorListCustomizer> (0x00000000a86de5d0) thrown at [./open/src/hotspot/share/classfile/systemDictionary.cpp, line 228]
Event: 6.958 Thread 0x0000017cf12c4800 Exception <a 'java/lang/ClassNotFoundException'{0x00000000a853e6c0}: com/android/build/gradle/internal/api/ReadOnlyProductFlavorBeanInfo> (0x00000000a853e6c0) thrown at [./open/src/hotspot/share/classfile/systemDictionary.cpp, line 228]
Event: 6.958 Thread 0x0000017cf12c4800 Exception <a 'java/lang/ClassNotFoundException'{0x00000000a85588f8}: com/android/build/gradle/internal/api/ReadOnlyProductFlavorCustomizer> (0x00000000a85588f8) thrown at [./open/src/hotspot/share/classfile/systemDictionary.cpp, line 228]

Events (10 events):
Event: 7.072 loading class android/databinding/tool/LayoutXmlProcessor$OriginalFileLookup
Event: 7.072 loading class android/databinding/tool/LayoutXmlProcessor$OriginalFileLookup done
Event: 7.072 loading class com/android/build/gradle/tasks/MergeResources$1
Event: 7.072 loading class com/android/build/gradle/tasks/MergeResources$1 done
Event: 7.072 loading class com/android/ide/common/resources/SingleFileProcessor
Event: 7.072 loading class com/android/ide/common/resources/SingleFileProcessor done
Event: 7.072 loading class com/android/ide/common/resources/ResourceCompilationService
Event: 7.072 loading class com/android/ide/common/resources/ResourceCompilationService done
Event: 7.073 loading class com/android/ide/common/resources/ResourceSet
Event: 7.073 loading class com/android/ide/common/resources/ResourceSet done


Dynamic libraries:
0x00007ff7ff410000 - 0x00007ff7ff41f000 	C:\Program Files\Java\jdk-11.0.12\bin\java.exe
0x00007ff939a70000 - 0x00007ff939c65000 	C:\WINDOWS\SYSTEM32\ntdll.dll
0x00007ff937ed0000 - 0x00007ff937f8e000 	C:\WINDOWS\System32\KERNEL32.DLL
0x00007ff9376c0000 - 0x00007ff937988000 	C:\WINDOWS\System32\KERNELBASE.dll
0x00007ff937990000 - 0x00007ff937a90000 	C:\WINDOWS\System32\ucrtbase.dll
0x00007ff92fd60000 - 0x00007ff92fd75000 	C:\Program Files\Java\jdk-11.0.12\bin\VCRUNTIME140.dll
0x00007ff92fd30000 - 0x00007ff92fd48000 	C:\Program Files\Java\jdk-11.0.12\bin\jli.dll
0x00007ff938330000 - 0x00007ff9383dc000 	C:\WINDOWS\System32\ADVAPI32.dll
0x00007ff938f30000 - 0x00007ff938fce000 	C:\WINDOWS\System32\msvcrt.dll
0x00007ff9380d0000 - 0x00007ff93816b000 	C:\WINDOWS\System32\sechost.dll
0x00007ff9383f0000 - 0x00007ff93851a000 	C:\WINDOWS\System32\RPCRT4.dll
0x00007ff938900000 - 0x00007ff938aa1000 	C:\WINDOWS\System32\USER32.dll
0x00007ff937a90000 - 0x00007ff937ab2000 	C:\WINDOWS\System32\win32u.dll
0x00007ff9244e0000 - 0x00007ff92477a000 	C:\WINDOWS\WinSxS\amd64_microsoft.windows.common-controls_6595b64144ccf1df_6.0.19041.1110_none_60b5254171f9507e\COMCTL32.dll
0x00007ff9382a0000 - 0x00007ff9382cb000 	C:\WINDOWS\System32\GDI32.dll
0x00007ff9372d0000 - 0x00007ff9373db000 	C:\WINDOWS\System32\gdi32full.dll
0x00007ff9373e0000 - 0x00007ff93747d000 	C:\WINDOWS\System32\msvcp_win.dll
0x00007ff9304b0000 - 0x00007ff9304ba000 	C:\WINDOWS\SYSTEM32\VERSION.dll
0x00007ff937b20000 - 0x00007ff937b50000 	C:\WINDOWS\System32\IMM32.DLL
0x00007ff9024a0000 - 0x00007ff90253b000 	C:\Program Files\Java\jdk-11.0.12\bin\msvcp140.dll
0x00007ff8e5830000 - 0x00007ff8e632f000 	C:\Program Files\Java\jdk-11.0.12\bin\server\jvm.dll
0x00007ff9383e0000 - 0x00007ff9383e8000 	C:\WINDOWS\System32\PSAPI.DLL
0x00007ff9154f0000 - 0x00007ff915517000 	C:\WINDOWS\SYSTEM32\WINMM.dll
0x00007ff932c50000 - 0x00007ff932c59000 	C:\WINDOWS\SYSTEM32\WSOCK32.dll
0x00007ff938170000 - 0x00007ff9381db000 	C:\WINDOWS\System32\WS2_32.dll
0x00007ff935a10000 - 0x00007ff935a22000 	C:\WINDOWS\SYSTEM32\kernel.appcore.dll
0x00007ff932c80000 - 0x00007ff932c90000 	C:\Program Files\Java\jdk-11.0.12\bin\verify.dll
0x00007ff934f90000 - 0x00007ff935174000 	C:\WINDOWS\SYSTEM32\DBGHELP.DLL
0x00007ff920170000 - 0x00007ff92019c000 	C:\WINDOWS\SYSTEM32\dbgcore.DLL
0x00007ff937240000 - 0x00007ff9372c3000 	C:\WINDOWS\System32\bcryptPrimitives.dll
0x00007ff92fcf0000 - 0x00007ff92fd18000 	C:\Program Files\Java\jdk-11.0.12\bin\java.dll
0x00007ff92fce0000 - 0x00007ff92fcea000 	C:\Program Files\Java\jdk-11.0.12\bin\jimage.dll
0x00007ff92faf0000 - 0x00007ff92fb06000 	C:\Program Files\Java\jdk-11.0.12\bin\zip.dll
0x00007ff939240000 - 0x00007ff93997f000 	C:\WINDOWS\System32\SHELL32.dll
0x00007ff935270000 - 0x00007ff935a00000 	C:\WINDOWS\SYSTEM32\windows.storage.dll
0x00007ff937b50000 - 0x00007ff937ea5000 	C:\WINDOWS\System32\combase.dll
0x00007ff936be0000 - 0x00007ff936c0e000 	C:\WINDOWS\SYSTEM32\Wldp.dll
0x00007ff938fe0000 - 0x00007ff93908d000 	C:\WINDOWS\System32\SHCORE.dll
0x00007ff937ac0000 - 0x00007ff937b15000 	C:\WINDOWS\System32\shlwapi.dll
0x00007ff9370d0000 - 0x00007ff9370ef000 	C:\WINDOWS\SYSTEM32\profapi.dll
0x00007ff92fac0000 - 0x00007ff92fad9000 	C:\Program Files\Java\jdk-11.0.12\bin\net.dll
0x00007ff92f900000 - 0x00007ff92fa0c000 	C:\WINDOWS\SYSTEM32\WINHTTP.dll
0x00007ff936940000 - 0x00007ff9369aa000 	C:\WINDOWS\system32\mswsock.dll
0x00007ff92ab20000 - 0x00007ff92ab32000 	C:\Program Files\Java\jdk-11.0.12\bin\nio.dll
0x00007ff925640000 - 0x00007ff925667000 	C:\Users\devan\.gradle\native\8bec1ad78214c89d9ad589b4d07fe93259594b29d510b10fafb7a158f7737e5d\windows-amd64\native-platform.dll
0x00007ff9125e0000 - 0x00007ff91271d000 	C:\Users\devan\.gradle\native\53dbd7edfb1c66fb8903c78663c9afc45aea4f116125fa6feffd364cf09443e8\windows-amd64\native-platform-file-events.dll
0x00007ff92dc20000 - 0x00007ff92dc29000 	C:\Program Files\Java\jdk-11.0.12\bin\management.dll
0x00007ff92aac0000 - 0x00007ff92aacb000 	C:\Program Files\Java\jdk-11.0.12\bin\management_ext.dll
0x00007ff936b30000 - 0x00007ff936b48000 	C:\WINDOWS\SYSTEM32\CRYPTSP.dll
0x00007ff936250000 - 0x00007ff936284000 	C:\WINDOWS\system32\rsaenh.dll
0x00007ff937480000 - 0x00007ff9374a7000 	C:\WINDOWS\System32\bcrypt.dll
0x00007ff937090000 - 0x00007ff9370be000 	C:\WINDOWS\SYSTEM32\USERENV.dll
0x00007ff936b50000 - 0x00007ff936b5c000 	C:\WINDOWS\SYSTEM32\CRYPTBASE.dll
0x00007ff9365e0000 - 0x00007ff93661b000 	C:\WINDOWS\SYSTEM32\IPHLPAPI.DLL
0x00007ff9380c0000 - 0x00007ff9380c8000 	C:\WINDOWS\System32\NSI.dll
0x00007ff92e680000 - 0x00007ff92e697000 	C:\WINDOWS\SYSTEM32\dhcpcsvc6.DLL
0x00007ff92e660000 - 0x00007ff92e67d000 	C:\WINDOWS\SYSTEM32\dhcpcsvc.DLL
0x00007ff936630000 - 0x00007ff9366fb000 	C:\WINDOWS\SYSTEM32\DNSAPI.dll

dbghelp: loaded successfully - version: 4.0.5 - missing functions: none
symbol engine: initialized successfully - sym options: 0x614 - pdb path: .;C:\Program Files\Java\jdk-11.0.12\bin;C:\WINDOWS\SYSTEM32;C:\WINDOWS\WinSxS\amd64_microsoft.windows.common-controls_6595b64144ccf1df_6.0.19041.1110_none_60b5254171f9507e;C:\Program Files\Java\jdk-11.0.12\bin\server;C:\Users\devan\.gradle\native\8bec1ad78214c89d9ad589b4d07fe93259594b29d510b10fafb7a158f7737e5d\windows-amd64;C:\Users\devan\.gradle\native\53dbd7edfb1c66fb8903c78663c9afc45aea4f116125fa6feffd364cf09443e8\windows-amd64

VM Arguments:
jvm_args: --add-opens=java.base/java.util=ALL-UNNAMED --add-opens=java.base/java.lang=ALL-UNNAMED --add-opens=java.base/java.lang.invoke=ALL-UNNAMED --add-opens=java.base/java.util=ALL-UNNAMED --add-opens=java.prefs/java.util.prefs=ALL-UNNAMED --add-opens=java.prefs/java.util.prefs=ALL-UNNAMED --add-opens=java.base/java.nio.charset=ALL-UNNAMED --add-opens=java.base/java.net=ALL-UNNAMED --add-opens=java.base/java.util.concurrent.atomic=ALL-UNNAMED -Xmx1536m -Dfile.encoding=windows-1252 -Duser.country=IN -Duser.language=en -Duser.variant 
java_command: org.gradle.launcher.daemon.bootstrap.GradleDaemon 7.0.2
java_class_path (initial): C:\Users\devan\.gradle\wrapper\dists\gradle-7.0.2-bin\857tjihv64xamwrf0h14cai3r\gradle-7.0.2\lib\gradle-launcher-7.0.2.jar
Launcher Type: SUN_STANDARD

[Global flags]
     intx CICompilerCount                          = 4                                         {product} {ergonomic}
     uint ConcGCThreads                            = 2                                         {product} {ergonomic}
     uint G1ConcRefinementThreads                  = 8                                         {product} {ergonomic}
   size_t G1HeapRegionSize                         = 1048576                                   {product} {ergonomic}
    uintx GCDrainStackTargetSize                   = 64                                        {product} {ergonomic}
   size_t InitialHeapSize                          = 132120576                                 {product} {ergonomic}
   size_t MarkStackSize                            = 4194304                                   {product} {ergonomic}
   size_t MaxHeapSize                              = 1610612736                                {product} {command line}
   size_t MaxNewSize                               = 965738496                                 {product} {ergonomic}
   size_t MinHeapDeltaBytes                        = 1048576                                   {product} {ergonomic}
    uintx NonNMethodCodeHeapSize                   = 5836300                                {pd product} {ergonomic}
    uintx NonProfiledCodeHeapSize                  = 122910970                              {pd product} {ergonomic}
    uintx ProfiledCodeHeapSize                     = 122910970                              {pd product} {ergonomic}
    uintx ReservedCodeCacheSize                    = 251658240                              {pd product} {ergonomic}
     bool SegmentedCodeCache                       = true                                      {product} {ergonomic}
     bool UseCompressedClassPointers               = true                                 {lp64_product} {ergonomic}
     bool UseCompressedOops                        = true                                 {lp64_product} {ergonomic}
     bool UseG1GC                                  = true                                      {product} {ergonomic}
     bool UseLargePagesIndividualAllocation        = false                                  {pd product} {ergonomic}

Logging:
Log output configuration:
 #0: stdout all=warning uptime,level,tags
 #1: stderr all=off uptime,level,tags

Environment Variables:
JAVA_HOME=C:\Program Files\Java\jdk-11.0.12
PATH=C:\Program Files\Common Files\Oracle\Java\javapath;C:\Program Files (x86)\Common Files\Oracle\Java\javapath;C:\WINDOWS\system32;C:\WINDOWS;C:\WINDOWS\System32\Wbem;C:\WINDOWS\System32\WindowsPowerShell\v1.0\;C:\WINDOWS\System32\OpenSSH\;C:\Program Files\Java\jdk1.8.0_271\bin;C:\Program Files\Git\cmd;C:\Program Files\NVIDIA Corporation\NVIDIA NvDLISR;C:\Users\devan\AppData\Local\Microsoft\WindowsApps;C:\MinGW\bin
USERNAME=devan
OS=Windows_NT
PROCESSOR_IDENTIFIER=Intel64 Family 6 Model 165 Stepping 2, GenuineIntel



---------------  S Y S T E M  ---------------

OS: Windows 10 , 64 bit Build 19041 (10.0.19041.1320)

CPU:total 8 (initial active 8) (4 cores per cpu, 2 threads per core) family 6 model 165 stepping 2 microcode 0xea, cmov, cx8, fxsr, mmx, sse, sse2, sse3, ssse3, sse4.1, sse4.2, popcnt, avx, avx2, aes, clmul, erms, 3dnowpref, lzcnt, ht, tsc, tscinvbit, bmi1, bmi2, adx, fma

Memory: 4k page, system-wide physical 8059M (1317M free)
TotalPageFile size 11865M (AvailPageFile size 5M)
current process WorkingSet (physical memory assigned to process): 368M, peak: 368M
current process commit charge ("private bytes"): 415M, peak: 416M

vm_info: Java HotSpot(TM) 64-Bit Server VM (11.0.12+8-LTS-237) for windows-amd64 JRE (11.0.12+8-LTS-237), built on Jun  8 2021 11:25:59 by "mach5one" with MS VC++ 15.9 (VS2017)

END.
